<?xml version="1.0" encoding="UTF-8"?>
<coverage generated="1634652958160" clover="3.2.0">
  <project timestamp="1634652958161" name="All files">
    <metrics statements="1553" coveredstatements="1299" conditionals="511" coveredconditionals="357" methods="295" coveredmethods="235" elements="2359" coveredelements="1891" complexity="0" loc="1553" ncloc="1553" packages="1" files="18" classes="18"/>
    <file name="AuthenticationDetails.js" path="/Users/work/Code/heat-js/amazon-cognito-identity-js/src/AuthenticationDetails.js">
      <metrics statements="14" coveredstatements="14" conditionals="10" coveredconditionals="9" methods="7" coveredmethods="7"/>
      <line num="19" count="12" type="stmt"/>
      <line num="37" count="9" type="cond" truecount="1" falsecount="1"/>
      <line num="38" count="9" type="cond" truecount="2" falsecount="0"/>
      <line num="39" count="9" type="cond" truecount="2" falsecount="0"/>
      <line num="40" count="9" type="cond" truecount="2" falsecount="0"/>
      <line num="41" count="9" type="cond" truecount="2" falsecount="0"/>
      <line num="42" count="9" type="stmt"/>
      <line num="43" count="9" type="stmt"/>
      <line num="50" count="1" type="stmt"/>
      <line num="57" count="5" type="stmt"/>
      <line num="64" count="12" type="stmt"/>
      <line num="71" count="4" type="stmt"/>
      <line num="78" count="12" type="stmt"/>
      <line num="85" count="3" type="stmt"/>
    </file>
    <file name="AuthenticationHelper.js" path="/Users/work/Code/heat-js/amazon-cognito-identity-js/src/AuthenticationHelper.js">
      <metrics statements="100" coveredstatements="100" conditionals="24" coveredconditionals="22" methods="27" coveredmethods="27"/>
      <line num="18" count="12" type="stmt"/>
      <line num="19" count="12" type="stmt"/>
      <line num="20" count="12" type="stmt"/>
      <line num="21" count="12" type="stmt"/>
      <line num="22" count="12" type="stmt"/>
      <line num="23" count="12" type="stmt"/>
      <line num="33" count="55" type="stmt"/>
      <line num="36" count="12" type="stmt"/>
      <line num="41" count="12" type="stmt"/>
      <line num="44" count="12" type="stmt"/>
      <line num="61" count="12" type="stmt"/>
      <line num="64" count="12" type="stmt"/>
      <line num="70" count="27" type="stmt"/>
      <line num="71" count="27" type="stmt"/>
      <line num="72" count="27" type="stmt"/>
      <line num="77" count="27" type="stmt"/>
      <line num="78" count="27" type="stmt"/>
      <line num="80" count="27" type="stmt"/>
      <line num="82" count="27" type="stmt"/>
      <line num="89" count="1" type="stmt"/>
      <line num="97" count="28" type="cond" truecount="2" falsecount="0"/>
      <line num="98" count="6" type="stmt"/>
      <line num="100" count="22" type="stmt"/>
      <line num="101" count="22" type="cond" truecount="1" falsecount="0"/>
      <line num="102" count="1" type="stmt"/>
      <line num="105" count="22" type="stmt"/>
      <line num="106" count="22" type="stmt"/>
      <line num="118" count="30" type="stmt"/>
      <line num="120" count="30" type="stmt"/>
      <line num="124" count="30" type="stmt"/>
      <line num="133" count="16" type="stmt"/>
      <line num="140" count="11" type="stmt"/>
      <line num="147" count="8" type="stmt"/>
      <line num="154" count="10" type="stmt"/>
      <line num="165" count="9" type="stmt"/>
      <line num="166" count="9" type="stmt"/>
      <line num="167" count="9" type="stmt"/>
      <line num="169" count="9" type="stmt"/>
      <line num="172" count="9" type="stmt"/>
      <line num="174" count="9" type="stmt"/>
      <line num="178" count="9" type="cond" truecount="1" falsecount="0"/>
      <line num="179" count="1" type="stmt"/>
      <line num="182" count="9" type="stmt"/>
      <line num="183" count="8" type="stmt"/>
      <line num="197" count="24" type="stmt"/>
      <line num="198" count="24" type="cond" truecount="1" falsecount="0"/>
      <line num="199" count="1" type="stmt"/>
      <line num="202" count="24" type="cond" truecount="1" falsecount="0"/>
      <line num="203" count="1" type="stmt"/>
      <line num="206" count="23" type="stmt"/>
      <line num="218" count="4" type="stmt"/>
      <line num="219" count="4" type="stmt"/>
      <line num="221" count="4" type="stmt"/>
      <line num="232" count="56" type="cond" truecount="2" falsecount="0"/>
      <line num="233" count="56" type="stmt"/>
      <line num="235" count="56" type="stmt"/>
      <line num="245" count="44" type="stmt"/>
      <line num="256" count="2" type="stmt"/>
      <line num="263" count="2" type="cond" truecount="1" falsecount="1"/>
      <line num="265" count="2" type="cond" truecount="1" falsecount="1"/>
      <line num="267" count="2" type="stmt"/>
      <line num="268" count="2" type="stmt"/>
      <line num="269" count="2" type="stmt"/>
      <line num="288" count="4" type="cond" truecount="1" falsecount="0"/>
      <line num="289" count="1" type="stmt"/>
      <line num="292" count="3" type="stmt"/>
      <line num="294" count="3" type="cond" truecount="1" falsecount="0"/>
      <line num="295" count="1" type="stmt"/>
      <line num="298" count="2" type="stmt"/>
      <line num="299" count="2" type="stmt"/>
      <line num="301" count="2" type="stmt"/>
      <line num="305" count="2" type="stmt"/>
      <line num="306" count="2" type="cond" truecount="1" falsecount="0"/>
      <line num="307" count="1" type="stmt"/>
      <line num="310" count="2" type="stmt"/>
      <line num="315" count="1" type="stmt"/>
      <line num="327" count="4" type="stmt"/>
      <line num="328" count="4" type="cond" truecount="1" falsecount="0"/>
      <line num="329" count="1" type="stmt"/>
      <line num="332" count="4" type="stmt"/>
      <line num="333" count="3" type="stmt"/>
      <line num="337" count="3" type="cond" truecount="1" falsecount="0"/>
      <line num="338" count="1" type="stmt"/>
      <line num="340" count="3" type="stmt"/>
      <line num="351" count="5" type="stmt"/>
      <line num="381" count="600" type="cond" truecount="1" falsecount="0"/>
      <line num="382" count="2" type="stmt"/>
      <line num="385" count="598" type="stmt"/>
      <line num="388" count="598" type="stmt"/>
      <line num="391" count="598" type="cond" truecount="2" falsecount="0"/>
      <line num="394" count="598" type="cond" truecount="2" falsecount="0"/>
      <line num="396" count="598" type="cond" truecount="1" falsecount="0"/>
      <line num="398" count="256" type="stmt"/>
      <line num="401" count="770" type="stmt"/>
      <line num="402" count="770" type="stmt"/>
      <line num="407" count="256" type="stmt"/>
      <line num="411" count="256" type="stmt"/>
      <line num="421" count="256" type="cond" truecount="1" falsecount="0"/>
      <line num="422" count="1" type="stmt"/>
      <line num="426" count="598" type="stmt"/>
    </file>
    <file name="BigInteger.js" path="/Users/work/Code/heat-js/amazon-cognito-identity-js/src/BigInteger.js">
      <metrics statements="455" coveredstatements="407" conditionals="146" coveredconditionals="98" methods="41" coveredmethods="38"/>
      <line num="18" count="13" type="stmt"/>
      <line num="53" count="2673" type="cond" truecount="1" falsecount="0"/>
      <line num="58" count="1751" type="stmt"/>
      <line num="65" count="13" type="stmt"/>
      <line num="66" count="13" type="stmt"/>
      <line num="77" count="0" type="stmt"/>
      <line num="78" count="0" type="stmt"/>
      <line num="79" count="0" type="stmt"/>
      <line num="80" count="0" type="stmt"/>
      <line num="82" count="0" type="stmt"/>
      <line num="88" count="0" type="stmt"/>
      <line num="89" count="0" type="stmt"/>
      <line num="90" count="0" type="stmt"/>
      <line num="91" count="0" type="stmt"/>
      <line num="92" count="0" type="stmt"/>
      <line num="93" count="0" type="stmt"/>
      <line num="94" count="0" type="stmt"/>
      <line num="95" count="0" type="stmt"/>
      <line num="96" count="0" type="stmt"/>
      <line num="98" count="0" type="stmt"/>
      <line num="103" count="9851116" type="stmt"/>
      <line num="104" count="9851116" type="stmt"/>
      <line num="105" count="9851116" type="stmt"/>
      <line num="106" count="602264165" type="stmt"/>
      <line num="107" count="602264165" type="stmt"/>
      <line num="108" count="602264165" type="stmt"/>
      <line num="109" count="602264165" type="stmt"/>
      <line num="110" count="602264165" type="stmt"/>
      <line num="111" count="602264165" type="stmt"/>
      <line num="113" count="9851116" type="stmt"/>
      <line num="115" count="13" type="stmt"/>
      <line num="116" count="13" type="cond" truecount="4" falsecount="1"/>
      <line num="117" count="0" type="stmt"/>
      <line num="118" count="0" type="stmt"/>
      <line num="119" count="13" type="cond" truecount="4" falsecount="1"/>
      <line num="120" count="0" type="stmt"/>
      <line num="121" count="0" type="stmt"/>
      <line num="124" count="13" type="stmt"/>
      <line num="125" count="13" type="stmt"/>
      <line num="128" count="13" type="stmt"/>
      <line num="129" count="13" type="stmt"/>
      <line num="130" count="13" type="stmt"/>
      <line num="132" count="13" type="stmt"/>
      <line num="133" count="13" type="stmt"/>
      <line num="134" count="13" type="stmt"/>
      <line num="135" count="13" type="stmt"/>
      <line num="138" count="13" type="stmt"/>
      <line num="139" count="13" type="stmt"/>
      <line num="141" count="13" type="stmt"/>
      <line num="142" count="130" type="stmt"/>
      <line num="143" count="13" type="stmt"/>
      <line num="144" count="338" type="stmt"/>
      <line num="145" count="13" type="stmt"/>
      <line num="146" count="338" type="stmt"/>
      <line num="149" count="36038" type="stmt"/>
      <line num="152" count="32378" type="stmt"/>
      <line num="153" count="32378" type="cond" truecount="2" falsecount="0"/>
      <line num="158" count="7452" type="stmt"/>
      <line num="159" count="73" type="stmt"/>
      <line num="160" count="73" type="stmt"/>
      <line num="165" count="573" type="stmt"/>
      <line num="166" count="573" type="cond" truecount="2" falsecount="0"/>
      <line num="167" count="573" type="cond" truecount="2" falsecount="0"/>
      <line num="168" count="270" type="cond" truecount="2" falsecount="0"/>
      <line num="169" count="15" type="stmt"/>
      <line num="174" count="60" type="stmt"/>
      <line num="176" count="60" type="stmt"/>
      <line num="178" count="60" type="stmt"/>
      <line num="184" count="409" type="cond" truecount="1" falsecount="1"/>
      <line num="185" count="0" type="cond" truecount="0" falsecount="2"/>
      <line num="186" count="0" type="cond" truecount="0" falsecount="2"/>
      <line num="187" count="0" type="cond" truecount="0" falsecount="2"/>
      <line num="188" count="0" type="cond" truecount="0" falsecount="2"/>
      <line num="189" count="0" type="stmt"/>
      <line num="190" count="409" type="stmt"/>
      <line num="191" count="409" type="stmt"/>
      <line num="192" count="409" type="stmt"/>
      <line num="193" count="409" type="stmt"/>
      <line num="194" count="409" type="stmt"/>
      <line num="195" count="409" type="stmt"/>
      <line num="196" count="32378" type="stmt"/>
      <line num="197" count="32378" type="cond" truecount="1" falsecount="0"/>
      <line num="198" count="1" type="cond" truecount="1" falsecount="0"/>
      <line num="199" count="1" type="stmt"/>
      <line num="201" count="32377" type="stmt"/>
      <line num="202" count="32377" type="cond" truecount="2" falsecount="0"/>
      <line num="203" count="27511" type="cond" truecount="1" falsecount="1"/>
      <line num="204" count="0" type="stmt"/>
      <line num="205" count="0" type="stmt"/>
      <line num="206" count="27511" type="stmt"/>
      <line num="207" count="32377" type="stmt"/>
      <line num="208" count="32377" type="cond" truecount="1" falsecount="0"/>
      <line num="210" count="409" type="stmt"/>
      <line num="211" count="409" type="cond" truecount="1" falsecount="0"/>
      <line num="216" count="64332" type="stmt"/>
      <line num="217" count="64332" type="cond" truecount="2" falsecount="0"/>
      <line num="222" count="862" type="cond" truecount="1" falsecount="0"/>
      <line num="224" count="861" type="cond" truecount="2" falsecount="0"/>
      <line num="225" count="2" type="cond" truecount="1" falsecount="1"/>
      <line num="226" count="2" type="cond" truecount="1" falsecount="1"/>
      <line num="227" count="2" type="cond" truecount="1" falsecount="1"/>
      <line num="228" count="2" type="cond" truecount="1" falsecount="1"/>
      <line num="229" count="0" type="stmt"/>
      <line num="230" count="861" type="stmt"/>
      <line num="232" count="861" type="stmt"/>
      <line num="233" count="861" type="stmt"/>
      <line num="234" count="861" type="stmt"/>
      <line num="235" count="861" type="stmt"/>
      <line num="236" count="861" type="cond" truecount="1" falsecount="0"/>
      <line num="237" count="860" type="cond" truecount="1" falsecount="2"/>
      <line num="238" count="0" type="stmt"/>
      <line num="239" count="0" type="stmt"/>
      <line num="241" count="860" type="stmt"/>
      <line num="242" count="40012" type="cond" truecount="1" falsecount="1"/>
      <line num="243" count="0" type="stmt"/>
      <line num="244" count="0" type="stmt"/>
      <line num="246" count="40012" type="stmt"/>
      <line num="247" count="40012" type="cond" truecount="1" falsecount="0"/>
      <line num="248" count="5712" type="stmt"/>
      <line num="249" count="5712" type="stmt"/>
      <line num="252" count="40012" type="cond" truecount="1" falsecount="0"/>
      <line num="253" count="40012" type="cond" truecount="1" falsecount="0"/>
      <line num="256" count="861" type="cond" truecount="2" falsecount="0"/>
      <line num="261" count="259" type="stmt"/>
      <line num="263" count="259" type="stmt"/>
      <line num="265" count="259" type="stmt"/>
      <line num="270" count="37088" type="cond" truecount="2" falsecount="0"/>
      <line num="275" count="32243" type="stmt"/>
      <line num="276" count="32243" type="cond" truecount="1" falsecount="0"/>
      <line num="277" count="31987" type="stmt"/>
      <line num="278" count="31987" type="stmt"/>
      <line num="279" count="31987" type="cond" truecount="2" falsecount="1"/>
      <line num="280" count="31015" type="cond" truecount="1" falsecount="0"/>
      <line num="281" count="4" type="stmt"/>
      <line num="286" count="126" type="stmt"/>
      <line num="288" count="126" type="cond" truecount="1" falsecount="0"/>
      <line num="289" count="58" type="stmt"/>
      <line num="290" count="58" type="stmt"/>
      <line num="292" count="126" type="cond" truecount="1" falsecount="0"/>
      <line num="293" count="48" type="stmt"/>
      <line num="294" count="48" type="stmt"/>
      <line num="296" count="126" type="cond" truecount="1" falsecount="0"/>
      <line num="297" count="40" type="stmt"/>
      <line num="298" count="40" type="stmt"/>
      <line num="300" count="126" type="cond" truecount="1" falsecount="0"/>
      <line num="301" count="110" type="stmt"/>
      <line num="302" count="110" type="stmt"/>
      <line num="304" count="126" type="cond" truecount="1" falsecount="0"/>
      <line num="305" count="90" type="stmt"/>
      <line num="306" count="90" type="stmt"/>
      <line num="308" count="126" type="stmt"/>
      <line num="313" count="34" type="cond" truecount="0" falsecount="1"/>
      <line num="314" count="34" type="stmt"/>
      <line num="320" count="6700" type="stmt"/>
      <line num="321" count="10384" type="stmt"/>
      <line num="322" count="150" type="stmt"/>
      <line num="323" count="150" type="stmt"/>
      <line num="328" count="3470280" type="stmt"/>
      <line num="329" count="31555" type="stmt"/>
      <line num="330" count="31555" type="stmt"/>
      <line num="335" count="116" type="stmt"/>
      <line num="336" count="116" type="stmt"/>
      <line num="337" count="116" type="stmt"/>
      <line num="338" count="116" type="stmt"/>
      <line num="339" count="116" type="stmt"/>
      <line num="341" count="116" type="stmt"/>
      <line num="342" count="13022" type="stmt"/>
      <line num="343" count="13022" type="stmt"/>
      <line num="345" count="116" type="stmt"/>
      <line num="346" count="116" type="stmt"/>
      <line num="347" count="116" type="stmt"/>
      <line num="348" count="116" type="stmt"/>
      <line num="349" count="116" type="stmt"/>
      <line num="354" count="58" type="stmt"/>
      <line num="355" count="58" type="stmt"/>
      <line num="356" count="58" type="cond" truecount="0" falsecount="1"/>
      <line num="357" count="0" type="stmt"/>
      <line num="358" count="0" type="stmt"/>
      <line num="360" count="58" type="stmt"/>
      <line num="361" count="58" type="stmt"/>
      <line num="362" count="58" type="stmt"/>
      <line num="363" count="58" type="stmt"/>
      <line num="364" count="58" type="stmt"/>
      <line num="365" count="6258" type="stmt"/>
      <line num="366" count="6258" type="stmt"/>
      <line num="368" count="58" type="cond" truecount="1" falsecount="0"/>
      <line num="369" count="58" type="stmt"/>
      <line num="370" count="58" type="stmt"/>
      <line num="375" count="350" type="stmt"/>
      <line num="376" count="350" type="stmt"/>
      <line num="377" count="350" type="stmt"/>
      <line num="378" count="350" type="stmt"/>
      <line num="379" count="9576" type="stmt"/>
      <line num="380" count="9576" type="stmt"/>
      <line num="381" count="9576" type="stmt"/>
      <line num="383" count="350" type="cond" truecount="2" falsecount="0"/>
      <line num="384" count="58" type="stmt"/>
      <line num="385" count="58" type="stmt"/>
      <line num="386" count="58" type="stmt"/>
      <line num="387" count="58" type="stmt"/>
      <line num="388" count="58" type="stmt"/>
      <line num="390" count="58" type="stmt"/>
      <line num="392" count="292" type="stmt"/>
      <line num="393" count="292" type="stmt"/>
      <line num="394" count="716" type="stmt"/>
      <line num="395" count="716" type="stmt"/>
      <line num="396" count="716" type="stmt"/>
      <line num="398" count="292" type="stmt"/>
      <line num="400" count="350" type="cond" truecount="2" falsecount="0"/>
      <line num="401" count="350" type="cond" truecount="1" falsecount="1"/>
      <line num="402" count="350" type="cond" truecount="1" falsecount="0"/>
      <line num="403" count="350" type="stmt"/>
      <line num="404" count="350" type="stmt"/>
      <line num="410" count="4774" type="stmt"/>
      <line num="411" count="4774" type="stmt"/>
      <line num="412" count="4773" type="stmt"/>
      <line num="413" count="4773" type="stmt"/>
      <line num="414" count="522773" type="stmt"/>
      <line num="415" count="520960" type="stmt"/>
      <line num="416" count="4773" type="stmt"/>
      <line num="417" count="4773" type="stmt"/>
      <line num="418" count="4773" type="cond" truecount="0" falsecount="1"/>
      <line num="423" count="26754" type="stmt"/>
      <line num="424" count="26754" type="stmt"/>
      <line num="425" count="5885596" type="stmt"/>
      <line num="426" count="26754" type="stmt"/>
      <line num="427" count="2916044" type="stmt"/>
      <line num="428" count="2916044" type="cond" truecount="1" falsecount="0"/>
      <line num="432" count="76" type="stmt"/>
      <line num="433" count="76" type="stmt"/>
      <line num="436" count="26754" type="cond" truecount="1" falsecount="0"/>
      <line num="437" count="26754" type="stmt"/>
      <line num="438" count="26754" type="stmt"/>
      <line num="444" count="63" type="stmt"/>
      <line num="445" count="63" type="cond" truecount="0" falsecount="1"/>
      <line num="446" count="63" type="stmt"/>
      <line num="447" count="63" type="cond" truecount="1" falsecount="0"/>
      <line num="448" count="5" type="cond" truecount="0" falsecount="1"/>
      <line num="449" count="5" type="cond" truecount="1" falsecount="0"/>
      <line num="450" count="5" type="stmt"/>
      <line num="452" count="58" type="cond" truecount="0" falsecount="1"/>
      <line num="453" count="58" type="stmt"/>
      <line num="454" count="58" type="stmt"/>
      <line num="455" count="58" type="stmt"/>
      <line num="456" count="58" type="stmt"/>
      <line num="458" count="58" type="cond" truecount="1" falsecount="1"/>
      <line num="459" count="58" type="stmt"/>
      <line num="460" count="58" type="stmt"/>
      <line num="462" count="0" type="stmt"/>
      <line num="463" count="0" type="stmt"/>
      <line num="465" count="58" type="stmt"/>
      <line num="466" count="58" type="stmt"/>
      <line num="467" count="58" type="cond" truecount="0" falsecount="1"/>
      <line num="468" count="58" type="cond" truecount="1" falsecount="1"/>
      <line num="469" count="58" type="stmt"/>
      <line num="470" count="58" type="stmt"/>
      <line num="471" count="58" type="stmt"/>
      <line num="472" count="58" type="stmt"/>
      <line num="473" count="58" type="stmt"/>
      <line num="474" count="58" type="cond" truecount="1" falsecount="1"/>
      <line num="475" count="58" type="stmt"/>
      <line num="476" count="58" type="cond" truecount="0" falsecount="1"/>
      <line num="477" count="0" type="stmt"/>
      <line num="478" count="0" type="stmt"/>
      <line num="480" count="58" type="stmt"/>
      <line num="481" count="58" type="stmt"/>
      <line num="483" count="116" type="stmt"/>
      <line num="484" count="58" type="stmt"/>
      <line num="487" count="264" type="cond" truecount="1" falsecount="1"/>
      <line num="488" count="264" type="cond" truecount="0" falsecount="1"/>
      <line num="490" count="0" type="stmt"/>
      <line num="491" count="0" type="stmt"/>
      <line num="492" count="0" type="stmt"/>
      <line num="495" count="58" type="cond" truecount="0" falsecount="1"/>
      <line num="496" count="0" type="stmt"/>
      <line num="497" count="0" type="cond" truecount="0" falsecount="1"/>
      <line num="499" count="58" type="stmt"/>
      <line num="500" count="58" type="stmt"/>
      <line num="501" count="58" type="cond" truecount="1" falsecount="0"/>
      <line num="503" count="58" type="cond" truecount="0" falsecount="1"/>
      <line num="508" count="29" type="stmt"/>
      <line num="509" count="29" type="stmt"/>
      <line num="510" count="29" type="cond" truecount="1" falsecount="2"/>
      <line num="511" count="29" type="stmt"/>
      <line num="525" count="34" type="cond" truecount="0" falsecount="1"/>
      <line num="526" count="34" type="stmt"/>
      <line num="527" count="34" type="cond" truecount="0" falsecount="1"/>
      <line num="528" count="34" type="stmt"/>
      <line num="530" count="34" type="stmt"/>
      <line num="532" count="34" type="stmt"/>
      <line num="534" count="34" type="stmt"/>
      <line num="538" count="34" type="stmt"/>
      <line num="541" count="34" type="cond" truecount="1" falsecount="1"/>
      <line num="545" count="30" type="stmt"/>
      <line num="550" count="259" type="stmt"/>
      <line num="551" count="259" type="stmt"/>
      <line num="552" count="259" type="stmt"/>
      <line num="553" count="259" type="stmt"/>
      <line num="554" count="297" type="stmt"/>
      <line num="555" count="297" type="stmt"/>
      <line num="556" count="297" type="stmt"/>
      <line num="558" count="259" type="cond" truecount="2" falsecount="0"/>
      <line num="559" count="3" type="stmt"/>
      <line num="560" count="3" type="stmt"/>
      <line num="561" count="70" type="stmt"/>
      <line num="562" count="70" type="stmt"/>
      <line num="563" count="70" type="stmt"/>
      <line num="565" count="3" type="stmt"/>
      <line num="567" count="256" type="stmt"/>
      <line num="568" count="256" type="stmt"/>
      <line num="569" count="0" type="stmt"/>
      <line num="570" count="0" type="stmt"/>
      <line num="571" count="0" type="stmt"/>
      <line num="573" count="256" type="stmt"/>
      <line num="575" count="259" type="cond" truecount="1" falsecount="1"/>
      <line num="576" count="259" type="cond" truecount="1" falsecount="1"/>
      <line num="577" count="259" type="cond" truecount="0" falsecount="1"/>
      <line num="578" count="259" type="stmt"/>
      <line num="579" count="259" type="stmt"/>
      <line num="584" count="259" type="stmt"/>
      <line num="586" count="259" type="stmt"/>
      <line num="588" count="259" type="stmt"/>
      <line num="593" count="3" type="stmt"/>
      <line num="595" count="3" type="stmt"/>
      <line num="597" count="3" type="stmt"/>
      <line num="602" count="7" type="stmt"/>
      <line num="604" count="7" type="stmt"/>
      <line num="606" count="6" type="stmt"/>
      <line num="611" count="0" type="stmt"/>
      <line num="613" count="0" type="stmt"/>
      <line num="615" count="0" type="stmt"/>
      <line num="620" count="34" type="stmt"/>
      <line num="621" count="34" type="stmt"/>
      <line num="622" count="34" type="stmt"/>
      <line num="623" count="34" type="stmt"/>
      <line num="624" count="34" type="stmt"/>
      <line num="625" count="34" type="stmt"/>
      <line num="630" count="34" type="stmt"/>
      <line num="631" count="34" type="stmt"/>
      <line num="632" count="34" type="stmt"/>
      <line num="633" count="34" type="cond" truecount="3" falsecount="0"/>
      <line num="634" count="34" type="stmt"/>
      <line num="639" count="34" type="stmt"/>
      <line num="640" count="34" type="stmt"/>
      <line num="641" count="34" type="stmt"/>
      <line num="642" count="34" type="stmt"/>
      <line num="647" count="31555" type="stmt"/>
      <line num="649" count="42586" type="stmt"/>
      <line num="650" count="31555" type="stmt"/>
      <line num="652" count="3471050" type="stmt"/>
      <line num="654" count="3471050" type="stmt"/>
      <line num="658" count="3471050" type="stmt"/>
      <line num="659" count="3471050" type="stmt"/>
      <line num="661" count="3471050" type="stmt"/>
      <line num="662" count="6572" type="stmt"/>
      <line num="663" count="6572" type="stmt"/>
      <line num="666" count="31555" type="stmt"/>
      <line num="667" count="31555" type="stmt"/>
      <line num="668" count="31555" type="cond" truecount="1" falsecount="0"/>
      <line num="673" count="26754" type="stmt"/>
      <line num="675" count="26754" type="stmt"/>
      <line num="680" count="4767" type="stmt"/>
      <line num="682" count="4767" type="stmt"/>
      <line num="685" count="13" type="stmt"/>
      <line num="686" count="13" type="stmt"/>
      <line num="687" count="13" type="stmt"/>
      <line num="688" count="13" type="stmt"/>
      <line num="689" count="13" type="stmt"/>
      <line num="693" count="34" type="stmt"/>
      <line num="695" count="34" type="stmt"/>
      <line num="696" count="34" type="stmt"/>
      <line num="697" count="34" type="cond" truecount="1" falsecount="1"/>
      <line num="698" count="34" type="cond" truecount="1" falsecount="1"/>
      <line num="699" count="34" type="cond" truecount="2" falsecount="0"/>
      <line num="700" count="33" type="cond" truecount="1" falsecount="1"/>
      <line num="701" count="33" type="cond" truecount="2" falsecount="0"/>
      <line num="702" count="24" type="stmt"/>
      <line num="705" count="34" type="stmt"/>
      <line num="706" count="34" type="stmt"/>
      <line num="707" count="34" type="stmt"/>
      <line num="708" count="34" type="stmt"/>
      <line num="709" count="34" type="stmt"/>
      <line num="710" count="34" type="cond" truecount="1" falsecount="0"/>
      <line num="711" count="34" type="stmt"/>
      <line num="712" count="34" type="stmt"/>
      <line num="713" count="34" type="stmt"/>
      <line num="714" count="882" type="stmt"/>
      <line num="715" count="882" type="stmt"/>
      <line num="716" count="882" type="stmt"/>
      <line num="720" count="34" type="stmt"/>
      <line num="722" count="34" type="stmt"/>
      <line num="723" count="34" type="stmt"/>
      <line num="725" count="34" type="stmt"/>
      <line num="726" count="34" type="stmt"/>
      <line num="727" count="3919" type="cond" truecount="2" falsecount="0"/>
      <line num="729" count="710" type="stmt"/>
      <line num="730" count="710" type="cond" truecount="1" falsecount="0"/>
      <line num="733" count="3919" type="stmt"/>
      <line num="734" count="3919" type="stmt"/>
      <line num="735" count="3785" type="stmt"/>
      <line num="736" count="3785" type="stmt"/>
      <line num="738" count="3919" type="cond" truecount="1" falsecount="0"/>
      <line num="739" count="732" type="stmt"/>
      <line num="740" count="732" type="stmt"/>
      <line num="742" count="3919" type="cond" truecount="2" falsecount="0"/>
      <line num="744" count="34" type="stmt"/>
      <line num="745" count="34" type="stmt"/>
      <line num="747" count="3885" type="stmt"/>
      <line num="748" count="8840" type="stmt"/>
      <line num="749" count="8840" type="stmt"/>
      <line num="750" count="8840" type="stmt"/>
      <line num="752" count="3885" type="cond" truecount="2" falsecount="0"/>
      <line num="754" count="2393" type="stmt"/>
      <line num="755" count="2393" type="stmt"/>
      <line num="756" count="2393" type="stmt"/>
      <line num="758" count="3885" type="stmt"/>
      <line num="761" count="3919" type="cond" truecount="2" falsecount="0"/>
      <line num="762" count="7548" type="stmt"/>
      <line num="763" count="7548" type="stmt"/>
      <line num="764" count="7548" type="stmt"/>
      <line num="765" count="7548" type="stmt"/>
      <line num="766" count="7548" type="cond" truecount="1" falsecount="0"/>
      <line num="767" count="248" type="stmt"/>
      <line num="768" count="248" type="stmt"/>
      <line num="772" count="34" type="stmt"/>
      <line num="773" count="34" type="stmt"/>
      <line num="774" count="34" type="stmt"/>
      <line num="778" count="13" type="stmt"/>
      <line num="779" count="13" type="stmt"/>
      <line num="780" count="13" type="stmt"/>
      <line num="781" count="13" type="stmt"/>
      <line num="782" count="13" type="stmt"/>
      <line num="783" count="13" type="stmt"/>
      <line num="784" count="13" type="stmt"/>
      <line num="785" count="13" type="stmt"/>
      <line num="786" count="13" type="stmt"/>
      <line num="787" count="13" type="stmt"/>
      <line num="788" count="13" type="stmt"/>
      <line num="789" count="13" type="stmt"/>
      <line num="790" count="13" type="stmt"/>
      <line num="791" count="13" type="stmt"/>
      <line num="794" count="13" type="stmt"/>
      <line num="795" count="13" type="stmt"/>
      <line num="796" count="13" type="stmt"/>
      <line num="797" count="13" type="stmt"/>
      <line num="798" count="13" type="stmt"/>
      <line num="799" count="13" type="stmt"/>
      <line num="800" count="13" type="stmt"/>
      <line num="801" count="13" type="stmt"/>
      <line num="802" count="13" type="stmt"/>
      <line num="803" count="13" type="stmt"/>
      <line num="804" count="13" type="stmt"/>
      <line num="805" count="13" type="stmt"/>
      <line num="808" count="13" type="stmt"/>
      <line num="809" count="13" type="stmt"/>
    </file>
    <file name="Client.js" path="/Users/work/Code/heat-js/amazon-cognito-identity-js/src/Client.js">
      <metrics statements="78" coveredstatements="37" conditionals="37" coveredconditionals="18" methods="28" coveredmethods="11"/>
      <line num="1" count="12" type="stmt"/>
      <line num="3" count="12" type="stmt"/>
      <line num="7" count="1" type="stmt"/>
      <line num="8" count="1" type="stmt"/>
      <line num="9" count="1" type="stmt"/>
      <line num="10" count="1" type="stmt"/>
      <line num="15" count="12" type="stmt"/>
      <line num="23" count="8" type="cond" truecount="2" falsecount="0"/>
      <line num="24" count="8" type="cond" truecount="2" falsecount="0"/>
      <line num="25" count="8" type="cond" truecount="1" falsecount="1"/>
      <line num="36" count="4" type="stmt"/>
      <line num="37" count="4" type="stmt"/>
      <line num="38" count="4" type="cond" truecount="2" falsecount="0"/>
      <line num="39" count="1" type="stmt"/>
      <line num="43" count="3" type="stmt"/>
      <line num="50" count="0" type="stmt"/>
      <line num="52" count="0" type="stmt"/>
      <line num="53" count="0" type="stmt"/>
      <line num="54" count="0" type="cond" truecount="0" falsecount="2"/>
      <line num="55" count="0" type="stmt"/>
      <line num="57" count="0" type="stmt"/>
      <line num="61" count="0" type="stmt"/>
      <line num="62" count="0" type="stmt"/>
      <line num="74" count="24" type="stmt"/>
      <line num="80" count="24" type="stmt"/>
      <line num="91" count="24" type="stmt"/>
      <line num="94" count="4" type="stmt"/>
      <line num="95" count="4" type="stmt"/>
      <line num="100" count="1" type="cond" truecount="1" falsecount="0"/>
      <line num="101" count="1" type="stmt"/>
      <line num="103" count="0" type="stmt"/>
      <line num="106" count="4" type="stmt"/>
      <line num="109" count="4" type="cond" truecount="1" falsecount="0"/>
      <line num="110" count="1" type="stmt"/>
      <line num="114" count="1" type="cond" truecount="1" falsecount="1"/>
      <line num="115" count="1" type="cond" truecount="3" falsecount="0"/>
      <line num="116" count="1" type="stmt"/>
      <line num="117" count="1" type="stmt"/>
      <line num="118" count="1" type="stmt"/>
      <line num="122" count="1" type="cond" truecount="1" falsecount="1"/>
      <line num="127" count="0" type="stmt"/>
      <line num="128" count="0" type="stmt"/>
      <line num="129" count="0" type="cond" truecount="0" falsecount="2"/>
      <line num="130" count="0" type="stmt"/>
      <line num="131" count="0" type="stmt"/>
      <line num="132" count="0" type="stmt"/>
      <line num="133" count="0" type="stmt"/>
      <line num="135" count="0" type="stmt"/>
      <line num="138" count="1" type="cond" truecount="3" falsecount="0"/>
      <line num="139" count="1" type="stmt"/>
      <line num="141" count="1" type="stmt"/>
      <line num="146" count="12" type="stmt"/>
      <line num="157" count="0" type="stmt"/>
      <line num="158" count="0" type="stmt"/>
      <line num="162" count="12" type="stmt"/>
      <line num="163" count="0" type="stmt"/>
      <line num="164" count="0" type="cond" truecount="0" falsecount="2"/>
      <line num="168" count="0" type="cond" truecount="0" falsecount="1"/>
      <line num="169" count="0" type="stmt"/>
      <line num="172" count="0" type="stmt"/>
      <line num="174" count="0" type="stmt"/>
      <line num="175" count="0" type="stmt"/>
      <line num="177" count="0" type="cond" truecount="0" falsecount="1"/>
      <line num="178" count="0" type="stmt"/>
      <line num="179" count="0" type="stmt"/>
      <line num="182" count="0" type="stmt"/>
      <line num="184" count="0" type="stmt"/>
      <line num="186" count="0" type="cond" truecount="0" falsecount="2"/>
      <line num="187" count="0" type="stmt"/>
      <line num="188" count="0" type="stmt"/>
      <line num="190" count="0" type="stmt"/>
      <line num="196" count="0" type="stmt"/>
      <line num="197" count="0" type="stmt"/>
      <line num="199" count="0" type="stmt"/>
      <line num="200" count="0" type="stmt"/>
      <line num="201" count="0" type="cond" truecount="0" falsecount="2"/>
      <line num="205" count="12" type="stmt"/>
      <line num="207" count="0" type="stmt"/>
    </file>
    <file name="CognitoAccessToken.js" path="/Users/work/Code/heat-js/amazon-cognito-identity-js/src/CognitoAccessToken.js">
      <metrics statements="3" coveredstatements="3" conditionals="3" coveredconditionals="3" methods="1" coveredmethods="1"/>
      <line num="18" count="12" type="stmt"/>
      <line num="21" count="12" type="stmt"/>
      <line num="27" count="47" type="cond" truecount="2" falsecount="0"/>
    </file>
    <file name="CognitoIdToken.js" path="/Users/work/Code/heat-js/amazon-cognito-identity-js/src/CognitoIdToken.js">
      <metrics statements="3" coveredstatements="3" conditionals="3" coveredconditionals="3" methods="1" coveredmethods="1"/>
      <line num="18" count="13" type="stmt"/>
      <line num="21" count="13" type="stmt"/>
      <line num="27" count="46" type="cond" truecount="2" falsecount="0"/>
    </file>
    <file name="CognitoJwtToken.js" path="/Users/work/Code/heat-js/amazon-cognito-identity-js/src/CognitoJwtToken.js">
      <metrics statements="11" coveredstatements="11" conditionals="2" coveredconditionals="2" methods="5" coveredmethods="5"/>
      <line num="18" count="13" type="stmt"/>
      <line num="21" count="13" type="stmt"/>
      <line num="28" count="96" type="cond" truecount="2" falsecount="0"/>
      <line num="29" count="96" type="stmt"/>
      <line num="36" count="164" type="stmt"/>
      <line num="43" count="112" type="stmt"/>
      <line num="50" count="93" type="stmt"/>
      <line num="57" count="100" type="stmt"/>
      <line num="58" count="100" type="stmt"/>
      <line num="59" count="100" type="stmt"/>
      <line num="61" count="50" type="stmt"/>
    </file>
    <file name="CognitoRefreshToken.js" path="/Users/work/Code/heat-js/amazon-cognito-identity-js/src/CognitoRefreshToken.js">
      <metrics statements="3" coveredstatements="3" conditionals="3" coveredconditionals="3" methods="2" coveredmethods="2"/>
      <line num="19" count="12" type="stmt"/>
      <line num="26" count="48" type="cond" truecount="2" falsecount="0"/>
      <line num="33" count="58" type="stmt"/>
    </file>
    <file name="CognitoUser.js" path="/Users/work/Code/heat-js/amazon-cognito-identity-js/src/CognitoUser.js">
      <metrics statements="693" coveredstatements="542" conditionals="221" coveredconditionals="147" methods="124" coveredmethods="93"/>
      <line num="18" count="12" type="stmt"/>
      <line num="19" count="12" type="stmt"/>
      <line num="21" count="12" type="stmt"/>
      <line num="22" count="12" type="stmt"/>
      <line num="24" count="12" type="stmt"/>
      <line num="25" count="12" type="stmt"/>
      <line num="26" count="12" type="stmt"/>
      <line num="27" count="12" type="stmt"/>
      <line num="28" count="12" type="stmt"/>
      <line num="29" count="12" type="stmt"/>
      <line num="30" count="12" type="stmt"/>
      <line num="31" count="12" type="stmt"/>
      <line num="32" count="12" type="stmt"/>
      <line num="73" count="12" type="stmt"/>
      <line num="74" count="12" type="cond" truecount="1" falsecount="1"/>
      <line num="77" count="12" type="stmt"/>
      <line num="86" count="39" type="cond" truecount="4" falsecount="0"/>
      <line num="87" count="3" type="stmt"/>
      <line num="90" count="36" type="cond" truecount="1" falsecount="1"/>
      <line num="91" count="36" type="stmt"/>
      <line num="92" count="36" type="stmt"/>
      <line num="94" count="36" type="stmt"/>
      <line num="96" count="36" type="stmt"/>
      <line num="97" count="36" type="stmt"/>
      <line num="99" count="36" type="cond" truecount="2" falsecount="0"/>
      <line num="101" count="36" type="stmt"/>
      <line num="102" count="36" type="stmt"/>
      <line num="103" count="36" type="stmt"/>
      <line num="112" count="35" type="stmt"/>
      <line num="113" count="35" type="stmt"/>
      <line num="114" count="35" type="stmt"/>
      <line num="121" count="4" type="stmt"/>
      <line num="128" count="1" type="stmt"/>
      <line num="135" count="2" type="stmt"/>
      <line num="144" count="5" type="stmt"/>
      <line num="158" count="3" type="stmt"/>
      <line num="159" count="3" type="stmt"/>
      <line num="162" count="3" type="cond" truecount="1" falsecount="1"/>
      <line num="166" count="3" type="stmt"/>
      <line num="168" count="3" type="stmt"/>
      <line num="175" count="3" type="cond" truecount="0" falsecount="1"/>
      <line num="176" count="0" type="stmt"/>
      <line num="179" count="3" type="stmt"/>
      <line num="180" count="3" type="cond" truecount="1" falsecount="0"/>
      <line num="181" count="1" type="stmt"/>
      <line num="183" count="2" type="stmt"/>
      <line num="184" count="2" type="stmt"/>
      <line num="186" count="2" type="cond" truecount="1" falsecount="0"/>
      <line num="187" count="1" type="stmt"/>
      <line num="188" count="1" type="stmt"/>
      <line num="190" count="1" type="stmt"/>
      <line num="193" count="1" type="stmt"/>
      <line num="194" count="1" type="stmt"/>
      <line num="214" count="4" type="cond" truecount="2" falsecount="0"/>
      <line num="215" count="1" type="stmt"/>
      <line num="216" count="3" type="cond" truecount="1" falsecount="0"/>
      <line num="220" count="2" type="stmt"/>
      <line num="222" count="1" type="stmt"/>
      <line num="245" count="5" type="stmt"/>
      <line num="248" count="5" type="stmt"/>
      <line num="252" count="5" type="stmt"/>
      <line num="254" count="5" type="cond" truecount="0" falsecount="1"/>
      <line num="255" count="0" type="stmt"/>
      <line num="258" count="5" type="stmt"/>
      <line num="259" count="5" type="stmt"/>
      <line num="261" count="5" type="cond" truecount="1" falsecount="0"/>
      <line num="262" count="1" type="stmt"/>
      <line num="265" count="5" type="stmt"/>
      <line num="267" count="5" type="cond" truecount="1" falsecount="0"/>
      <line num="268" count="1" type="stmt"/>
      <line num="272" count="5" type="cond" truecount="1" falsecount="1"/>
      <line num="276" count="5" type="stmt"/>
      <line num="282" count="5" type="cond" truecount="0" falsecount="1"/>
      <line num="283" count="0" type="stmt"/>
      <line num="286" count="5" type="stmt"/>
      <line num="287" count="1" type="cond" truecount="1" falsecount="0"/>
      <line num="288" count="1" type="stmt"/>
      <line num="291" count="0" type="stmt"/>
      <line num="293" count="0" type="stmt"/>
      <line num="294" count="0" type="stmt"/>
      <line num="295" count="0" type="stmt"/>
      <line num="296" count="0" type="stmt"/>
      <line num="297" count="0" type="stmt"/>
      <line num="299" count="0" type="stmt"/>
      <line num="306" count="0" type="cond" truecount="0" falsecount="1"/>
      <line num="307" count="0" type="stmt"/>
      <line num="310" count="0" type="stmt"/>
      <line num="312" count="0" type="stmt"/>
      <line num="320" count="0" type="stmt"/>
      <line num="321" count="0" type="stmt"/>
      <line num="323" count="0" type="stmt"/>
      <line num="325" count="0" type="stmt"/>
      <line num="326" count="0" type="stmt"/>
      <line num="328" count="0" type="stmt"/>
      <line num="329" count="0" type="stmt"/>
      <line num="331" count="0" type="cond" truecount="0" falsecount="1"/>
      <line num="332" count="0" type="stmt"/>
      <line num="335" count="0" type="stmt"/>
      <line num="336" count="0" type="stmt"/>
      <line num="340" count="0" type="cond" truecount="0" falsecount="1"/>
      <line num="345" count="0" type="stmt"/>
      <line num="346" count="0" type="stmt"/>
      <line num="347" count="0" type="stmt"/>
      <line num="348" count="0" type="stmt"/>
      <line num="349" count="0" type="stmt"/>
      <line num="350" count="0" type="stmt"/>
      <line num="352" count="0" type="stmt"/>
      <line num="356" count="0" type="stmt"/>
      <line num="363" count="0" type="cond" truecount="0" falsecount="1"/>
      <line num="364" count="0" type="stmt"/>
      <line num="366" count="0" type="stmt"/>
      <line num="369" count="0" type="cond" truecount="0" falsecount="1"/>
      <line num="370" count="0" type="stmt"/>
      <line num="373" count="0" type="stmt"/>
      <line num="380" count="0" type="stmt"/>
      <line num="384" count="0" type="stmt"/>
      <line num="402" count="4" type="stmt"/>
      <line num="403" count="4" type="stmt"/>
      <line num="404" count="4" type="stmt"/>
      <line num="405" count="4" type="cond" truecount="1" falsecount="0"/>
      <line num="406" count="1" type="stmt"/>
      <line num="407" count="1" type="stmt"/>
      <line num="409" count="3" type="stmt"/>
      <line num="412" count="3" type="stmt"/>
      <line num="413" count="3" type="cond" truecount="0" falsecount="1"/>
      <line num="414" count="0" type="stmt"/>
      <line num="418" count="3" type="cond" truecount="1" falsecount="1"/>
      <line num="422" count="3" type="stmt"/>
      <line num="428" count="3" type="cond" truecount="1" falsecount="0"/>
      <line num="429" count="1" type="stmt"/>
      <line num="433" count="3" type="stmt"/>
      <line num="434" count="2" type="cond" truecount="1" falsecount="0"/>
      <line num="435" count="1" type="stmt"/>
      <line num="437" count="1" type="stmt"/>
      <line num="454" count="15" type="stmt"/>
      <line num="455" count="15" type="stmt"/>
      <line num="457" count="15" type="cond" truecount="1" falsecount="0"/>
      <line num="458" count="1" type="stmt"/>
      <line num="459" count="1" type="stmt"/>
      <line num="462" count="14" type="cond" truecount="1" falsecount="0"/>
      <line num="463" count="1" type="stmt"/>
      <line num="464" count="1" type="stmt"/>
      <line num="467" count="13" type="cond" truecount="1" falsecount="0"/>
      <line num="468" count="1" type="stmt"/>
      <line num="469" count="1" type="stmt"/>
      <line num="472" count="12" type="cond" truecount="1" falsecount="0"/>
      <line num="473" count="1" type="stmt"/>
      <line num="474" count="1" type="stmt"/>
      <line num="477" count="11" type="cond" truecount="1" falsecount="0"/>
      <line num="478" count="1" type="stmt"/>
      <line num="479" count="1" type="stmt"/>
      <line num="482" count="10" type="cond" truecount="1" falsecount="0"/>
      <line num="483" count="1" type="stmt"/>
      <line num="485" count="1" type="stmt"/>
      <line num="486" count="1" type="stmt"/>
      <line num="487" count="1" type="stmt"/>
      <line num="488" count="1" type="stmt"/>
      <line num="490" count="1" type="cond" truecount="1" falsecount="0"/>
      <line num="491" count="1" type="stmt"/>
      <line num="494" count="1" type="stmt"/>
      <line num="499" count="1" type="cond" truecount="1" falsecount="0"/>
      <line num="500" count="1" type="stmt"/>
      <line num="501" count="0" type="stmt"/>
      <line num="506" count="1" type="stmt"/>
      <line num="509" count="9" type="cond" truecount="1" falsecount="0"/>
      <line num="510" count="1" type="stmt"/>
      <line num="511" count="1" type="stmt"/>
      <line num="512" count="1" type="stmt"/>
      <line num="515" count="8" type="stmt"/>
      <line num="518" count="8" type="stmt"/>
      <line num="519" count="8" type="stmt"/>
      <line num="522" count="8" type="stmt"/>
      <line num="523" count="8" type="cond" truecount="1" falsecount="0"/>
      <line num="524" count="1" type="stmt"/>
      <line num="527" count="7" type="stmt"/>
      <line num="531" count="7" type="cond" truecount="0" falsecount="1"/>
      <line num="532" count="0" type="stmt"/>
      <line num="535" count="7" type="stmt"/>
      <line num="546" count="7" type="stmt"/>
      <line num="547" count="7" type="stmt"/>
      <line num="548" count="7" type="stmt"/>
      <line num="550" count="7" type="stmt"/>
      <line num="559" count="5" type="cond" truecount="1" falsecount="0"/>
      <line num="560" count="2" type="stmt"/>
      <line num="563" count="3" type="stmt"/>
      <line num="565" count="3" type="stmt"/>
      <line num="566" count="3" type="cond" truecount="1" falsecount="0"/>
      <line num="567" count="2" type="stmt"/>
      <line num="572" count="1" type="stmt"/>
      <line num="575" count="7" type="stmt"/>
      <line num="578" count="7" type="stmt"/>
      <line num="602" count="4" type="cond" truecount="1" falsecount="0"/>
      <line num="603" count="1" type="stmt"/>
      <line num="605" count="3" type="stmt"/>
      <line num="608" count="3" type="stmt"/>
      <line num="610" count="3" type="stmt"/>
      <line num="611" count="3" type="cond" truecount="1" falsecount="0"/>
      <line num="612" count="3" type="stmt"/>
      <line num="613" count="9" type="stmt"/>
      <line num="618" count="3" type="stmt"/>
      <line num="619" count="3" type="stmt"/>
      <line num="620" count="3" type="stmt"/>
      <line num="627" count="3" type="cond" truecount="0" falsecount="1"/>
      <line num="628" count="0" type="stmt"/>
      <line num="631" count="3" type="stmt"/>
      <line num="635" count="2" type="cond" truecount="1" falsecount="0"/>
      <line num="636" count="1" type="stmt"/>
      <line num="638" count="1" type="stmt"/>
      <line num="645" count="3" type="stmt"/>
      <line num="660" count="8" type="stmt"/>
      <line num="661" count="8" type="stmt"/>
      <line num="663" count="8" type="stmt"/>
      <line num="665" count="8" type="stmt"/>
      <line num="666" count="8" type="stmt"/>
      <line num="667" count="8" type="stmt"/>
      <line num="669" count="8" type="cond" truecount="1" falsecount="0"/>
      <line num="670" count="1" type="stmt"/>
      <line num="673" count="8" type="stmt"/>
      <line num="675" count="8" type="stmt"/>
      <line num="682" count="8" type="cond" truecount="0" falsecount="1"/>
      <line num="683" count="0" type="stmt"/>
      <line num="685" count="8" type="stmt"/>
      <line num="686" count="5" type="cond" truecount="1" falsecount="0"/>
      <line num="687" count="2" type="stmt"/>
      <line num="690" count="3" type="stmt"/>
      <line num="692" count="3" type="stmt"/>
      <line num="693" count="3" type="stmt"/>
      <line num="695" count="3" type="stmt"/>
      <line num="702" count="3" type="cond" truecount="1" falsecount="0"/>
      <line num="703" count="1" type="stmt"/>
      <line num="706" count="2" type="stmt"/>
      <line num="708" count="2" type="stmt"/>
      <line num="716" count="2" type="stmt"/>
      <line num="717" count="2" type="stmt"/>
      <line num="719" count="2" type="stmt"/>
      <line num="721" count="2" type="stmt"/>
      <line num="722" count="2" type="stmt"/>
      <line num="724" count="2" type="stmt"/>
      <line num="725" count="2" type="stmt"/>
      <line num="726" count="2" type="stmt"/>
      <line num="728" count="2" type="stmt"/>
      <line num="734" count="2" type="cond" truecount="0" falsecount="1"/>
      <line num="735" count="0" type="stmt"/>
      <line num="738" count="2" type="stmt"/>
      <line num="742" count="2" type="cond" truecount="0" falsecount="1"/>
      <line num="743" count="0" type="stmt"/>
      <line num="746" count="2" type="stmt"/>
      <line num="749" count="2" type="stmt"/>
      <line num="751" count="2" type="stmt"/>
      <line num="754" count="2" type="stmt"/>
      <line num="758" count="3" type="stmt"/>
      <line num="778" count="2" type="stmt"/>
      <line num="785" count="2" type="cond" truecount="0" falsecount="1"/>
      <line num="786" count="0" type="stmt"/>
      <line num="788" count="2" type="stmt"/>
      <line num="789" count="2" type="cond" truecount="1" falsecount="0"/>
      <line num="790" count="1" type="stmt"/>
      <line num="792" count="1" type="stmt"/>
      <line num="808" count="2" type="stmt"/>
      <line num="809" count="2" type="stmt"/>
      <line num="810" count="2" type="stmt"/>
      <line num="812" count="2" type="stmt"/>
      <line num="815" count="2" type="stmt"/>
      <line num="816" count="2" type="cond" truecount="1" falsecount="0"/>
      <line num="817" count="2" type="stmt"/>
      <line num="820" count="2" type="stmt"/>
      <line num="827" count="2" type="cond" truecount="0" falsecount="1"/>
      <line num="828" count="0" type="stmt"/>
      <line num="830" count="2" type="stmt"/>
      <line num="831" count="2" type="cond" truecount="1" falsecount="0"/>
      <line num="832" count="1" type="stmt"/>
      <line num="835" count="1" type="stmt"/>
      <line num="854" count="7" type="stmt"/>
      <line num="855" count="7" type="stmt"/>
      <line num="856" count="7" type="stmt"/>
      <line num="857" count="7" type="cond" truecount="1" falsecount="1"/>
      <line num="858" count="7" type="cond" truecount="0" falsecount="1"/>
      <line num="859" count="0" type="stmt"/>
      <line num="862" count="7" type="cond" truecount="0" falsecount="1"/>
      <line num="863" count="0" type="stmt"/>
      <line num="866" count="7" type="stmt"/>
      <line num="873" count="7" type="cond" truecount="0" falsecount="1"/>
      <line num="874" count="0" type="stmt"/>
      <line num="877" count="7" type="stmt"/>
      <line num="881" count="6" type="cond" truecount="1" falsecount="0"/>
      <line num="882" count="1" type="stmt"/>
      <line num="885" count="5" type="stmt"/>
      <line num="887" count="5" type="cond" truecount="0" falsecount="1"/>
      <line num="888" count="0" type="stmt"/>
      <line num="889" count="0" type="stmt"/>
      <line num="892" count="5" type="stmt"/>
      <line num="895" count="5" type="stmt"/>
      <line num="897" count="5" type="cond" truecount="1" falsecount="0"/>
      <line num="898" count="1" type="stmt"/>
      <line num="901" count="4" type="stmt"/>
      <line num="904" count="4" type="stmt"/>
      <line num="909" count="4" type="cond" truecount="1" falsecount="0"/>
      <line num="910" count="1" type="stmt"/>
      <line num="913" count="3" type="stmt"/>
      <line num="924" count="3" type="stmt"/>
      <line num="925" count="3" type="stmt"/>
      <line num="927" count="3" type="stmt"/>
      <line num="929" count="3" type="stmt"/>
      <line num="942" count="3" type="cond" truecount="1" falsecount="0"/>
      <line num="943" count="1" type="stmt"/>
      <line num="946" count="2" type="stmt"/>
      <line num="948" count="2" type="stmt"/>
      <line num="949" count="2" type="cond" truecount="1" falsecount="0"/>
      <line num="950" count="1" type="stmt"/>
      <line num="955" count="1" type="stmt"/>
      <line num="958" count="3" type="stmt"/>
      <line num="961" count="4" type="stmt"/>
      <line num="975" count="0" type="cond" truecount="0" falsecount="3"/>
      <line num="976" count="0" type="stmt"/>
      <line num="979" count="0" type="stmt"/>
      <line num="988" count="0" type="cond" truecount="0" falsecount="1"/>
      <line num="989" count="0" type="stmt"/>
      <line num="991" count="0" type="stmt"/>
      <line num="994" count="0" type="stmt"/>
      <line num="1004" count="4" type="cond" truecount="3" falsecount="0"/>
      <line num="1005" count="1" type="stmt"/>
      <line num="1008" count="3" type="stmt"/>
      <line num="1009" count="3" type="stmt"/>
      <line num="1013" count="3" type="stmt"/>
      <line num="1015" count="3" type="stmt"/>
      <line num="1022" count="2" type="cond" truecount="1" falsecount="0"/>
      <line num="1023" count="1" type="stmt"/>
      <line num="1025" count="1" type="stmt"/>
      <line num="1028" count="3" type="stmt"/>
      <line num="1039" count="4" type="cond" truecount="3" falsecount="0"/>
      <line num="1040" count="1" type="stmt"/>
      <line num="1043" count="3" type="stmt"/>
      <line num="1051" count="2" type="cond" truecount="1" falsecount="0"/>
      <line num="1052" count="1" type="stmt"/>
      <line num="1054" count="1" type="stmt"/>
      <line num="1057" count="3" type="stmt"/>
      <line num="1067" count="4" type="cond" truecount="3" falsecount="0"/>
      <line num="1068" count="1" type="stmt"/>
      <line num="1071" count="3" type="stmt"/>
      <line num="1073" count="3" type="stmt"/>
      <line num="1080" count="2" type="cond" truecount="1" falsecount="0"/>
      <line num="1081" count="1" type="stmt"/>
      <line num="1083" count="1" type="stmt"/>
      <line num="1086" count="3" type="stmt"/>
      <line num="1096" count="3" type="cond" truecount="3" falsecount="0"/>
      <line num="1097" count="1" type="stmt"/>
      <line num="1100" count="2" type="stmt"/>
      <line num="1107" count="2" type="cond" truecount="1" falsecount="0"/>
      <line num="1108" count="1" type="stmt"/>
      <line num="1110" count="1" type="stmt"/>
      <line num="1111" count="1" type="stmt"/>
      <line num="1114" count="2" type="stmt"/>
      <line num="1128" count="0" type="cond" truecount="0" falsecount="3"/>
      <line num="1129" count="0" type="stmt"/>
      <line num="1132" count="0" type="stmt"/>
      <line num="1140" count="0" type="cond" truecount="0" falsecount="1"/>
      <line num="1141" count="0" type="stmt"/>
      <line num="1145" count="0" type="stmt"/>
      <line num="1150" count="0" type="stmt"/>
      <line num="1159" count="3" type="cond" truecount="3" falsecount="0"/>
      <line num="1160" count="1" type="stmt"/>
      <line num="1163" count="2" type="stmt"/>
      <line num="1169" count="2" type="cond" truecount="1" falsecount="0"/>
      <line num="1170" count="1" type="stmt"/>
      <line num="1173" count="1" type="stmt"/>
      <line num="1175" count="1" type="stmt"/>
      <line num="1176" count="1" type="stmt"/>
      <line num="1180" count="1" type="stmt"/>
      <line num="1181" count="1" type="stmt"/>
      <line num="1184" count="1" type="stmt"/>
      <line num="1187" count="2" type="stmt"/>
      <line num="1199" count="3" type="cond" truecount="3" falsecount="0"/>
      <line num="1200" count="1" type="stmt"/>
      <line num="1203" count="2" type="stmt"/>
      <line num="1209" count="2" type="cond" truecount="1" falsecount="0"/>
      <line num="1210" count="1" type="stmt"/>
      <line num="1213" count="1" type="stmt"/>
      <line num="1216" count="2" type="stmt"/>
      <line num="1224" count="0" type="stmt"/>
      <line num="1235" count="0" type="stmt"/>
      <line num="1236" count="0" type="stmt"/>
      <line num="1237" count="0" type="cond" truecount="0" falsecount="4"/>
      <line num="1238" count="0" type="stmt"/>
      <line num="1240" count="0" type="stmt"/>
      <line num="1258" count="0" type="cond" truecount="0" falsecount="3"/>
      <line num="1259" count="0" type="stmt"/>
      <line num="1260" count="0" type="stmt"/>
      <line num="1263" count="0" type="stmt"/>
      <line num="1265" count="0" type="cond" truecount="0" falsecount="1"/>
      <line num="1266" count="0" type="stmt"/>
      <line num="1268" count="0" type="stmt"/>
      <line num="1271" count="0" type="stmt"/>
      <line num="1274" count="0" type="cond" truecount="0" falsecount="1"/>
      <line num="1275" count="0" type="stmt"/>
      <line num="1277" count="0" type="stmt"/>
      <line num="1279" count="0" type="stmt"/>
      <line num="1281" count="0" type="stmt"/>
      <line num="1284" count="0" type="stmt"/>
      <line num="1285" count="0" type="stmt"/>
      <line num="1286" count="0" type="stmt"/>
      <line num="1288" count="0" type="stmt"/>
      <line num="1289" count="0" type="stmt"/>
      <line num="1290" count="0" type="stmt"/>
      <line num="1300" count="0" type="stmt"/>
      <line num="1302" count="0" type="stmt"/>
      <line num="1311" count="0" type="cond" truecount="0" falsecount="3"/>
      <line num="1313" count="0" type="stmt"/>
      <line num="1321" count="0" type="stmt"/>
      <line num="1322" count="0" type="stmt"/>
      <line num="1323" count="0" type="stmt"/>
      <line num="1334" count="3" type="cond" truecount="3" falsecount="0"/>
      <line num="1335" count="1" type="stmt"/>
      <line num="1338" count="2" type="stmt"/>
      <line num="1345" count="2" type="cond" truecount="1" falsecount="0"/>
      <line num="1346" count="1" type="stmt"/>
      <line num="1350" count="1" type="stmt"/>
      <line num="1355" count="2" type="stmt"/>
      <line num="1365" count="0" type="stmt"/>
      <line num="1371" count="0" type="stmt"/>
      <line num="1372" count="0" type="cond" truecount="0" falsecount="1"/>
      <line num="1373" count="0" type="stmt"/>
      <line num="1375" count="0" type="stmt"/>
      <line num="1393" count="3" type="cond" truecount="1" falsecount="0"/>
      <line num="1394" count="1" type="stmt"/>
      <line num="1400" count="2" type="cond" truecount="3" falsecount="0"/>
      <line num="1401" count="1" type="stmt"/>
      <line num="1404" count="1" type="stmt"/>
      <line num="1407" count="1" type="stmt"/>
      <line num="1408" count="1" type="stmt"/>
      <line num="1409" count="1" type="stmt"/>
      <line num="1410" count="1" type="stmt"/>
      <line num="1412" count="1" type="cond" truecount="1" falsecount="1"/>
      <line num="1413" count="1" type="stmt"/>
      <line num="1416" count="1" type="stmt"/>
      <line num="1419" count="1" type="stmt"/>
      <line num="1422" count="1" type="cond" truecount="1" falsecount="1"/>
      <line num="1424" count="1" type="stmt"/>
      <line num="1430" count="1" type="stmt"/>
      <line num="1432" count="1" type="cond" truecount="1" falsecount="0"/>
      <line num="1433" count="1" type="stmt"/>
      <line num="1434" count="1" type="stmt"/>
      <line num="1437" count="0" type="cond" truecount="0" falsecount="1"/>
      <line num="1438" count="0" type="stmt"/>
      <line num="1444" count="0" type="stmt"/>
      <line num="1446" count="0" type="stmt"/>
      <line num="1452" count="0" type="stmt"/>
      <line num="1463" count="2" type="cond" truecount="1" falsecount="1"/>
      <line num="1466" count="2" type="stmt"/>
      <line num="1467" count="2" type="stmt"/>
      <line num="1468" count="2" type="stmt"/>
      <line num="1469" count="2" type="stmt"/>
      <line num="1471" count="2" type="cond" truecount="1" falsecount="0"/>
      <line num="1472" count="2" type="stmt"/>
      <line num="1473" count="2" type="stmt"/>
      <line num="1474" count="2" type="stmt"/>
      <line num="1475" count="2" type="stmt"/>
      <line num="1478" count="2" type="stmt"/>
      <line num="1484" count="2" type="cond" truecount="0" falsecount="1"/>
      <line num="1485" count="0" type="stmt"/>
      <line num="1487" count="2" type="stmt"/>
      <line num="1488" count="2" type="cond" truecount="1" falsecount="0"/>
      <line num="1489" count="1" type="cond" truecount="0" falsecount="1"/>
      <line num="1490" count="0" type="stmt"/>
      <line num="1492" count="1" type="stmt"/>
      <line num="1494" count="1" type="cond" truecount="1" falsecount="0"/>
      <line num="1495" count="1" type="stmt"/>
      <line num="1496" count="1" type="cond" truecount="0" falsecount="1"/>
      <line num="1502" count="0" type="stmt"/>
      <line num="1504" count="1" type="stmt"/>
      <line num="1507" count="1" type="stmt"/>
      <line num="1508" count="1" type="stmt"/>
      <line num="1510" count="0" type="stmt"/>
      <line num="1519" count="53" type="stmt"/>
      <line num="1520" count="53" type="stmt"/>
      <line num="1521" count="53" type="stmt"/>
      <line num="1522" count="53" type="stmt"/>
      <line num="1523" count="53" type="stmt"/>
      <line num="1524" count="53" type="stmt"/>
      <line num="1526" count="53" type="stmt"/>
      <line num="1530" count="53" type="stmt"/>
      <line num="1534" count="53" type="stmt"/>
      <line num="1538" count="53" type="stmt"/>
      <line num="1542" count="53" type="stmt"/>
      <line num="1549" count="0" type="stmt"/>
      <line num="1556" count="39" type="stmt"/>
      <line num="1557" count="39" type="stmt"/>
      <line num="1561" count="4" type="stmt"/>
      <line num="1562" count="4" type="stmt"/>
      <line num="1570" count="5" type="stmt"/>
      <line num="1573" count="5" type="stmt"/>
      <line num="1574" count="5" type="stmt"/>
      <line num="1575" count="5" type="stmt"/>
      <line num="1577" count="5" type="stmt"/>
      <line num="1578" count="5" type="stmt"/>
      <line num="1579" count="5" type="stmt"/>
      <line num="1587" count="5" type="stmt"/>
      <line num="1590" count="5" type="stmt"/>
      <line num="1591" count="5" type="stmt"/>
      <line num="1592" count="5" type="stmt"/>
      <line num="1594" count="5" type="cond" truecount="1" falsecount="0"/>
      <line num="1595" count="2" type="stmt"/>
      <line num="1596" count="2" type="stmt"/>
      <line num="1597" count="2" type="stmt"/>
      <line num="1606" count="1" type="stmt"/>
      <line num="1609" count="1" type="stmt"/>
      <line num="1610" count="1" type="stmt"/>
      <line num="1611" count="1" type="stmt"/>
      <line num="1613" count="1" type="stmt"/>
      <line num="1614" count="1" type="stmt"/>
      <line num="1615" count="1" type="stmt"/>
      <line num="1623" count="4" type="stmt"/>
      <line num="1624" count="4" type="stmt"/>
      <line num="1625" count="4" type="stmt"/>
      <line num="1626" count="4" type="stmt"/>
      <line num="1627" count="4" type="stmt"/>
      <line num="1628" count="4" type="stmt"/>
      <line num="1630" count="4" type="stmt"/>
      <line num="1631" count="4" type="stmt"/>
      <line num="1632" count="4" type="stmt"/>
      <line num="1633" count="4" type="stmt"/>
      <line num="1634" count="4" type="stmt"/>
      <line num="1644" count="20" type="stmt"/>
      <line num="1645" count="20" type="stmt"/>
      <line num="1646" count="20" type="stmt"/>
      <line num="1648" count="20" type="stmt"/>
      <line num="1654" count="20" type="stmt"/>
      <line num="1668" count="3" type="stmt"/>
      <line num="1673" count="3" type="cond" truecount="0" falsecount="1"/>
      <line num="1674" count="0" type="stmt"/>
      <line num="1676" count="3" type="stmt"/>
      <line num="1677" count="3" type="cond" truecount="1" falsecount="0"/>
      <line num="1678" count="1" type="stmt"/>
      <line num="1680" count="2" type="cond" truecount="1" falsecount="0"/>
      <line num="1681" count="1" type="stmt"/>
      <line num="1683" count="1" type="stmt"/>
      <line num="1698" count="2" type="stmt"/>
      <line num="1705" count="2" type="cond" truecount="0" falsecount="1"/>
      <line num="1706" count="0" type="stmt"/>
      <line num="1708" count="2" type="stmt"/>
      <line num="1709" count="2" type="cond" truecount="1" falsecount="0"/>
      <line num="1710" count="1" type="stmt"/>
      <line num="1712" count="1" type="stmt"/>
      <line num="1726" count="4" type="cond" truecount="3" falsecount="0"/>
      <line num="1727" count="1" type="stmt"/>
      <line num="1730" count="3" type="stmt"/>
      <line num="1738" count="3" type="cond" truecount="1" falsecount="0"/>
      <line num="1739" count="1" type="stmt"/>
      <line num="1741" count="2" type="cond" truecount="1" falsecount="0"/>
      <line num="1742" count="1" type="stmt"/>
      <line num="1744" count="1" type="stmt"/>
      <line num="1747" count="3" type="stmt"/>
      <line num="1760" count="4" type="cond" truecount="3" falsecount="0"/>
      <line num="1761" count="1" type="stmt"/>
      <line num="1764" count="3" type="stmt"/>
      <line num="1772" count="2" type="cond" truecount="1" falsecount="0"/>
      <line num="1773" count="1" type="stmt"/>
      <line num="1775" count="1" type="stmt"/>
      <line num="1778" count="3" type="stmt"/>
      <line num="1789" count="4" type="cond" truecount="3" falsecount="0"/>
      <line num="1790" count="1" type="stmt"/>
      <line num="1793" count="3" type="stmt"/>
      <line num="1800" count="2" type="cond" truecount="1" falsecount="0"/>
      <line num="1801" count="1" type="stmt"/>
      <line num="1803" count="1" type="stmt"/>
      <line num="1806" count="3" type="stmt"/>
      <line num="1818" count="5" type="cond" truecount="3" falsecount="0"/>
      <line num="1819" count="1" type="stmt"/>
      <line num="1822" count="4" type="stmt"/>
      <line num="1829" count="3" type="cond" truecount="1" falsecount="0"/>
      <line num="1830" count="1" type="stmt"/>
      <line num="1832" count="2" type="stmt"/>
      <line num="1835" count="4" type="stmt"/>
      <line num="1846" count="1" type="stmt"/>
      <line num="1849" count="1" type="stmt"/>
      <line num="1850" count="1" type="stmt"/>
      <line num="1851" count="1" type="stmt"/>
      <line num="1852" count="1" type="stmt"/>
      <line num="1853" count="1" type="stmt"/>
      <line num="1866" count="4" type="cond" truecount="3" falsecount="0"/>
      <line num="1867" count="1" type="stmt"/>
      <line num="1870" count="3" type="stmt"/>
      <line num="1878" count="2" type="cond" truecount="1" falsecount="0"/>
      <line num="1879" count="1" type="stmt"/>
      <line num="1881" count="1" type="stmt"/>
      <line num="1884" count="3" type="stmt"/>
      <line num="1895" count="4" type="cond" truecount="3" falsecount="0"/>
      <line num="1896" count="1" type="stmt"/>
      <line num="1899" count="3" type="stmt"/>
      <line num="1907" count="2" type="cond" truecount="1" falsecount="0"/>
      <line num="1908" count="1" type="stmt"/>
      <line num="1910" count="1" type="stmt"/>
      <line num="1913" count="3" type="stmt"/>
      <line num="1927" count="3" type="cond" truecount="3" falsecount="0"/>
      <line num="1928" count="1" type="stmt"/>
      <line num="1930" count="2" type="stmt"/>
      <line num="1935" count="2" type="cond" truecount="1" falsecount="0"/>
      <line num="1936" count="1" type="stmt"/>
      <line num="1939" count="2" type="stmt"/>
      <line num="1940" count="2" type="cond" truecount="1" falsecount="0"/>
      <line num="1941" count="1" type="stmt"/>
      <line num="1943" count="1" type="stmt"/>
      <line num="1945" count="2" type="stmt"/>
      <line num="1956" count="3" type="cond" truecount="3" falsecount="0"/>
      <line num="1957" count="1" type="stmt"/>
      <line num="1960" count="2" type="stmt"/>
      <line num="1966" count="2" type="cond" truecount="1" falsecount="0"/>
      <line num="1967" count="1" type="stmt"/>
      <line num="1969" count="1" type="stmt"/>
      <line num="1970" count="1" type="stmt"/>
      <line num="1973" count="2" type="stmt"/>
      <line num="1982" count="2" type="cond" truecount="2" falsecount="1"/>
      <line num="1983" count="2" type="stmt"/>
      <line num="1985" count="2" type="stmt"/>
      <line num="1988" count="0" type="stmt"/>
      <line num="1989" count="0" type="cond" truecount="0" falsecount="1"/>
      <line num="1990" count="0" type="stmt"/>
      <line num="1993" count="0" type="stmt"/>
      <line num="1994" count="0" type="stmt"/>
      <line num="1996" count="0" type="stmt"/>
      <line num="2002" count="0" type="cond" truecount="0" falsecount="1"/>
      <line num="2003" count="0" type="stmt"/>
      <line num="2006" count="0" type="stmt"/>
      <line num="2008" count="0" type="cond" truecount="0" falsecount="1"/>
      <line num="2009" count="0" type="stmt"/>
      <line num="2011" count="0" type="stmt"/>
      <line num="2014" count="0" type="cond" truecount="0" falsecount="1"/>
      <line num="2015" count="0" type="stmt"/>
      <line num="2017" count="0" type="stmt"/>
      <line num="2020" count="0" type="stmt"/>
      <line num="2021" count="0" type="stmt"/>
      <line num="2023" count="0" type="cond" truecount="0" falsecount="1"/>
      <line num="2024" count="0" type="cond" truecount="0" falsecount="1"/>
      <line num="2025" count="0" type="stmt"/>
      <line num="2031" count="0" type="stmt"/>
      <line num="2035" count="0" type="cond" truecount="0" falsecount="3"/>
      <line num="2036" count="0" type="stmt"/>
      <line num="2037" count="0" type="stmt"/>
      <line num="2038" count="0" type="stmt"/>
      <line num="2044" count="0" type="stmt"/>
      <line num="2048" count="2" type="stmt"/>
      <line num="2049" count="2" type="stmt"/>
      <line num="2053" count="0" type="stmt"/>
      <line num="2060" count="0" type="cond" truecount="0" falsecount="1"/>
      <line num="2061" count="0" type="stmt"/>
      <line num="2064" count="0" type="stmt"/>
      <line num="2076" count="4" type="stmt"/>
      <line num="2077" count="4" type="stmt"/>
      <line num="2078" count="4" type="stmt"/>
      <line num="2080" count="4" type="stmt"/>
      <line num="2086" count="4" type="cond" truecount="0" falsecount="1"/>
      <line num="2087" count="0" type="stmt"/>
      <line num="2089" count="4" type="stmt"/>
      <line num="2090" count="4" type="cond" truecount="1" falsecount="0"/>
      <line num="2091" count="1" type="stmt"/>
      <line num="2093" count="3" type="stmt"/>
      <line num="2094" count="3" type="cond" truecount="1" falsecount="0"/>
      <line num="2095" count="1" type="stmt"/>
      <line num="2100" count="2" type="cond" truecount="1" falsecount="0"/>
      <line num="2101" count="1" type="stmt"/>
      <line num="2106" count="1" type="stmt"/>
      <line num="2115" count="47" type="stmt"/>
      <line num="2116" count="47" type="stmt"/>
      <line num="2125" count="4" type="cond" truecount="4" falsecount="0"/>
      <line num="2126" count="2" type="stmt"/>
      <line num="2132" count="2" type="cond" truecount="1" falsecount="0"/>
      <line num="2133" count="1" type="stmt"/>
      <line num="2135" count="1" type="stmt"/>
      <line num="2136" count="1" type="stmt"/>
      <line num="2140" count="2" type="stmt"/>
      <line num="2146" count="2" type="cond" truecount="1" falsecount="0"/>
      <line num="2147" count="1" type="stmt"/>
      <line num="2149" count="1" type="stmt"/>
      <line num="2163" count="5" type="cond" truecount="4" falsecount="0"/>
      <line num="2164" count="3" type="stmt"/>
      <line num="2172" count="3" type="cond" truecount="1" falsecount="0"/>
      <line num="2173" count="1" type="stmt"/>
      <line num="2175" count="2" type="stmt"/>
      <line num="2176" count="2" type="stmt"/>
      <line num="2177" count="2" type="stmt"/>
      <line num="2178" count="2" type="stmt"/>
      <line num="2184" count="2" type="cond" truecount="0" falsecount="1"/>
      <line num="2185" count="0" type="stmt"/>
      <line num="2187" count="2" type="stmt"/>
      <line num="2191" count="2" type="cond" truecount="1" falsecount="0"/>
      <line num="2192" count="1" type="stmt"/>
      <line num="2194" count="1" type="stmt"/>
      <line num="2197" count="1" type="stmt"/>
      <line num="2198" count="1" type="stmt"/>
      <line num="2201" count="2" type="stmt"/>
      <line num="2205" count="2" type="stmt"/>
      <line num="2213" count="2" type="cond" truecount="1" falsecount="0"/>
      <line num="2214" count="1" type="stmt"/>
      <line num="2216" count="1" type="stmt"/>
    </file>
    <file name="CognitoUserAttribute.js" path="/Users/work/Code/heat-js/amazon-cognito-identity-js/src/CognitoUserAttribute.js">
      <metrics statements="11" coveredstatements="11" conditionals="5" coveredconditionals="5" methods="7" coveredmethods="7"/>
      <line num="19" count="12" type="stmt"/>
      <line num="26" count="5" type="cond" truecount="2" falsecount="0"/>
      <line num="27" count="5" type="cond" truecount="2" falsecount="0"/>
      <line num="34" count="3" type="stmt"/>
      <line num="43" count="2" type="stmt"/>
      <line num="44" count="2" type="stmt"/>
      <line num="51" count="3" type="stmt"/>
      <line num="60" count="2" type="stmt"/>
      <line num="61" count="2" type="stmt"/>
      <line num="68" count="1" type="stmt"/>
      <line num="75" count="2" type="stmt"/>
    </file>
    <file name="CognitoUserPool.js" path="/Users/work/Code/heat-js/amazon-cognito-identity-js/src/CognitoUserPool.js">
      <metrics statements="44" coveredstatements="33" conditionals="17" coveredconditionals="10" methods="7" coveredmethods="7"/>
      <line num="18" count="12" type="stmt"/>
      <line num="19" count="12" type="stmt"/>
      <line num="20" count="12" type="stmt"/>
      <line num="22" count="12" type="stmt"/>
      <line num="25" count="12" type="stmt"/>
      <line num="47" count="5" type="cond" truecount="1" falsecount="1"/>
      <line num="48" count="5" type="cond" truecount="3" falsecount="0"/>
      <line num="49" count="1" type="stmt"/>
      <line num="51" count="4" type="cond" truecount="2" falsecount="1"/>
      <line num="52" count="0" type="stmt"/>
      <line num="54" count="4" type="stmt"/>
      <line num="56" count="4" type="stmt"/>
      <line num="57" count="4" type="stmt"/>
      <line num="59" count="4" type="stmt"/>
      <line num="65" count="4" type="stmt"/>
      <line num="68" count="4" type="cond" truecount="2" falsecount="0"/>
      <line num="70" count="4" type="cond" truecount="0" falsecount="1"/>
      <line num="71" count="0" type="stmt"/>
      <line num="79" count="19" type="stmt"/>
      <line num="86" count="157" type="stmt"/>
      <line num="114" count="2" type="stmt"/>
      <line num="123" count="2" type="cond" truecount="0" falsecount="1"/>
      <line num="124" count="0" type="stmt"/>
      <line num="129" count="2" type="stmt"/>
      <line num="130" count="2" type="cond" truecount="0" falsecount="1"/>
      <line num="131" count="0" type="stmt"/>
      <line num="134" count="2" type="stmt"/>
      <line num="140" count="2" type="stmt"/>
      <line num="147" count="2" type="stmt"/>
      <line num="157" count="2" type="stmt"/>
      <line num="159" count="2" type="stmt"/>
      <line num="160" count="2" type="cond" truecount="1" falsecount="0"/>
      <line num="161" count="1" type="stmt"/>
      <line num="167" count="1" type="stmt"/>
      <line num="170" count="1" type="stmt"/>
      <line num="182" count="50" type="cond" truecount="1" falsecount="0"/>
      <line num="183" count="50" type="stmt"/>
      <line num="186" count="0" type="stmt"/>
      <line num="189" count="0" type="cond" truecount="0" falsecount="1"/>
      <line num="190" count="0" type="stmt"/>
      <line num="195" count="0" type="cond" truecount="0" falsecount="1"/>
      <line num="196" count="0" type="stmt"/>
      <line num="199" count="0" type="stmt"/>
      <line num="202" count="0" type="stmt"/>
    </file>
    <file name="CognitoUserSession.js" path="/Users/work/Code/heat-js/amazon-cognito-identity-js/src/CognitoUserSession.js">
      <metrics statements="17" coveredstatements="17" conditionals="8" coveredconditionals="7" methods="7" coveredmethods="7"/>
      <line num="19" count="12" type="stmt"/>
      <line num="28" count="47" type="cond" truecount="3" falsecount="0"/>
      <line num="29" count="2" type="stmt"/>
      <line num="32" count="45" type="stmt"/>
      <line num="33" count="45" type="stmt"/>
      <line num="34" count="45" type="stmt"/>
      <line num="35" count="45" type="stmt"/>
      <line num="43" count="57" type="stmt"/>
      <line num="50" count="56" type="stmt"/>
      <line num="57" count="111" type="stmt"/>
      <line num="64" count="54" type="stmt"/>
      <line num="71" count="45" type="stmt"/>
      <line num="72" count="45" type="stmt"/>
      <line num="77" count="45" type="stmt"/>
      <line num="86" count="65" type="stmt"/>
      <line num="87" count="65" type="stmt"/>
      <line num="89" count="65" type="stmt"/>
    </file>
    <file name="CookieStorage.js" path="/Users/work/Code/heat-js/amazon-cognito-identity-js/src/CookieStorage.js">
      <metrics statements="36" coveredstatements="33" conditionals="16" coveredconditionals="14" methods="5" coveredmethods="5"/>
      <line num="1" count="12" type="stmt"/>
      <line num="4" count="12" type="stmt"/>
      <line num="15" count="6" type="cond" truecount="2" falsecount="0"/>
      <line num="16" count="5" type="stmt"/>
      <line num="18" count="1" type="stmt"/>
      <line num="20" count="5" type="cond" truecount="2" falsecount="0"/>
      <line num="21" count="2" type="stmt"/>
      <line num="23" count="3" type="stmt"/>
      <line num="25" count="5" type="cond" truecount="2" falsecount="0"/>
      <line num="26" count="1" type="stmt"/>
      <line num="28" count="4" type="stmt"/>
      <line num="30" count="5" type="cond" truecount="2" falsecount="0"/>
      <line num="31" count="2" type="stmt"/>
      <line num="33" count="3" type="stmt"/>
      <line num="35" count="5" type="cond" truecount="2" falsecount="0"/>
      <line num="36" count="2" type="cond" truecount="1" falsecount="0"/>
      <line num="37" count="1" type="stmt"/>
      <line num="41" count="1" type="cond" truecount="3" falsecount="0"/>
      <line num="42" count="1" type="stmt"/>
      <line num="46" count="0" type="stmt"/>
      <line num="48" count="3" type="stmt"/>
      <line num="59" count="3" type="stmt"/>
      <line num="66" count="3" type="cond" truecount="0" falsecount="1"/>
      <line num="67" count="0" type="stmt"/>
      <line num="70" count="3" type="stmt"/>
      <line num="71" count="3" type="stmt"/>
      <line num="81" count="3" type="stmt"/>
      <line num="90" count="5" type="stmt"/>
      <line num="97" count="5" type="cond" truecount="0" falsecount="1"/>
      <line num="98" count="0" type="stmt"/>
      <line num="101" count="5" type="stmt"/>
      <line num="110" count="1" type="stmt"/>
      <line num="111" count="1" type="stmt"/>
      <line num="112" count="1" type="stmt"/>
      <line num="113" count="5" type="stmt"/>
      <line num="115" count="1" type="stmt"/>
    </file>
    <file name="DateHelper.js" path="/Users/work/Code/heat-js/amazon-cognito-identity-js/src/DateHelper.js">
      <metrics statements="19" coveredstatements="19" conditionals="3" coveredconditionals="3" methods="1" coveredmethods="1"/>
      <line num="18" count="13" type="stmt"/>
      <line num="32" count="13" type="stmt"/>
      <line num="35" count="13" type="stmt"/>
      <line num="40" count="3" type="stmt"/>
      <line num="42" count="3" type="stmt"/>
      <line num="43" count="3" type="stmt"/>
      <line num="44" count="3" type="stmt"/>
      <line num="46" count="3" type="stmt"/>
      <line num="47" count="3" type="cond" truecount="1" falsecount="0"/>
      <line num="48" count="1" type="stmt"/>
      <line num="51" count="3" type="stmt"/>
      <line num="52" count="3" type="cond" truecount="1" falsecount="0"/>
      <line num="53" count="1" type="stmt"/>
      <line num="56" count="3" type="stmt"/>
      <line num="57" count="3" type="cond" truecount="1" falsecount="0"/>
      <line num="58" count="1" type="stmt"/>
      <line num="61" count="3" type="stmt"/>
      <line num="64" count="3" type="stmt"/>
      <line num="66" count="3" type="stmt"/>
    </file>
    <file name="StorageHelper-rn.js" path="/Users/work/Code/heat-js/amazon-cognito-identity-js/src/StorageHelper-rn.js">
      <metrics statements="28" coveredstatements="28" conditionals="4" coveredconditionals="4" methods="11" coveredmethods="11"/>
      <line num="18" count="4" type="stmt"/>
      <line num="20" count="4" type="stmt"/>
      <line num="21" count="4" type="stmt"/>
      <line num="32" count="2" type="stmt"/>
      <line num="33" count="2" type="stmt"/>
      <line num="34" count="2" type="stmt"/>
      <line num="44" count="3" type="cond" truecount="2" falsecount="0"/>
      <line num="55" count="1" type="stmt"/>
      <line num="56" count="1" type="stmt"/>
      <line num="64" count="1" type="stmt"/>
      <line num="65" count="1" type="stmt"/>
      <line num="74" count="3" type="stmt"/>
      <line num="75" count="3" type="cond" truecount="1" falsecount="0"/>
      <line num="76" count="2" type="stmt"/>
      <line num="77" count="2" type="stmt"/>
      <line num="78" count="2" type="cond" truecount="1" falsecount="0"/>
      <line num="79" count="1" type="stmt"/>
      <line num="80" count="1" type="stmt"/>
      <line num="81" count="1" type="stmt"/>
      <line num="82" count="1" type="stmt"/>
      <line num="83" count="1" type="stmt"/>
      <line num="84" count="1" type="stmt"/>
      <line num="86" count="1" type="stmt"/>
      <line num="87" count="1" type="stmt"/>
      <line num="89" count="2" type="stmt"/>
      <line num="95" count="4" type="stmt"/>
      <line num="101" count="4" type="stmt"/>
      <line num="109" count="10" type="stmt"/>
    </file>
    <file name="StorageHelper.js" path="/Users/work/Code/heat-js/amazon-cognito-identity-js/src/StorageHelper.js">
      <metrics statements="15" coveredstatements="15" conditionals="2" coveredconditionals="2" methods="6" coveredmethods="6"/>
      <line num="18" count="13" type="stmt"/>
      <line num="21" count="13" type="stmt"/>
      <line num="29" count="1" type="stmt"/>
      <line num="30" count="1" type="stmt"/>
      <line num="40" count="2" type="cond" truecount="2" falsecount="0"/>
      <line num="51" count="1" type="stmt"/>
      <line num="59" count="1" type="stmt"/>
      <line num="60" count="1" type="stmt"/>
      <line num="65" count="13" type="stmt"/>
      <line num="71" count="44" type="stmt"/>
      <line num="72" count="44" type="stmt"/>
      <line num="73" count="44" type="stmt"/>
      <line num="74" count="38" type="stmt"/>
      <line num="76" count="6" type="stmt"/>
      <line num="85" count="44" type="stmt"/>
    </file>
    <file name="UserAgent.js" path="/Users/work/Code/heat-js/amazon-cognito-identity-js/src/UserAgent.js">
      <metrics statements="10" coveredstatements="10" conditionals="7" coveredconditionals="7" methods="2" coveredmethods="2"/>
      <line num="1" count="14" type="stmt"/>
      <line num="5" count="14" type="stmt"/>
      <line num="7" count="14" type="stmt"/>
      <line num="8" count="6" type="cond" truecount="1" falsecount="0"/>
      <line num="9" count="1" type="stmt"/>
      <line num="11" count="5" type="cond" truecount="1" falsecount="0"/>
      <line num="15" count="2" type="stmt"/>
      <line num="20" count="5" type="cond" truecount="3" falsecount="0"/>
      <line num="21" count="2" type="stmt"/>
      <line num="26" count="14" type="stmt"/>
    </file>
    <file name="index.js" path="/Users/work/Code/heat-js/amazon-cognito-identity-js/src/index.js">
      <metrics statements="13" coveredstatements="13" conditionals="0" coveredconditionals="0" methods="13" coveredmethods="4"/>
      <line num="18" count="12" type="stmt"/>
      <line num="19" count="12" type="stmt"/>
      <line num="20" count="34" type="stmt"/>
      <line num="21" count="34" type="stmt"/>
      <line num="22" count="34" type="stmt"/>
      <line num="23" count="12" type="stmt"/>
      <line num="24" count="12" type="stmt"/>
      <line num="25" count="12" type="stmt"/>
      <line num="26" count="36" type="stmt"/>
      <line num="27" count="12" type="stmt"/>
      <line num="28" count="12" type="stmt"/>
      <line num="29" count="12" type="stmt"/>
      <line num="30" count="12" type="stmt"/>
    </file>
  </project>
</coverage>
