{"/Users/work/Code/heat-js/amazon-cognito-identity-js/src/AuthenticationDetails.js": {"path":"/Users/work/Code/heat-js/amazon-cognito-identity-js/src/AuthenticationDetails.js","statementMap":{"0":{"start":{"line":36,"column":6},"end":{"line":36,"column":16}},"1":{"start":{"line":38,"column":2},"end":{"line":38,"column":45}},"2":{"start":{"line":39,"column":2},"end":{"line":39,"column":45}},"3":{"start":{"line":40,"column":2},"end":{"line":40,"column":45}},"4":{"start":{"line":41,"column":2},"end":{"line":41,"column":51}},"5":{"start":{"line":42,"column":2},"end":{"line":42,"column":27}},"6":{"start":{"line":43,"column":2},"end":{"line":43,"column":27}},"7":{"start":{"line":50,"column":2},"end":{"line":50,"column":23}},"8":{"start":{"line":57,"column":2},"end":{"line":57,"column":23}},"9":{"start":{"line":64,"column":2},"end":{"line":64,"column":29}},"10":{"start":{"line":71,"column":2},"end":{"line":71,"column":29}},"11":{"start":{"line":78,"column":2},"end":{"line":78,"column":29}},"12":{"start":{"line":85,"column":2},"end":{"line":85,"column":32}},"13":{"start":{"line":19,"column":0},"end":{"line":19,"column":21}}},"fnMap":{"0":{"name":"(anonymous_0)","decl":{"start":{"line":28,"column":1},"end":{"line":28,"column":13}},"loc":{"start":{"line":28,"column":17},"end":{"line":44,"column":2}}},"1":{"name":"(anonymous_1)","decl":{"start":{"line":49,"column":1},"end":{"line":49,"column":12}},"loc":{"start":{"line":49,"column":12},"end":{"line":51,"column":2}}},"2":{"name":"(anonymous_2)","decl":{"start":{"line":56,"column":1},"end":{"line":56,"column":12}},"loc":{"start":{"line":56,"column":12},"end":{"line":58,"column":2}}},"3":{"name":"(anonymous_3)","decl":{"start":{"line":63,"column":1},"end":{"line":63,"column":18}},"loc":{"start":{"line":63,"column":18},"end":{"line":65,"column":2}}},"4":{"name":"(anonymous_4)","decl":{"start":{"line":70,"column":1},"end":{"line":70,"column":18}},"loc":{"start":{"line":70,"column":18},"end":{"line":72,"column":2}}},"5":{"name":"(anonymous_5)","decl":{"start":{"line":77,"column":1},"end":{"line":77,"column":18}},"loc":{"start":{"line":77,"column":18},"end":{"line":79,"column":2}}},"6":{"name":"(anonymous_6)","decl":{"start":{"line":84,"column":2},"end":{"line":84,"column":22}},"loc":{"start":{"line":84,"column":22},"end":{"line":86,"column":2}}}},"branchMap":{"0":{"loc":{"start":{"line":36,"column":6},"end":{"line":36,"column":16}},"type":"binary-expr","locations":[{"start":{"line":36,"column":6},"end":{"line":36,"column":10}},{"start":{"line":36,"column":14},"end":{"line":36,"column":16}}]},"1":{"loc":{"start":{"line":38,"column":24},"end":{"line":38,"column":44}},"type":"binary-expr","locations":[{"start":{"line":38,"column":24},"end":{"line":38,"column":38}},{"start":{"line":38,"column":42},"end":{"line":38,"column":44}}]},"2":{"loc":{"start":{"line":39,"column":24},"end":{"line":39,"column":44}},"type":"binary-expr","locations":[{"start":{"line":39,"column":24},"end":{"line":39,"column":38}},{"start":{"line":39,"column":42},"end":{"line":39,"column":44}}]},"3":{"loc":{"start":{"line":40,"column":24},"end":{"line":40,"column":44}},"type":"binary-expr","locations":[{"start":{"line":40,"column":24},"end":{"line":40,"column":38}},{"start":{"line":40,"column":42},"end":{"line":40,"column":44}}]},"4":{"loc":{"start":{"line":41,"column":27},"end":{"line":41,"column":50}},"type":"binary-expr","locations":[{"start":{"line":41,"column":27},"end":{"line":41,"column":44}},{"start":{"line":41,"column":48},"end":{"line":41,"column":50}}]}},"s":{"0":9,"1":9,"2":9,"3":9,"4":9,"5":9,"6":9,"7":1,"8":5,"9":12,"10":4,"11":12,"12":3,"13":12},"f":{"0":9,"1":1,"2":5,"3":12,"4":4,"5":12,"6":3},"b":{"0":[9,0],"1":[9,1],"2":[9,1],"3":[9,1],"4":[9,9]}}
,"/Users/work/Code/heat-js/amazon-cognito-identity-js/src/AuthenticationHelper.js": {"path":"/Users/work/Code/heat-js/amazon-cognito-identity-js/src/AuthenticationHelper.js","statementMap":{"0":{"start":{"line":18,"column":0},"end":{"line":18,"column":32}},"1":{"start":{"line":19,"column":0},"end":{"line":19,"column":38}},"2":{"start":{"line":20,"column":0},"end":{"line":20,"column":35}},"3":{"start":{"line":21,"column":0},"end":{"line":21,"column":38}},"4":{"start":{"line":22,"column":0},"end":{"line":22,"column":47}},"5":{"start":{"line":23,"column":0},"end":{"line":23,"column":42}},"6":{"start":{"line":33,"column":1},"end":{"line":33,"column":70}},"7":{"start":{"line":36,"column":0},"end":{"line":36,"column":38}},"8":{"start":{"line":41,"column":22},"end":{"line":41,"column":33}},"9":{"start":{"line":44,"column":1},"end":{"line":59,"column":51}},"10":{"start":{"line":61,"column":56},"end":{"line":61,"column":73}},"11":{"start":{"line":70,"column":2},"end":{"line":70,"column":37}},"12":{"start":{"line":71,"column":2},"end":{"line":71,"column":35}},"13":{"start":{"line":72,"column":2},"end":{"line":75,"column":4}},"14":{"start":{"line":77,"column":2},"end":{"line":77,"column":49}},"15":{"start":{"line":78,"column":2},"end":{"line":78,"column":32}},"16":{"start":{"line":80,"column":2},"end":{"line":80,"column":61}},"17":{"start":{"line":82,"column":2},"end":{"line":82,"column":27}},"18":{"start":{"line":89,"column":2},"end":{"line":89,"column":26}},"19":{"start":{"line":97,"column":2},"end":{"line":108,"column":null}},"20":{"start":{"line":98,"column":3},"end":{"line":98,"column":36}},"21":{"start":{"line":100,"column":3},"end":{"line":107,"column":6}},"22":{"start":{"line":101,"column":4},"end":{"line":103,"column":null}},"23":{"start":{"line":102,"column":5},"end":{"line":102,"column":25}},"24":{"start":{"line":105,"column":4},"end":{"line":105,"column":35}},"25":{"start":{"line":106,"column":4},"end":{"line":106,"column":37}},"26":{"start":{"line":118,"column":20},"end":{"line":118,"column":52}},"27":{"start":{"line":120,"column":23},"end":{"line":120,"column":52}},"28":{"start":{"line":124,"column":2},"end":{"line":124,"column":22}},"29":{"start":{"line":133,"column":2},"end":{"line":133,"column":44}},"30":{"start":{"line":140,"column":2},"end":{"line":140,"column":29}},"31":{"start":{"line":147,"column":2},"end":{"line":147,"column":32}},"32":{"start":{"line":154,"column":2},"end":{"line":154,"column":30}},"33":{"start":{"line":165,"column":2},"end":{"line":165,"column":52}},"34":{"start":{"line":166,"column":25},"end":{"line":166,"column":78}},"35":{"start":{"line":167,"column":23},"end":{"line":167,"column":48}},"36":{"start":{"line":169,"column":20},"end":{"line":169,"column":51}},"37":{"start":{"line":172,"column":2},"end":{"line":172,"column":70}},"38":{"start":{"line":174,"column":2},"end":{"line":185,"column":4}},"39":{"start":{"line":178,"column":4},"end":{"line":180,"column":null}},"40":{"start":{"line":179,"column":5},"end":{"line":179,"column":25}},"41":{"start":{"line":182,"column":4},"end":{"line":182,"column":65}},"42":{"start":{"line":183,"column":4},"end":{"line":183,"column":25}},"43":{"start":{"line":197,"column":2},"end":{"line":207,"column":5}},"44":{"start":{"line":198,"column":3},"end":{"line":200,"column":null}},"45":{"start":{"line":199,"column":4},"end":{"line":199,"column":24}},"46":{"start":{"line":202,"column":3},"end":{"line":204,"column":null}},"47":{"start":{"line":203,"column":4},"end":{"line":203,"column":73}},"48":{"start":{"line":206,"column":3},"end":{"line":206,"column":21}},"49":{"start":{"line":218,"column":2},"end":{"line":218,"column":64}},"50":{"start":{"line":219,"column":17},"end":{"line":219,"column":50}},"51":{"start":{"line":221,"column":2},"end":{"line":221,"column":16}},"52":{"start":{"line":232,"column":3},"end":{"line":232,"column":67}},"53":{"start":{"line":233,"column":18},"end":{"line":233,"column":40}},"54":{"start":{"line":235,"column":2},"end":{"line":235,"column":60}},"55":{"start":{"line":245,"column":2},"end":{"line":245,"column":47}},"56":{"start":{"line":256,"column":28},"end":{"line":260,"column":null}},"57":{"start":{"line":263,"column":3},"end":{"line":263,"column":67}},"58":{"start":{"line":265,"column":3},"end":{"line":265,"column":70}},"59":{"start":{"line":267,"column":14},"end":{"line":267,"column":53}},"60":{"start":{"line":268,"column":15},"end":{"line":268,"column":49}},"61":{"start":{"line":269,"column":2},"end":{"line":269,"column":58}},"62":{"start":{"line":288,"column":2},"end":{"line":290,"column":null}},"63":{"start":{"line":289,"column":3},"end":{"line":289,"column":40}},"64":{"start":{"line":292,"column":2},"end":{"line":292,"column":64}},"65":{"start":{"line":294,"column":2},"end":{"line":296,"column":null}},"66":{"start":{"line":295,"column":3},"end":{"line":295,"column":40}},"67":{"start":{"line":298,"column":27},"end":{"line":298,"column":68}},"68":{"start":{"line":299,"column":31},"end":{"line":299,"column":58}},"69":{"start":{"line":301,"column":17},"end":{"line":303,"column":null}},"70":{"start":{"line":305,"column":2},"end":{"line":316,"column":5}},"71":{"start":{"line":306,"column":3},"end":{"line":308,"column":null}},"72":{"start":{"line":307,"column":4},"end":{"line":307,"column":24}},"73":{"start":{"line":310,"column":16},"end":{"line":312,"column":null}},"74":{"start":{"line":315,"column":3},"end":{"line":315,"column":24}},"75":{"start":{"line":327,"column":2},"end":{"line":343,"column":5}},"76":{"start":{"line":328,"column":3},"end":{"line":330,"column":null}},"77":{"start":{"line":329,"column":4},"end":{"line":329,"column":24}},"78":{"start":{"line":332,"column":21},"end":{"line":332,"column":70}},"79":{"start":{"line":333,"column":3},"end":{"line":342,"column":5}},"80":{"start":{"line":337,"column":5},"end":{"line":339,"column":null}},"81":{"start":{"line":338,"column":6},"end":{"line":338,"column":27}},"82":{"start":{"line":340,"column":5},"end":{"line":340,"column":40}},"83":{"start":{"line":351,"column":2},"end":{"line":351,"column":57}},"84":{"start":{"line":381,"column":2},"end":{"line":383,"column":null}},"85":{"start":{"line":382,"column":3},"end":{"line":382,"column":39}},"86":{"start":{"line":385,"column":21},"end":{"line":385,"column":58}},"87":{"start":{"line":388,"column":15},"end":{"line":388,"column":40}},"88":{"start":{"line":391,"column":2},"end":{"line":391,"column":59}},"89":{"start":{"line":394,"column":2},"end":{"line":394,"column":63}},"90":{"start":{"line":396,"column":2},"end":{"line":424,"column":null}},"91":{"start":{"line":398,"column":27},"end":{"line":404,"column":13}},"92":{"start":{"line":401,"column":28},"end":{"line":401,"column":50}},"93":{"start":{"line":402,"column":5},"end":{"line":402,"column":54}},"94":{"start":{"line":407,"column":25},"end":{"line":408,"column":null}},"95":{"start":{"line":411,"column":3},"end":{"line":411,"column":39}},"96":{"start":{"line":421,"column":3},"end":{"line":423,"column":null}},"97":{"start":{"line":422,"column":4},"end":{"line":422,"column":33}},"98":{"start":{"line":426,"column":2},"end":{"line":426,"column":16}},"99":{"start":{"line":64,"column":0},"end":{"line":64,"column":21}}},"fnMap":{"0":{"name":"randomBytes","decl":{"start":{"line":32,"column":9},"end":{"line":32,"column":20}},"loc":{"start":{"line":32,"column":27},"end":{"line":34,"column":1}}},"1":{"name":"(anonymous_2)","decl":{"start":{"line":69,"column":1},"end":{"line":69,"column":13}},"loc":{"start":{"line":69,"column":21},"end":{"line":83,"column":2}}},"2":{"name":"(anonymous_3)","decl":{"start":{"line":78,"column":22},"end":{"line":78,"column":25}},"loc":{"start":{"line":78,"column":27},"end":{"line":78,"column":30}}},"3":{"name":"(anonymous_4)","decl":{"start":{"line":88,"column":1},"end":{"line":88,"column":15}},"loc":{"start":{"line":88,"column":15},"end":{"line":90,"column":2}}},"4":{"name":"(anonymous_5)","decl":{"start":{"line":96,"column":1},"end":{"line":96,"column":15}},"loc":{"start":{"line":96,"column":24},"end":{"line":109,"column":2}}},"5":{"name":"(anonymous_6)","decl":{"start":{"line":100,"column":37},"end":{"line":100,"column":38}},"loc":{"start":{"line":100,"column":58},"end":{"line":107,"column":4}}},"6":{"name":"(anonymous_7)","decl":{"start":{"line":116,"column":1},"end":{"line":116,"column":21}},"loc":{"start":{"line":116,"column":21},"end":{"line":125,"column":2}}},"7":{"name":"(anonymous_8)","decl":{"start":{"line":132,"column":1},"end":{"line":132,"column":21}},"loc":{"start":{"line":132,"column":21},"end":{"line":134,"column":2}}},"8":{"name":"(anonymous_9)","decl":{"start":{"line":139,"column":1},"end":{"line":139,"column":18}},"loc":{"start":{"line":139,"column":18},"end":{"line":141,"column":2}}},"9":{"name":"(anonymous_10)","decl":{"start":{"line":146,"column":1},"end":{"line":146,"column":15}},"loc":{"start":{"line":146,"column":15},"end":{"line":148,"column":2}}},"10":{"name":"(anonymous_11)","decl":{"start":{"line":153,"column":1},"end":{"line":153,"column":19}},"loc":{"start":{"line":153,"column":19},"end":{"line":155,"column":2}}},"11":{"name":"(anonymous_12)","decl":{"start":{"line":164,"column":1},"end":{"line":164,"column":19}},"loc":{"start":{"line":164,"column":54},"end":{"line":186,"column":2}}},"12":{"name":"(anonymous_13)","decl":{"start":{"line":177,"column":3},"end":{"line":177,"column":4}},"loc":{"start":{"line":177,"column":37},"end":{"line":184,"column":4}}},"13":{"name":"(anonymous_14)","decl":{"start":{"line":196,"column":1},"end":{"line":196,"column":11}},"loc":{"start":{"line":196,"column":23},"end":{"line":208,"column":2}}},"14":{"name":"(anonymous_15)","decl":{"start":{"line":197,"column":27},"end":{"line":197,"column":28}},"loc":{"start":{"line":197,"column":38},"end":{"line":207,"column":3}}},"15":{"name":"(anonymous_16)","decl":{"start":{"line":217,"column":1},"end":{"line":217,"column":11}},"loc":{"start":{"line":217,"column":16},"end":{"line":222,"column":2}}},"16":{"name":"(anonymous_17)","decl":{"start":{"line":230,"column":1},"end":{"line":230,"column":5}},"loc":{"start":{"line":230,"column":9},"end":{"line":236,"column":2}}},"17":{"name":"(anonymous_18)","decl":{"start":{"line":244,"column":1},"end":{"line":244,"column":8}},"loc":{"start":{"line":244,"column":15},"end":{"line":246,"column":2}}},"18":{"name":"(anonymous_19)","decl":{"start":{"line":255,"column":1},"end":{"line":255,"column":12}},"loc":{"start":{"line":255,"column":22},"end":{"line":270,"column":2}}},"19":{"name":"(anonymous_20)","decl":{"start":{"line":281,"column":1},"end":{"line":281,"column":29}},"loc":{"start":{"line":286,"column":10},"end":{"line":317,"column":2}}},"20":{"name":"(anonymous_21)","decl":{"start":{"line":305,"column":40},"end":{"line":305,"column":41}},"loc":{"start":{"line":305,"column":56},"end":{"line":316,"column":3}}},"21":{"name":"(anonymous_22)","decl":{"start":{"line":326,"column":1},"end":{"line":326,"column":11}},"loc":{"start":{"line":326,"column":42},"end":{"line":344,"column":2}}},"22":{"name":"(anonymous_23)","decl":{"start":{"line":327,"column":32},"end":{"line":327,"column":33}},"loc":{"start":{"line":327,"column":51},"end":{"line":343,"column":3}}},"23":{"name":"(anonymous_24)","decl":{"start":{"line":336,"column":4},"end":{"line":336,"column":5}},"loc":{"start":{"line":336,"column":21},"end":{"line":341,"column":5}}},"24":{"name":"(anonymous_25)","decl":{"start":{"line":350,"column":1},"end":{"line":350,"column":51}},"loc":{"start":{"line":350,"column":51},"end":{"line":352,"column":2}}},"25":{"name":"(anonymous_26)","decl":{"start":{"line":380,"column":1},"end":{"line":380,"column":7}},"loc":{"start":{"line":380,"column":14},"end":{"line":427,"column":2}}},"26":{"name":"(anonymous_27)","decl":{"start":{"line":400,"column":9},"end":{"line":400,"column":10}},"loc":{"start":{"line":400,"column":13},"end":{"line":403,"column":5}}}},"branchMap":{"0":{"loc":{"start":{"line":97,"column":2},"end":{"line":108,"column":null}},"type":"if","locations":[{"start":{"line":97,"column":2},"end":{"line":108,"column":null}},{"start":{"line":99,"column":9},"end":{"line":108,"column":null}}]},"1":{"loc":{"start":{"line":101,"column":4},"end":{"line":103,"column":null}},"type":"if","locations":[{"start":{"line":101,"column":4},"end":{"line":103,"column":null}}]},"2":{"loc":{"start":{"line":178,"column":4},"end":{"line":180,"column":null}},"type":"if","locations":[{"start":{"line":178,"column":4},"end":{"line":180,"column":null}}]},"3":{"loc":{"start":{"line":198,"column":3},"end":{"line":200,"column":null}},"type":"if","locations":[{"start":{"line":198,"column":3},"end":{"line":200,"column":null}}]},"4":{"loc":{"start":{"line":202,"column":3},"end":{"line":204,"column":null}},"type":"if","locations":[{"start":{"line":202,"column":3},"end":{"line":204,"column":null}}]},"5":{"loc":{"start":{"line":232,"column":3},"end":{"line":232,"column":67}},"type":"cond-expr","locations":[{"start":{"line":232,"column":27},"end":{"line":232,"column":61}},{"start":{"line":232,"column":64},"end":{"line":232,"column":67}}]},"6":{"loc":{"start":{"line":263,"column":3},"end":{"line":263,"column":67}},"type":"cond-expr","locations":[{"start":{"line":263,"column":27},"end":{"line":263,"column":61}},{"start":{"line":263,"column":64},"end":{"line":263,"column":67}}]},"7":{"loc":{"start":{"line":265,"column":3},"end":{"line":265,"column":70}},"type":"cond-expr","locations":[{"start":{"line":265,"column":28},"end":{"line":265,"column":63}},{"start":{"line":265,"column":66},"end":{"line":265,"column":70}}]},"8":{"loc":{"start":{"line":288,"column":2},"end":{"line":290,"column":null}},"type":"if","locations":[{"start":{"line":288,"column":2},"end":{"line":290,"column":null}}]},"9":{"loc":{"start":{"line":294,"column":2},"end":{"line":296,"column":null}},"type":"if","locations":[{"start":{"line":294,"column":2},"end":{"line":296,"column":null}}]},"10":{"loc":{"start":{"line":306,"column":3},"end":{"line":308,"column":null}},"type":"if","locations":[{"start":{"line":306,"column":3},"end":{"line":308,"column":null}}]},"11":{"loc":{"start":{"line":328,"column":3},"end":{"line":330,"column":null}},"type":"if","locations":[{"start":{"line":328,"column":3},"end":{"line":330,"column":null}}]},"12":{"loc":{"start":{"line":337,"column":5},"end":{"line":339,"column":null}},"type":"if","locations":[{"start":{"line":337,"column":5},"end":{"line":339,"column":null}}]},"13":{"loc":{"start":{"line":381,"column":2},"end":{"line":383,"column":null}},"type":"if","locations":[{"start":{"line":381,"column":2},"end":{"line":383,"column":null}}]},"14":{"loc":{"start":{"line":391,"column":11},"end":{"line":391,"column":58}},"type":"cond-expr","locations":[{"start":{"line":391,"column":37},"end":{"line":391,"column":49}},{"start":{"line":391,"column":52},"end":{"line":391,"column":58}}]},"15":{"loc":{"start":{"line":394,"column":11},"end":{"line":394,"column":62}},"type":"cond-expr","locations":[{"start":{"line":394,"column":40},"end":{"line":394,"column":53}},{"start":{"line":394,"column":56},"end":{"line":394,"column":62}}]},"16":{"loc":{"start":{"line":396,"column":2},"end":{"line":424,"column":null}},"type":"if","locations":[{"start":{"line":396,"column":2},"end":{"line":424,"column":null}}]},"17":{"loc":{"start":{"line":421,"column":3},"end":{"line":423,"column":null}},"type":"if","locations":[{"start":{"line":421,"column":3},"end":{"line":423,"column":null}}]}},"s":{"0":12,"1":12,"2":12,"3":12,"4":12,"5":12,"6":55,"7":12,"8":12,"9":12,"10":12,"11":27,"12":27,"13":27,"14":27,"15":27,"16":27,"17":27,"18":1,"19":28,"20":6,"21":22,"22":22,"23":1,"24":22,"25":22,"26":30,"27":30,"28":30,"29":16,"30":11,"31":8,"32":10,"33":9,"34":9,"35":9,"36":9,"37":9,"38":9,"39":9,"40":1,"41":9,"42":8,"43":24,"44":24,"45":1,"46":24,"47":1,"48":23,"49":4,"50":4,"51":4,"52":56,"53":56,"54":56,"55":44,"56":2,"57":2,"58":2,"59":2,"60":2,"61":2,"62":4,"63":1,"64":3,"65":3,"66":1,"67":2,"68":2,"69":2,"70":2,"71":2,"72":1,"73":2,"74":1,"75":4,"76":4,"77":1,"78":4,"79":3,"80":3,"81":1,"82":3,"83":5,"84":600,"85":2,"86":598,"87":598,"88":598,"89":598,"90":598,"91":256,"92":770,"93":770,"94":256,"95":256,"96":256,"97":1,"98":598,"99":12},"f":{"0":55,"1":27,"2":27,"3":1,"4":28,"5":22,"6":30,"7":16,"8":11,"9":8,"10":10,"11":9,"12":9,"13":24,"14":24,"15":4,"16":56,"17":44,"18":2,"19":4,"20":2,"21":4,"22":4,"23":3,"24":5,"25":600,"26":770},"b":{"0":[6,22],"1":[1],"2":[1],"3":[1],"4":[1],"5":[45,11],"6":[2,0],"7":[2,0],"8":[1],"9":[1],"10":[1],"11":[1],"12":[1],"13":[2],"14":[60,538],"15":[308,290],"16":[256],"17":[1]}}
,"/Users/work/Code/heat-js/amazon-cognito-identity-js/src/BigInteger.js": {"path":"/Users/work/Code/heat-js/amazon-cognito-identity-js/src/BigInteger.js","statementMap":{"0":{"start":{"line":18,"column":0},"end":{"line":18,"column":26}},"1":{"start":{"line":53,"column":1},"end":{"line":53,"column":38}},"2":{"start":{"line":53,"column":16},"end":{"line":53,"column":38}},"3":{"start":{"line":58,"column":1},"end":{"line":58,"column":29}},"4":{"start":{"line":65,"column":13},"end":{"line":65,"column":27}},"5":{"start":{"line":66,"column":11},"end":{"line":66,"column":42}},"6":{"start":{"line":77,"column":1},"end":{"line":81,"column":null}},"7":{"start":{"line":78,"column":10},"end":{"line":78,"column":34}},"8":{"start":{"line":79,"column":2},"end":{"line":79,"column":32}},"9":{"start":{"line":80,"column":2},"end":{"line":80,"column":25}},"10":{"start":{"line":82,"column":1},"end":{"line":82,"column":10}},"11":{"start":{"line":88,"column":10},"end":{"line":88,"column":20}},"12":{"start":{"line":89,"column":7},"end":{"line":89,"column":14}},"13":{"start":{"line":90,"column":1},"end":{"line":97,"column":null}},"14":{"start":{"line":91,"column":10},"end":{"line":91,"column":26}},"15":{"start":{"line":92,"column":10},"end":{"line":92,"column":25}},"16":{"start":{"line":93,"column":10},"end":{"line":93,"column":25}},"17":{"start":{"line":94,"column":2},"end":{"line":94,"column":62}},"18":{"start":{"line":95,"column":2},"end":{"line":95,"column":52}},"19":{"start":{"line":96,"column":2},"end":{"line":96,"column":26}},"20":{"start":{"line":98,"column":1},"end":{"line":98,"column":10}},"21":{"start":{"line":103,"column":10},"end":{"line":103,"column":20}},"22":{"start":{"line":104,"column":7},"end":{"line":104,"column":14}},"23":{"start":{"line":105,"column":1},"end":{"line":112,"column":null}},"24":{"start":{"line":106,"column":10},"end":{"line":106,"column":26}},"25":{"start":{"line":107,"column":10},"end":{"line":107,"column":25}},"26":{"start":{"line":108,"column":10},"end":{"line":108,"column":25}},"27":{"start":{"line":109,"column":2},"end":{"line":109,"column":47}},"28":{"start":{"line":110,"column":2},"end":{"line":110,"column":37}},"29":{"start":{"line":111,"column":2},"end":{"line":111,"column":25}},"30":{"start":{"line":113,"column":1},"end":{"line":113,"column":10}},"31":{"start":{"line":115,"column":16},"end":{"line":115,"column":48}},"32":{"start":{"line":116,"column":0},"end":{"line":126,"column":null}},"33":{"start":{"line":117,"column":1},"end":{"line":117,"column":31}},"34":{"start":{"line":118,"column":1},"end":{"line":118,"column":12}},"35":{"start":{"line":119,"column":7},"end":{"line":126,"column":null}},"36":{"start":{"line":120,"column":1},"end":{"line":120,"column":31}},"37":{"start":{"line":121,"column":1},"end":{"line":121,"column":12}},"38":{"start":{"line":124,"column":1},"end":{"line":124,"column":31}},"39":{"start":{"line":125,"column":1},"end":{"line":125,"column":12}},"40":{"start":{"line":128,"column":0},"end":{"line":128,"column":32}},"41":{"start":{"line":129,"column":0},"end":{"line":129,"column":43}},"42":{"start":{"line":130,"column":0},"end":{"line":130,"column":37}},"43":{"start":{"line":132,"column":12},"end":{"line":132,"column":14}},"44":{"start":{"line":133,"column":0},"end":{"line":133,"column":45}},"45":{"start":{"line":134,"column":0},"end":{"line":134,"column":40}},"46":{"start":{"line":135,"column":0},"end":{"line":135,"column":44}},"47":{"start":{"line":138,"column":12},"end":{"line":138,"column":50}},"48":{"start":{"line":139,"column":12},"end":{"line":139,"column":23}},"49":{"start":{"line":141,"column":0},"end":{"line":141,"column":23}},"50":{"start":{"line":142,"column":0},"end":{"line":142,"column":45}},"51":{"start":{"line":142,"column":28},"end":{"line":142,"column":45}},"52":{"start":{"line":143,"column":0},"end":{"line":143,"column":23}},"53":{"start":{"line":144,"column":0},"end":{"line":144,"column":46}},"54":{"start":{"line":144,"column":29},"end":{"line":144,"column":46}},"55":{"start":{"line":145,"column":0},"end":{"line":145,"column":23}},"56":{"start":{"line":146,"column":0},"end":{"line":146,"column":46}},"57":{"start":{"line":146,"column":29},"end":{"line":146,"column":46}},"58":{"start":{"line":149,"column":1},"end":{"line":149,"column":24}},"59":{"start":{"line":152,"column":9},"end":{"line":152,"column":31}},"60":{"start":{"line":153,"column":1},"end":{"line":153,"column":27}},"61":{"start":{"line":158,"column":1},"end":{"line":158,"column":54}},"62":{"start":{"line":158,"column":14},"end":{"line":158,"column":24}},"63":{"start":{"line":158,"column":39},"end":{"line":158,"column":54}},"64":{"start":{"line":159,"column":1},"end":{"line":159,"column":14}},"65":{"start":{"line":160,"column":1},"end":{"line":160,"column":14}},"66":{"start":{"line":165,"column":1},"end":{"line":165,"column":12}},"67":{"start":{"line":166,"column":1},"end":{"line":166,"column":25}},"68":{"start":{"line":167,"column":1},"end":{"line":169,"column":17}},"69":{"start":{"line":167,"column":12},"end":{"line":167,"column":24}},"70":{"start":{"line":168,"column":6},"end":{"line":169,"column":17}},"71":{"start":{"line":168,"column":18},"end":{"line":168,"column":40}},"72":{"start":{"line":169,"column":6},"end":{"line":169,"column":17}},"73":{"start":{"line":174,"column":9},"end":{"line":174,"column":14}},"74":{"start":{"line":176,"column":1},"end":{"line":176,"column":14}},"75":{"start":{"line":178,"column":1},"end":{"line":178,"column":10}},"76":{"start":{"line":184,"column":1},"end":{"line":189,"column":66}},"77":{"start":{"line":184,"column":14},"end":{"line":184,"column":20}},"78":{"start":{"line":185,"column":6},"end":{"line":189,"column":66}},"79":{"start":{"line":185,"column":18},"end":{"line":185,"column":24}},"80":{"start":{"line":186,"column":6},"end":{"line":189,"column":66}},"81":{"start":{"line":186,"column":18},"end":{"line":186,"column":24}},"82":{"start":{"line":187,"column":6},"end":{"line":189,"column":66}},"83":{"start":{"line":187,"column":19},"end":{"line":187,"column":25}},"84":{"start":{"line":188,"column":6},"end":{"line":189,"column":66}},"85":{"start":{"line":188,"column":18},"end":{"line":188,"column":24}},"86":{"start":{"line":189,"column":6},"end":{"line":189,"column":66}},"87":{"start":{"line":190,"column":1},"end":{"line":190,"column":12}},"88":{"start":{"line":191,"column":1},"end":{"line":191,"column":12}},"89":{"start":{"line":192,"column":9},"end":{"line":192,"column":17}},"90":{"start":{"line":193,"column":7},"end":{"line":193,"column":12}},"91":{"start":{"line":194,"column":7},"end":{"line":194,"column":8}},"92":{"start":{"line":195,"column":1},"end":{"line":209,"column":null}},"93":{"start":{"line":196,"column":10},"end":{"line":196,"column":21}},"94":{"start":{"line":197,"column":2},"end":{"line":200,"column":null}},"95":{"start":{"line":198,"column":3},"end":{"line":198,"column":37}},"96":{"start":{"line":198,"column":27},"end":{"line":198,"column":37}},"97":{"start":{"line":199,"column":3},"end":{"line":199,"column":12}},"98":{"start":{"line":201,"column":2},"end":{"line":201,"column":13}},"99":{"start":{"line":202,"column":2},"end":{"line":206,"column":37}},"100":{"start":{"line":202,"column":15},"end":{"line":202,"column":34}},"101":{"start":{"line":203,"column":7},"end":{"line":206,"column":37}},"102":{"start":{"line":204,"column":3},"end":{"line":204,"column":63}},"103":{"start":{"line":205,"column":3},"end":{"line":205,"column":40}},"104":{"start":{"line":206,"column":9},"end":{"line":206,"column":37}},"105":{"start":{"line":207,"column":2},"end":{"line":207,"column":10}},"106":{"start":{"line":208,"column":2},"end":{"line":208,"column":35}},"107":{"start":{"line":208,"column":21},"end":{"line":208,"column":35}},"108":{"start":{"line":210,"column":1},"end":{"line":210,"column":14}},"109":{"start":{"line":211,"column":1},"end":{"line":211,"column":43}},"110":{"start":{"line":211,"column":9},"end":{"line":211,"column":43}},"111":{"start":{"line":216,"column":9},"end":{"line":216,"column":25}},"112":{"start":{"line":217,"column":1},"end":{"line":217,"column":54}},"113":{"start":{"line":217,"column":45},"end":{"line":217,"column":54}},"114":{"start":{"line":222,"column":1},"end":{"line":222,"column":56}},"115":{"start":{"line":222,"column":17},"end":{"line":222,"column":56}},"116":{"start":{"line":224,"column":1},"end":{"line":229,"column":66}},"117":{"start":{"line":224,"column":14},"end":{"line":224,"column":20}},"118":{"start":{"line":225,"column":6},"end":{"line":229,"column":66}},"119":{"start":{"line":225,"column":18},"end":{"line":225,"column":24}},"120":{"start":{"line":226,"column":6},"end":{"line":229,"column":66}},"121":{"start":{"line":226,"column":18},"end":{"line":226,"column":24}},"122":{"start":{"line":227,"column":6},"end":{"line":229,"column":66}},"123":{"start":{"line":227,"column":19},"end":{"line":227,"column":25}},"124":{"start":{"line":228,"column":6},"end":{"line":229,"column":66}},"125":{"start":{"line":228,"column":18},"end":{"line":228,"column":24}},"126":{"start":{"line":229,"column":6},"end":{"line":229,"column":66}},"127":{"start":{"line":230,"column":10},"end":{"line":230,"column":22}},"128":{"start":{"line":232,"column":6},"end":{"line":232,"column":11}},"129":{"start":{"line":233,"column":6},"end":{"line":233,"column":8}},"130":{"start":{"line":234,"column":6},"end":{"line":234,"column":12}},"131":{"start":{"line":235,"column":9},"end":{"line":235,"column":38}},"132":{"start":{"line":236,"column":1},"end":{"line":255,"column":null}},"133":{"start":{"line":237,"column":2},"end":{"line":240,"column":null}},"134":{"start":{"line":238,"column":3},"end":{"line":238,"column":12}},"135":{"start":{"line":239,"column":3},"end":{"line":239,"column":19}},"136":{"start":{"line":241,"column":2},"end":{"line":254,"column":null}},"137":{"start":{"line":242,"column":3},"end":{"line":251,"column":null}},"138":{"start":{"line":243,"column":4},"end":{"line":243,"column":46}},"139":{"start":{"line":244,"column":4},"end":{"line":244,"column":41}},"140":{"start":{"line":246,"column":4},"end":{"line":246,"column":35}},"141":{"start":{"line":247,"column":4},"end":{"line":250,"column":null}},"142":{"start":{"line":248,"column":5},"end":{"line":248,"column":18}},"143":{"start":{"line":249,"column":5},"end":{"line":249,"column":9}},"144":{"start":{"line":252,"column":3},"end":{"line":252,"column":23}},"145":{"start":{"line":252,"column":14},"end":{"line":252,"column":23}},"146":{"start":{"line":253,"column":3},"end":{"line":253,"column":27}},"147":{"start":{"line":253,"column":10},"end":{"line":253,"column":27}},"148":{"start":{"line":256,"column":1},"end":{"line":256,"column":20}},"149":{"start":{"line":261,"column":9},"end":{"line":261,"column":14}},"150":{"start":{"line":263,"column":1},"end":{"line":263,"column":32}},"151":{"start":{"line":265,"column":1},"end":{"line":265,"column":10}},"152":{"start":{"line":270,"column":1},"end":{"line":270,"column":42}},"153":{"start":{"line":275,"column":9},"end":{"line":275,"column":21}},"154":{"start":{"line":276,"column":1},"end":{"line":276,"column":22}},"155":{"start":{"line":276,"column":13},"end":{"line":276,"column":22}},"156":{"start":{"line":277,"column":9},"end":{"line":277,"column":15}},"157":{"start":{"line":278,"column":1},"end":{"line":278,"column":13}},"158":{"start":{"line":279,"column":1},"end":{"line":279,"column":40}},"159":{"start":{"line":279,"column":13},"end":{"line":279,"column":40}},"160":{"start":{"line":280,"column":1},"end":{"line":280,"column":58}},"161":{"start":{"line":280,"column":18},"end":{"line":280,"column":58}},"162":{"start":{"line":280,"column":49},"end":{"line":280,"column":58}},"163":{"start":{"line":281,"column":1},"end":{"line":281,"column":10}},"164":{"start":{"line":286,"column":9},"end":{"line":286,"column":10}},"165":{"start":{"line":288,"column":1},"end":{"line":291,"column":null}},"166":{"start":{"line":289,"column":2},"end":{"line":289,"column":8}},"167":{"start":{"line":290,"column":2},"end":{"line":290,"column":10}},"168":{"start":{"line":292,"column":1},"end":{"line":295,"column":null}},"169":{"start":{"line":293,"column":2},"end":{"line":293,"column":8}},"170":{"start":{"line":294,"column":2},"end":{"line":294,"column":9}},"171":{"start":{"line":296,"column":1},"end":{"line":299,"column":null}},"172":{"start":{"line":297,"column":2},"end":{"line":297,"column":8}},"173":{"start":{"line":298,"column":2},"end":{"line":298,"column":9}},"174":{"start":{"line":300,"column":1},"end":{"line":303,"column":null}},"175":{"start":{"line":301,"column":2},"end":{"line":301,"column":8}},"176":{"start":{"line":302,"column":2},"end":{"line":302,"column":9}},"177":{"start":{"line":304,"column":1},"end":{"line":307,"column":null}},"178":{"start":{"line":305,"column":2},"end":{"line":305,"column":8}},"179":{"start":{"line":306,"column":2},"end":{"line":306,"column":9}},"180":{"start":{"line":308,"column":1},"end":{"line":308,"column":10}},"181":{"start":{"line":313,"column":1},"end":{"line":313,"column":27}},"182":{"start":{"line":313,"column":18},"end":{"line":313,"column":27}},"183":{"start":{"line":314,"column":1},"end":{"line":314,"column":78}},"184":{"start":{"line":320,"column":1},"end":{"line":320,"column":54}},"185":{"start":{"line":320,"column":35},"end":{"line":320,"column":54}},"186":{"start":{"line":321,"column":1},"end":{"line":321,"column":39}},"187":{"start":{"line":321,"column":30},"end":{"line":321,"column":39}},"188":{"start":{"line":322,"column":1},"end":{"line":322,"column":18}},"189":{"start":{"line":323,"column":1},"end":{"line":323,"column":14}},"190":{"start":{"line":328,"column":1},"end":{"line":328,"column":53}},"191":{"start":{"line":328,"column":14},"end":{"line":328,"column":15}},"192":{"start":{"line":328,"column":34},"end":{"line":328,"column":53}},"193":{"start":{"line":329,"column":1},"end":{"line":329,"column":31}},"194":{"start":{"line":330,"column":1},"end":{"line":330,"column":14}},"195":{"start":{"line":335,"column":10},"end":{"line":335,"column":21}},"196":{"start":{"line":336,"column":11},"end":{"line":336,"column":23}},"197":{"start":{"line":337,"column":10},"end":{"line":337,"column":24}},"198":{"start":{"line":338,"column":10},"end":{"line":338,"column":33}},"199":{"start":{"line":339,"column":6},"end":{"line":339,"column":30}},"200":{"start":{"line":341,"column":1},"end":{"line":344,"column":null}},"201":{"start":{"line":342,"column":2},"end":{"line":342,"column":39}},"202":{"start":{"line":343,"column":2},"end":{"line":343,"column":27}},"203":{"start":{"line":345,"column":1},"end":{"line":345,"column":40}},"204":{"start":{"line":345,"column":31},"end":{"line":345,"column":40}},"205":{"start":{"line":346,"column":1},"end":{"line":346,"column":11}},"206":{"start":{"line":347,"column":1},"end":{"line":347,"column":23}},"207":{"start":{"line":348,"column":1},"end":{"line":348,"column":14}},"208":{"start":{"line":349,"column":1},"end":{"line":349,"column":11}},"209":{"start":{"line":354,"column":1},"end":{"line":354,"column":14}},"210":{"start":{"line":355,"column":10},"end":{"line":355,"column":33}},"211":{"start":{"line":356,"column":1},"end":{"line":359,"column":null}},"212":{"start":{"line":357,"column":2},"end":{"line":357,"column":10}},"213":{"start":{"line":358,"column":2},"end":{"line":358,"column":9}},"214":{"start":{"line":360,"column":10},"end":{"line":360,"column":21}},"215":{"start":{"line":361,"column":11},"end":{"line":361,"column":23}},"216":{"start":{"line":362,"column":10},"end":{"line":362,"column":23}},"217":{"start":{"line":363,"column":1},"end":{"line":363,"column":23}},"218":{"start":{"line":364,"column":1},"end":{"line":367,"column":null}},"219":{"start":{"line":364,"column":14},"end":{"line":364,"column":20}},"220":{"start":{"line":365,"column":2},"end":{"line":365,"column":41}},"221":{"start":{"line":366,"column":2},"end":{"line":366,"column":28}},"222":{"start":{"line":368,"column":1},"end":{"line":368,"column":56}},"223":{"start":{"line":368,"column":13},"end":{"line":368,"column":56}},"224":{"start":{"line":369,"column":1},"end":{"line":369,"column":19}},"225":{"start":{"line":370,"column":1},"end":{"line":370,"column":11}},"226":{"start":{"line":375,"column":9},"end":{"line":375,"column":10}},"227":{"start":{"line":376,"column":6},"end":{"line":376,"column":7}},"228":{"start":{"line":377,"column":6},"end":{"line":377,"column":27}},"229":{"start":{"line":378,"column":1},"end":{"line":382,"column":null}},"230":{"start":{"line":379,"column":2},"end":{"line":379,"column":22}},"231":{"start":{"line":380,"column":2},"end":{"line":380,"column":23}},"232":{"start":{"line":381,"column":2},"end":{"line":381,"column":16}},"233":{"start":{"line":383,"column":1},"end":{"line":399,"column":null}},"234":{"start":{"line":384,"column":2},"end":{"line":384,"column":11}},"235":{"start":{"line":385,"column":2},"end":{"line":389,"column":null}},"236":{"start":{"line":386,"column":3},"end":{"line":386,"column":16}},"237":{"start":{"line":387,"column":3},"end":{"line":387,"column":24}},"238":{"start":{"line":388,"column":3},"end":{"line":388,"column":17}},"239":{"start":{"line":390,"column":2},"end":{"line":390,"column":14}},"240":{"start":{"line":392,"column":2},"end":{"line":392,"column":14}},"241":{"start":{"line":393,"column":2},"end":{"line":397,"column":null}},"242":{"start":{"line":394,"column":3},"end":{"line":394,"column":13}},"243":{"start":{"line":395,"column":3},"end":{"line":395,"column":24}},"244":{"start":{"line":396,"column":3},"end":{"line":396,"column":17}},"245":{"start":{"line":398,"column":2},"end":{"line":398,"column":11}},"246":{"start":{"line":400,"column":1},"end":{"line":400,"column":22}},"247":{"start":{"line":401,"column":1},"end":{"line":402,"column":28}},"248":{"start":{"line":401,"column":13},"end":{"line":401,"column":34}},"249":{"start":{"line":402,"column":6},"end":{"line":402,"column":28}},"250":{"start":{"line":402,"column":17},"end":{"line":402,"column":28}},"251":{"start":{"line":403,"column":1},"end":{"line":403,"column":9}},"252":{"start":{"line":404,"column":1},"end":{"line":404,"column":11}},"253":{"start":{"line":410,"column":9},"end":{"line":410,"column":19}},"254":{"start":{"line":411,"column":6},"end":{"line":411,"column":13}},"255":{"start":{"line":412,"column":9},"end":{"line":412,"column":12}},"256":{"start":{"line":413,"column":1},"end":{"line":413,"column":15}},"257":{"start":{"line":414,"column":1},"end":{"line":414,"column":27}},"258":{"start":{"line":414,"column":18},"end":{"line":414,"column":27}},"259":{"start":{"line":415,"column":1},"end":{"line":415,"column":68}},"260":{"start":{"line":415,"column":27},"end":{"line":415,"column":68}},"261":{"start":{"line":416,"column":1},"end":{"line":416,"column":9}},"262":{"start":{"line":417,"column":1},"end":{"line":417,"column":11}},"263":{"start":{"line":418,"column":1},"end":{"line":418,"column":48}},"264":{"start":{"line":418,"column":20},"end":{"line":418,"column":48}},"265":{"start":{"line":423,"column":9},"end":{"line":423,"column":19}},"266":{"start":{"line":424,"column":10},"end":{"line":424,"column":23}},"267":{"start":{"line":425,"column":1},"end":{"line":425,"column":27}},"268":{"start":{"line":425,"column":18},"end":{"line":425,"column":27}},"269":{"start":{"line":426,"column":1},"end":{"line":435,"column":null}},"270":{"start":{"line":427,"column":10},"end":{"line":427,"column":39}},"271":{"start":{"line":428,"column":2},"end":{"line":434,"column":null}},"272":{"start":{"line":432,"column":3},"end":{"line":432,"column":22}},"273":{"start":{"line":433,"column":3},"end":{"line":433,"column":22}},"274":{"start":{"line":436,"column":1},"end":{"line":436,"column":58}},"275":{"start":{"line":436,"column":14},"end":{"line":436,"column":58}},"276":{"start":{"line":437,"column":1},"end":{"line":437,"column":9}},"277":{"start":{"line":438,"column":1},"end":{"line":438,"column":11}},"278":{"start":{"line":444,"column":10},"end":{"line":444,"column":17}},"279":{"start":{"line":445,"column":1},"end":{"line":445,"column":23}},"280":{"start":{"line":445,"column":16},"end":{"line":445,"column":23}},"281":{"start":{"line":446,"column":10},"end":{"line":446,"column":20}},"282":{"start":{"line":447,"column":1},"end":{"line":451,"column":null}},"283":{"start":{"line":448,"column":2},"end":{"line":448,"column":30}},"284":{"start":{"line":448,"column":17},"end":{"line":448,"column":30}},"285":{"start":{"line":449,"column":2},"end":{"line":449,"column":32}},"286":{"start":{"line":449,"column":17},"end":{"line":449,"column":32}},"287":{"start":{"line":450,"column":2},"end":{"line":450,"column":9}},"288":{"start":{"line":452,"column":1},"end":{"line":452,"column":26}},"289":{"start":{"line":452,"column":16},"end":{"line":452,"column":26}},"290":{"start":{"line":453,"column":9},"end":{"line":453,"column":14}},"291":{"start":{"line":454,"column":7},"end":{"line":454,"column":13}},"292":{"start":{"line":455,"column":7},"end":{"line":455,"column":10}},"293":{"start":{"line":456,"column":11},"end":{"line":456,"column":40}},"294":{"start":{"line":458,"column":1},"end":{"line":464,"column":null}},"295":{"start":{"line":459,"column":2},"end":{"line":459,"column":22}},"296":{"start":{"line":460,"column":2},"end":{"line":460,"column":22}},"297":{"start":{"line":462,"column":2},"end":{"line":462,"column":15}},"298":{"start":{"line":463,"column":2},"end":{"line":463,"column":15}},"299":{"start":{"line":465,"column":10},"end":{"line":465,"column":13}},"300":{"start":{"line":466,"column":10},"end":{"line":466,"column":19}},"301":{"start":{"line":467,"column":1},"end":{"line":467,"column":21}},"302":{"start":{"line":467,"column":14},"end":{"line":467,"column":21}},"303":{"start":{"line":468,"column":10},"end":{"line":468,"column":67}},"304":{"start":{"line":469,"column":10},"end":{"line":469,"column":22}},"305":{"start":{"line":470,"column":7},"end":{"line":470,"column":26}},"306":{"start":{"line":471,"column":6},"end":{"line":471,"column":18}},"307":{"start":{"line":472,"column":9},"end":{"line":472,"column":12}},"308":{"start":{"line":473,"column":6},"end":{"line":473,"column":12}},"309":{"start":{"line":474,"column":6},"end":{"line":474,"column":27}},"310":{"start":{"line":475,"column":1},"end":{"line":475,"column":19}},"311":{"start":{"line":476,"column":1},"end":{"line":479,"column":null}},"312":{"start":{"line":477,"column":2},"end":{"line":477,"column":15}},"313":{"start":{"line":478,"column":2},"end":{"line":478,"column":16}},"314":{"start":{"line":480,"column":1},"end":{"line":480,"column":33}},"315":{"start":{"line":481,"column":1},"end":{"line":481,"column":15}},"316":{"start":{"line":483,"column":1},"end":{"line":483,"column":31}},"317":{"start":{"line":483,"column":18},"end":{"line":483,"column":31}},"318":{"start":{"line":484,"column":1},"end":{"line":494,"column":null}},"319":{"start":{"line":487,"column":3},"end":{"line":487,"column":71}},"320":{"start":{"line":488,"column":2},"end":{"line":493,"column":null}},"321":{"start":{"line":490,"column":3},"end":{"line":490,"column":21}},"322":{"start":{"line":491,"column":3},"end":{"line":491,"column":17}},"323":{"start":{"line":492,"column":3},"end":{"line":492,"column":37}},"324":{"start":{"line":492,"column":23},"end":{"line":492,"column":37}},"325":{"start":{"line":495,"column":1},"end":{"line":498,"column":null}},"326":{"start":{"line":496,"column":2},"end":{"line":496,"column":21}},"327":{"start":{"line":497,"column":2},"end":{"line":497,"column":44}},"328":{"start":{"line":497,"column":16},"end":{"line":497,"column":44}},"329":{"start":{"line":499,"column":1},"end":{"line":499,"column":10}},"330":{"start":{"line":500,"column":1},"end":{"line":500,"column":11}},"331":{"start":{"line":501,"column":1},"end":{"line":501,"column":33}},"332":{"start":{"line":501,"column":14},"end":{"line":501,"column":33}},"333":{"start":{"line":503,"column":1},"end":{"line":503,"column":41}},"334":{"start":{"line":503,"column":13},"end":{"line":503,"column":41}},"335":{"start":{"line":508,"column":9},"end":{"line":508,"column":14}},"336":{"start":{"line":509,"column":1},"end":{"line":509,"column":33}},"337":{"start":{"line":510,"column":1},"end":{"line":510,"column":67}},"338":{"start":{"line":510,"column":53},"end":{"line":510,"column":67}},"339":{"start":{"line":511,"column":1},"end":{"line":511,"column":10}},"340":{"start":{"line":525,"column":1},"end":{"line":525,"column":26}},"341":{"start":{"line":525,"column":17},"end":{"line":525,"column":26}},"342":{"start":{"line":526,"column":9},"end":{"line":526,"column":16}},"343":{"start":{"line":527,"column":1},"end":{"line":527,"column":28}},"344":{"start":{"line":527,"column":19},"end":{"line":527,"column":28}},"345":{"start":{"line":528,"column":9},"end":{"line":528,"column":14}},"346":{"start":{"line":530,"column":1},"end":{"line":530,"column":37}},"347":{"start":{"line":532,"column":1},"end":{"line":532,"column":39}},"348":{"start":{"line":534,"column":1},"end":{"line":534,"column":56}},"349":{"start":{"line":538,"column":1},"end":{"line":538,"column":47}},"350":{"start":{"line":541,"column":1},"end":{"line":541,"column":33}},"351":{"start":{"line":545,"column":1},"end":{"line":545,"column":31}},"352":{"start":{"line":550,"column":9},"end":{"line":550,"column":10}},"353":{"start":{"line":551,"column":6},"end":{"line":551,"column":7}},"354":{"start":{"line":552,"column":6},"end":{"line":552,"column":27}},"355":{"start":{"line":553,"column":1},"end":{"line":557,"column":null}},"356":{"start":{"line":554,"column":2},"end":{"line":554,"column":22}},"357":{"start":{"line":555,"column":2},"end":{"line":555,"column":23}},"358":{"start":{"line":556,"column":2},"end":{"line":556,"column":16}},"359":{"start":{"line":558,"column":1},"end":{"line":574,"column":null}},"360":{"start":{"line":559,"column":2},"end":{"line":559,"column":11}},"361":{"start":{"line":560,"column":2},"end":{"line":564,"column":null}},"362":{"start":{"line":561,"column":3},"end":{"line":561,"column":16}},"363":{"start":{"line":562,"column":3},"end":{"line":562,"column":24}},"364":{"start":{"line":563,"column":3},"end":{"line":563,"column":17}},"365":{"start":{"line":565,"column":2},"end":{"line":565,"column":14}},"366":{"start":{"line":567,"column":2},"end":{"line":567,"column":14}},"367":{"start":{"line":568,"column":2},"end":{"line":572,"column":null}},"368":{"start":{"line":569,"column":3},"end":{"line":569,"column":13}},"369":{"start":{"line":570,"column":3},"end":{"line":570,"column":24}},"370":{"start":{"line":571,"column":3},"end":{"line":571,"column":17}},"371":{"start":{"line":573,"column":2},"end":{"line":573,"column":11}},"372":{"start":{"line":575,"column":1},"end":{"line":575,"column":22}},"373":{"start":{"line":576,"column":1},"end":{"line":577,"column":39}},"374":{"start":{"line":576,"column":12},"end":{"line":576,"column":23}},"375":{"start":{"line":577,"column":6},"end":{"line":577,"column":39}},"376":{"start":{"line":577,"column":18},"end":{"line":577,"column":39}},"377":{"start":{"line":578,"column":1},"end":{"line":578,"column":9}},"378":{"start":{"line":579,"column":1},"end":{"line":579,"column":11}},"379":{"start":{"line":584,"column":9},"end":{"line":584,"column":14}},"380":{"start":{"line":586,"column":1},"end":{"line":586,"column":18}},"381":{"start":{"line":588,"column":1},"end":{"line":588,"column":10}},"382":{"start":{"line":593,"column":9},"end":{"line":593,"column":14}},"383":{"start":{"line":595,"column":1},"end":{"line":595,"column":18}},"384":{"start":{"line":597,"column":1},"end":{"line":597,"column":10}},"385":{"start":{"line":602,"column":9},"end":{"line":602,"column":14}},"386":{"start":{"line":604,"column":1},"end":{"line":604,"column":23}},"387":{"start":{"line":606,"column":1},"end":{"line":606,"column":10}},"388":{"start":{"line":611,"column":9},"end":{"line":611,"column":14}},"389":{"start":{"line":613,"column":1},"end":{"line":613,"column":27}},"390":{"start":{"line":615,"column":1},"end":{"line":615,"column":10}},"391":{"start":{"line":620,"column":1},"end":{"line":620,"column":12}},"392":{"start":{"line":621,"column":1},"end":{"line":621,"column":24}},"393":{"start":{"line":622,"column":1},"end":{"line":622,"column":29}},"394":{"start":{"line":623,"column":1},"end":{"line":623,"column":26}},"395":{"start":{"line":624,"column":1},"end":{"line":624,"column":34}},"396":{"start":{"line":625,"column":1},"end":{"line":625,"column":20}},"397":{"start":{"line":630,"column":9},"end":{"line":630,"column":14}},"398":{"start":{"line":631,"column":1},"end":{"line":631,"column":32}},"399":{"start":{"line":632,"column":1},"end":{"line":632,"column":29}},"400":{"start":{"line":633,"column":1},"end":{"line":633,"column":69}},"401":{"start":{"line":633,"column":50},"end":{"line":633,"column":69}},"402":{"start":{"line":634,"column":1},"end":{"line":634,"column":10}},"403":{"start":{"line":639,"column":9},"end":{"line":639,"column":14}},"404":{"start":{"line":640,"column":1},"end":{"line":640,"column":13}},"405":{"start":{"line":641,"column":1},"end":{"line":641,"column":16}},"406":{"start":{"line":642,"column":1},"end":{"line":642,"column":10}},"407":{"start":{"line":647,"column":1},"end":{"line":649,"column":15}},"408":{"start":{"line":649,"column":2},"end":{"line":649,"column":15}},"409":{"start":{"line":650,"column":1},"end":{"line":665,"column":null}},"410":{"start":{"line":650,"column":14},"end":{"line":650,"column":15}},"411":{"start":{"line":652,"column":10},"end":{"line":652,"column":23}},"412":{"start":{"line":654,"column":3},"end":{"line":656,"column":7}},"413":{"start":{"line":658,"column":2},"end":{"line":658,"column":19}},"414":{"start":{"line":659,"column":2},"end":{"line":659,"column":46}},"415":{"start":{"line":661,"column":2},"end":{"line":664,"column":null}},"416":{"start":{"line":662,"column":3},"end":{"line":662,"column":16}},"417":{"start":{"line":663,"column":3},"end":{"line":663,"column":12}},"418":{"start":{"line":666,"column":1},"end":{"line":666,"column":11}},"419":{"start":{"line":667,"column":1},"end":{"line":667,"column":26}},"420":{"start":{"line":668,"column":1},"end":{"line":668,"column":50}},"421":{"start":{"line":668,"column":31},"end":{"line":668,"column":50}},"422":{"start":{"line":673,"column":1},"end":{"line":673,"column":15}},"423":{"start":{"line":675,"column":1},"end":{"line":675,"column":16}},"424":{"start":{"line":680,"column":1},"end":{"line":680,"column":20}},"425":{"start":{"line":682,"column":1},"end":{"line":682,"column":16}},"426":{"start":{"line":685,"column":0},"end":{"line":685,"column":43}},"427":{"start":{"line":686,"column":0},"end":{"line":686,"column":41}},"428":{"start":{"line":687,"column":0},"end":{"line":687,"column":41}},"429":{"start":{"line":688,"column":0},"end":{"line":688,"column":39}},"430":{"start":{"line":689,"column":0},"end":{"line":689,"column":39}},"431":{"start":{"line":693,"column":9},"end":{"line":693,"column":22}},"432":{"start":{"line":695,"column":6},"end":{"line":695,"column":12}},"433":{"start":{"line":696,"column":6},"end":{"line":696,"column":23}},"434":{"start":{"line":697,"column":1},"end":{"line":702,"column":12}},"435":{"start":{"line":697,"column":13},"end":{"line":697,"column":22}},"436":{"start":{"line":698,"column":6},"end":{"line":702,"column":12}},"437":{"start":{"line":698,"column":18},"end":{"line":698,"column":24}},"438":{"start":{"line":699,"column":6},"end":{"line":702,"column":12}},"439":{"start":{"line":699,"column":18},"end":{"line":699,"column":24}},"440":{"start":{"line":700,"column":6},"end":{"line":702,"column":12}},"441":{"start":{"line":700,"column":19},"end":{"line":700,"column":25}},"442":{"start":{"line":701,"column":6},"end":{"line":702,"column":12}},"443":{"start":{"line":701,"column":19},"end":{"line":701,"column":25}},"444":{"start":{"line":702,"column":6},"end":{"line":702,"column":12}},"445":{"start":{"line":705,"column":9},"end":{"line":705,"column":20}},"446":{"start":{"line":706,"column":6},"end":{"line":706,"column":7}},"447":{"start":{"line":707,"column":7},"end":{"line":707,"column":12}},"448":{"start":{"line":708,"column":7},"end":{"line":708,"column":19}},"449":{"start":{"line":709,"column":1},"end":{"line":709,"column":24}},"450":{"start":{"line":710,"column":1},"end":{"line":718,"column":null}},"451":{"start":{"line":711,"column":11},"end":{"line":711,"column":16}},"452":{"start":{"line":712,"column":2},"end":{"line":712,"column":20}},"453":{"start":{"line":713,"column":2},"end":{"line":717,"column":null}},"454":{"start":{"line":714,"column":3},"end":{"line":714,"column":16}},"455":{"start":{"line":715,"column":3},"end":{"line":715,"column":31}},"456":{"start":{"line":716,"column":3},"end":{"line":716,"column":10}},"457":{"start":{"line":720,"column":9},"end":{"line":720,"column":16}},"458":{"start":{"line":722,"column":8},"end":{"line":722,"column":12}},"459":{"start":{"line":723,"column":7},"end":{"line":723,"column":12}},"460":{"start":{"line":725,"column":1},"end":{"line":725,"column":21}},"461":{"start":{"line":726,"column":1},"end":{"line":771,"column":null}},"462":{"start":{"line":727,"column":2},"end":{"line":731,"column":null}},"463":{"start":{"line":727,"column":15},"end":{"line":727,"column":43}},"464":{"start":{"line":729,"column":3},"end":{"line":729,"column":49}},"465":{"start":{"line":730,"column":3},"end":{"line":730,"column":50}},"466":{"start":{"line":730,"column":14},"end":{"line":730,"column":50}},"467":{"start":{"line":733,"column":2},"end":{"line":733,"column":8}},"468":{"start":{"line":734,"column":2},"end":{"line":737,"column":null}},"469":{"start":{"line":735,"column":3},"end":{"line":735,"column":11}},"470":{"start":{"line":736,"column":3},"end":{"line":736,"column":7}},"471":{"start":{"line":738,"column":2},"end":{"line":741,"column":null}},"472":{"start":{"line":739,"column":3},"end":{"line":739,"column":16}},"473":{"start":{"line":740,"column":3},"end":{"line":740,"column":7}},"474":{"start":{"line":742,"column":2},"end":{"line":759,"column":null}},"475":{"start":{"line":744,"column":3},"end":{"line":744,"column":18}},"476":{"start":{"line":745,"column":3},"end":{"line":745,"column":15}},"477":{"start":{"line":747,"column":3},"end":{"line":751,"column":null}},"478":{"start":{"line":748,"column":4},"end":{"line":748,"column":19}},"479":{"start":{"line":749,"column":4},"end":{"line":749,"column":19}},"480":{"start":{"line":750,"column":4},"end":{"line":750,"column":11}},"481":{"start":{"line":752,"column":3},"end":{"line":757,"column":null}},"482":{"start":{"line":752,"column":14},"end":{"line":752,"column":29}},"483":{"start":{"line":754,"column":4},"end":{"line":754,"column":10}},"484":{"start":{"line":755,"column":4},"end":{"line":755,"column":11}},"485":{"start":{"line":756,"column":4},"end":{"line":756,"column":11}},"486":{"start":{"line":758,"column":3},"end":{"line":758,"column":24}},"487":{"start":{"line":761,"column":2},"end":{"line":770,"column":null}},"488":{"start":{"line":762,"column":3},"end":{"line":762,"column":18}},"489":{"start":{"line":763,"column":3},"end":{"line":763,"column":9}},"490":{"start":{"line":764,"column":3},"end":{"line":764,"column":10}},"491":{"start":{"line":765,"column":3},"end":{"line":765,"column":10}},"492":{"start":{"line":766,"column":3},"end":{"line":769,"column":null}},"493":{"start":{"line":767,"column":4},"end":{"line":767,"column":20}},"494":{"start":{"line":768,"column":4},"end":{"line":768,"column":8}},"495":{"start":{"line":772,"column":14},"end":{"line":772,"column":25}},"496":{"start":{"line":773,"column":1},"end":{"line":773,"column":24}},"497":{"start":{"line":774,"column":1},"end":{"line":774,"column":15}},"498":{"start":{"line":778,"column":0},"end":{"line":778,"column":40}},"499":{"start":{"line":779,"column":0},"end":{"line":779,"column":42}},"500":{"start":{"line":780,"column":0},"end":{"line":780,"column":48}},"501":{"start":{"line":781,"column":0},"end":{"line":781,"column":38}},"502":{"start":{"line":782,"column":0},"end":{"line":782,"column":46}},"503":{"start":{"line":783,"column":0},"end":{"line":783,"column":46}},"504":{"start":{"line":784,"column":0},"end":{"line":784,"column":44}},"505":{"start":{"line":785,"column":0},"end":{"line":785,"column":44}},"506":{"start":{"line":786,"column":0},"end":{"line":786,"column":38}},"507":{"start":{"line":787,"column":0},"end":{"line":787,"column":48}},"508":{"start":{"line":788,"column":0},"end":{"line":788,"column":44}},"509":{"start":{"line":789,"column":0},"end":{"line":789,"column":44}},"510":{"start":{"line":790,"column":0},"end":{"line":790,"column":44}},"511":{"start":{"line":791,"column":0},"end":{"line":791,"column":38}},"512":{"start":{"line":794,"column":0},"end":{"line":794,"column":43}},"513":{"start":{"line":795,"column":0},"end":{"line":795,"column":39}},"514":{"start":{"line":796,"column":0},"end":{"line":796,"column":33}},"515":{"start":{"line":797,"column":0},"end":{"line":797,"column":45}},"516":{"start":{"line":798,"column":0},"end":{"line":798,"column":45}},"517":{"start":{"line":799,"column":0},"end":{"line":799,"column":33}},"518":{"start":{"line":800,"column":0},"end":{"line":800,"column":39}},"519":{"start":{"line":801,"column":0},"end":{"line":801,"column":33}},"520":{"start":{"line":802,"column":0},"end":{"line":802,"column":43}},"521":{"start":{"line":803,"column":0},"end":{"line":803,"column":43}},"522":{"start":{"line":804,"column":0},"end":{"line":804,"column":39}},"523":{"start":{"line":805,"column":0},"end":{"line":805,"column":39}},"524":{"start":{"line":808,"column":0},"end":{"line":808,"column":25}},"525":{"start":{"line":809,"column":0},"end":{"line":809,"column":24}}},"fnMap":{"0":{"name":"BigInteger","decl":{"start":{"line":52,"column":9},"end":{"line":52,"column":19}},"loc":{"start":{"line":52,"column":24},"end":{"line":54,"column":1}}},"1":{"name":"nbi","decl":{"start":{"line":57,"column":9},"end":{"line":57,"column":12}},"loc":{"start":{"line":57,"column":12},"end":{"line":59,"column":1}}},"2":{"name":"am1","decl":{"start":{"line":76,"column":9},"end":{"line":76,"column":12}},"loc":{"start":{"line":76,"column":29},"end":{"line":83,"column":1}}},"3":{"name":"am2","decl":{"start":{"line":87,"column":9},"end":{"line":87,"column":12}},"loc":{"start":{"line":87,"column":29},"end":{"line":99,"column":1}}},"4":{"name":"am3","decl":{"start":{"line":102,"column":9},"end":{"line":102,"column":12}},"loc":{"start":{"line":102,"column":29},"end":{"line":114,"column":1}}},"5":{"name":"int2char","decl":{"start":{"line":148,"column":9},"end":{"line":148,"column":17}},"loc":{"start":{"line":148,"column":19},"end":{"line":150,"column":1}}},"6":{"name":"intAt","decl":{"start":{"line":151,"column":9},"end":{"line":151,"column":14}},"loc":{"start":{"line":151,"column":19},"end":{"line":154,"column":1}}},"7":{"name":"bnpCopyTo","decl":{"start":{"line":157,"column":9},"end":{"line":157,"column":18}},"loc":{"start":{"line":157,"column":20},"end":{"line":161,"column":1}}},"8":{"name":"bnpFromInt","decl":{"start":{"line":164,"column":9},"end":{"line":164,"column":19}},"loc":{"start":{"line":164,"column":21},"end":{"line":170,"column":1}}},"9":{"name":"nbv","decl":{"start":{"line":173,"column":9},"end":{"line":173,"column":12}},"loc":{"start":{"line":173,"column":14},"end":{"line":179,"column":1}}},"10":{"name":"bnpFromString","decl":{"start":{"line":182,"column":9},"end":{"line":182,"column":22}},"loc":{"start":{"line":182,"column":27},"end":{"line":212,"column":1}}},"11":{"name":"bnpClamp","decl":{"start":{"line":215,"column":9},"end":{"line":215,"column":17}},"loc":{"start":{"line":215,"column":17},"end":{"line":218,"column":1}}},"12":{"name":"bnToString","decl":{"start":{"line":221,"column":9},"end":{"line":221,"column":19}},"loc":{"start":{"line":221,"column":21},"end":{"line":257,"column":1}}},"13":{"name":"bnNegate","decl":{"start":{"line":260,"column":9},"end":{"line":260,"column":17}},"loc":{"start":{"line":260,"column":17},"end":{"line":266,"column":1}}},"14":{"name":"bnAbs","decl":{"start":{"line":269,"column":9},"end":{"line":269,"column":14}},"loc":{"start":{"line":269,"column":14},"end":{"line":271,"column":1}}},"15":{"name":"bnCompareTo","decl":{"start":{"line":274,"column":9},"end":{"line":274,"column":20}},"loc":{"start":{"line":274,"column":22},"end":{"line":282,"column":1}}},"16":{"name":"nbits","decl":{"start":{"line":285,"column":9},"end":{"line":285,"column":14}},"loc":{"start":{"line":285,"column":16},"end":{"line":309,"column":1}}},"17":{"name":"bnBitLength","decl":{"start":{"line":312,"column":9},"end":{"line":312,"column":20}},"loc":{"start":{"line":312,"column":20},"end":{"line":315,"column":1}}},"18":{"name":"bnpDLShiftTo","decl":{"start":{"line":318,"column":9},"end":{"line":318,"column":21}},"loc":{"start":{"line":318,"column":26},"end":{"line":324,"column":1}}},"19":{"name":"bnpDRShiftTo","decl":{"start":{"line":327,"column":9},"end":{"line":327,"column":21}},"loc":{"start":{"line":327,"column":26},"end":{"line":331,"column":1}}},"20":{"name":"bnpLShiftTo","decl":{"start":{"line":334,"column":9},"end":{"line":334,"column":20}},"loc":{"start":{"line":334,"column":25},"end":{"line":350,"column":1}}},"21":{"name":"bnpRShiftTo","decl":{"start":{"line":353,"column":9},"end":{"line":353,"column":20}},"loc":{"start":{"line":353,"column":25},"end":{"line":371,"column":1}}},"22":{"name":"bnpSubTo","decl":{"start":{"line":374,"column":9},"end":{"line":374,"column":17}},"loc":{"start":{"line":374,"column":22},"end":{"line":405,"column":1}}},"23":{"name":"bnpMultiplyTo","decl":{"start":{"line":409,"column":9},"end":{"line":409,"column":22}},"loc":{"start":{"line":409,"column":27},"end":{"line":419,"column":1}}},"24":{"name":"bnpSquareTo","decl":{"start":{"line":422,"column":9},"end":{"line":422,"column":20}},"loc":{"start":{"line":422,"column":22},"end":{"line":439,"column":1}}},"25":{"name":"bnpDivRemTo","decl":{"start":{"line":443,"column":9},"end":{"line":443,"column":20}},"loc":{"start":{"line":443,"column":28},"end":{"line":504,"column":1}}},"26":{"name":"bnMod","decl":{"start":{"line":507,"column":9},"end":{"line":507,"column":14}},"loc":{"start":{"line":507,"column":16},"end":{"line":512,"column":1}}},"27":{"name":"bnpInvDigit","decl":{"start":{"line":524,"column":9},"end":{"line":524,"column":20}},"loc":{"start":{"line":524,"column":20},"end":{"line":542,"column":1}}},"28":{"name":"bnEquals","decl":{"start":{"line":544,"column":9},"end":{"line":544,"column":17}},"loc":{"start":{"line":544,"column":19},"end":{"line":546,"column":1}}},"29":{"name":"bnpAddTo","decl":{"start":{"line":549,"column":9},"end":{"line":549,"column":17}},"loc":{"start":{"line":549,"column":22},"end":{"line":580,"column":1}}},"30":{"name":"bnAdd","decl":{"start":{"line":583,"column":9},"end":{"line":583,"column":14}},"loc":{"start":{"line":583,"column":16},"end":{"line":589,"column":1}}},"31":{"name":"bnSubtract","decl":{"start":{"line":592,"column":9},"end":{"line":592,"column":19}},"loc":{"start":{"line":592,"column":21},"end":{"line":598,"column":1}}},"32":{"name":"bnMultiply","decl":{"start":{"line":601,"column":9},"end":{"line":601,"column":19}},"loc":{"start":{"line":601,"column":21},"end":{"line":607,"column":1}}},"33":{"name":"bnDivide","decl":{"start":{"line":610,"column":9},"end":{"line":610,"column":17}},"loc":{"start":{"line":610,"column":19},"end":{"line":616,"column":1}}},"34":{"name":"Montgomery","decl":{"start":{"line":619,"column":9},"end":{"line":619,"column":19}},"loc":{"start":{"line":619,"column":21},"end":{"line":626,"column":1}}},"35":{"name":"montConvert","decl":{"start":{"line":629,"column":9},"end":{"line":629,"column":20}},"loc":{"start":{"line":629,"column":22},"end":{"line":635,"column":1}}},"36":{"name":"montRevert","decl":{"start":{"line":638,"column":9},"end":{"line":638,"column":19}},"loc":{"start":{"line":638,"column":21},"end":{"line":643,"column":1}}},"37":{"name":"montReduce","decl":{"start":{"line":646,"column":9},"end":{"line":646,"column":19}},"loc":{"start":{"line":646,"column":21},"end":{"line":669,"column":1}}},"38":{"name":"montSqrTo","decl":{"start":{"line":672,"column":9},"end":{"line":672,"column":18}},"loc":{"start":{"line":672,"column":23},"end":{"line":676,"column":1}}},"39":{"name":"montMulTo","decl":{"start":{"line":679,"column":9},"end":{"line":679,"column":18}},"loc":{"start":{"line":679,"column":26},"end":{"line":683,"column":1}}},"40":{"name":"bnModPow","decl":{"start":{"line":692,"column":9},"end":{"line":692,"column":17}},"loc":{"start":{"line":692,"column":32},"end":{"line":775,"column":1}}}},"branchMap":{"0":{"loc":{"start":{"line":53,"column":1},"end":{"line":53,"column":38}},"type":"if","locations":[{"start":{"line":53,"column":1},"end":{"line":53,"column":38}}]},"1":{"loc":{"start":{"line":116,"column":0},"end":{"line":126,"column":null}},"type":"if","locations":[{"start":{"line":116,"column":0},"end":{"line":126,"column":null}},{"start":{"line":119,"column":7},"end":{"line":126,"column":null}}]},"2":{"loc":{"start":{"line":116,"column":4},"end":{"line":116,"column":75}},"type":"binary-expr","locations":[{"start":{"line":116,"column":4},"end":{"line":116,"column":13}},{"start":{"line":116,"column":17},"end":{"line":116,"column":21}},{"start":{"line":116,"column":25},"end":{"line":116,"column":75}}]},"3":{"loc":{"start":{"line":119,"column":7},"end":{"line":126,"column":null}},"type":"if","locations":[{"start":{"line":119,"column":7},"end":{"line":126,"column":null}},{"start":{"line":122,"column":7},"end":{"line":126,"column":null}}]},"4":{"loc":{"start":{"line":119,"column":11},"end":{"line":119,"column":63}},"type":"binary-expr","locations":[{"start":{"line":119,"column":11},"end":{"line":119,"column":20}},{"start":{"line":119,"column":24},"end":{"line":119,"column":28}},{"start":{"line":119,"column":32},"end":{"line":119,"column":63}}]},"5":{"loc":{"start":{"line":153,"column":8},"end":{"line":153,"column":26}},"type":"cond-expr","locations":[{"start":{"line":153,"column":20},"end":{"line":153,"column":22}},{"start":{"line":153,"column":25},"end":{"line":153,"column":26}}]},"6":{"loc":{"start":{"line":166,"column":10},"end":{"line":166,"column":24}},"type":"cond-expr","locations":[{"start":{"line":166,"column":18},"end":{"line":166,"column":20}},{"start":{"line":166,"column":23},"end":{"line":166,"column":24}}]},"7":{"loc":{"start":{"line":167,"column":1},"end":{"line":169,"column":17}},"type":"if","locations":[{"start":{"line":167,"column":1},"end":{"line":169,"column":17}},{"start":{"line":168,"column":6},"end":{"line":169,"column":17}}]},"8":{"loc":{"start":{"line":168,"column":6},"end":{"line":169,"column":17}},"type":"if","locations":[{"start":{"line":168,"column":6},"end":{"line":169,"column":17}},{"start":{"line":169,"column":6},"end":{"line":169,"column":17}}]},"9":{"loc":{"start":{"line":184,"column":1},"end":{"line":189,"column":66}},"type":"if","locations":[{"start":{"line":184,"column":1},"end":{"line":189,"column":66}},{"start":{"line":185,"column":6},"end":{"line":189,"column":66}}]},"10":{"loc":{"start":{"line":185,"column":6},"end":{"line":189,"column":66}},"type":"if","locations":[{"start":{"line":185,"column":6},"end":{"line":189,"column":66}},{"start":{"line":186,"column":6},"end":{"line":189,"column":66}}]},"11":{"loc":{"start":{"line":186,"column":6},"end":{"line":189,"column":66}},"type":"if","locations":[{"start":{"line":186,"column":6},"end":{"line":189,"column":66}},{"start":{"line":187,"column":6},"end":{"line":189,"column":66}}]},"12":{"loc":{"start":{"line":187,"column":6},"end":{"line":189,"column":66}},"type":"if","locations":[{"start":{"line":187,"column":6},"end":{"line":189,"column":66}},{"start":{"line":188,"column":6},"end":{"line":189,"column":66}}]},"13":{"loc":{"start":{"line":188,"column":6},"end":{"line":189,"column":66}},"type":"if","locations":[{"start":{"line":188,"column":6},"end":{"line":189,"column":66}},{"start":{"line":189,"column":6},"end":{"line":189,"column":66}}]},"14":{"loc":{"start":{"line":197,"column":2},"end":{"line":200,"column":null}},"type":"if","locations":[{"start":{"line":197,"column":2},"end":{"line":200,"column":null}}]},"15":{"loc":{"start":{"line":198,"column":3},"end":{"line":198,"column":37}},"type":"if","locations":[{"start":{"line":198,"column":3},"end":{"line":198,"column":37}}]},"16":{"loc":{"start":{"line":202,"column":2},"end":{"line":206,"column":37}},"type":"if","locations":[{"start":{"line":202,"column":2},"end":{"line":206,"column":37}},{"start":{"line":203,"column":7},"end":{"line":206,"column":37}}]},"17":{"loc":{"start":{"line":203,"column":7},"end":{"line":206,"column":37}},"type":"if","locations":[{"start":{"line":203,"column":7},"end":{"line":206,"column":37}},{"start":{"line":206,"column":9},"end":{"line":206,"column":37}}]},"18":{"loc":{"start":{"line":208,"column":2},"end":{"line":208,"column":35}},"type":"if","locations":[{"start":{"line":208,"column":2},"end":{"line":208,"column":35}}]},"19":{"loc":{"start":{"line":211,"column":1},"end":{"line":211,"column":43}},"type":"if","locations":[{"start":{"line":211,"column":1},"end":{"line":211,"column":43}}]},"20":{"loc":{"start":{"line":217,"column":8},"end":{"line":217,"column":43}},"type":"binary-expr","locations":[{"start":{"line":217,"column":8},"end":{"line":217,"column":18}},{"start":{"line":217,"column":22},"end":{"line":217,"column":43}}]},"21":{"loc":{"start":{"line":222,"column":1},"end":{"line":222,"column":56}},"type":"if","locations":[{"start":{"line":222,"column":1},"end":{"line":222,"column":56}}]},"22":{"loc":{"start":{"line":224,"column":1},"end":{"line":229,"column":66}},"type":"if","locations":[{"start":{"line":224,"column":1},"end":{"line":229,"column":66}},{"start":{"line":225,"column":6},"end":{"line":229,"column":66}}]},"23":{"loc":{"start":{"line":225,"column":6},"end":{"line":229,"column":66}},"type":"if","locations":[{"start":{"line":225,"column":6},"end":{"line":229,"column":66}},{"start":{"line":226,"column":6},"end":{"line":229,"column":66}}]},"24":{"loc":{"start":{"line":226,"column":6},"end":{"line":229,"column":66}},"type":"if","locations":[{"start":{"line":226,"column":6},"end":{"line":229,"column":66}},{"start":{"line":227,"column":6},"end":{"line":229,"column":66}}]},"25":{"loc":{"start":{"line":227,"column":6},"end":{"line":229,"column":66}},"type":"if","locations":[{"start":{"line":227,"column":6},"end":{"line":229,"column":66}},{"start":{"line":228,"column":6},"end":{"line":229,"column":66}}]},"26":{"loc":{"start":{"line":228,"column":6},"end":{"line":229,"column":66}},"type":"if","locations":[{"start":{"line":228,"column":6},"end":{"line":229,"column":66}},{"start":{"line":229,"column":6},"end":{"line":229,"column":66}}]},"27":{"loc":{"start":{"line":236,"column":1},"end":{"line":255,"column":null}},"type":"if","locations":[{"start":{"line":236,"column":1},"end":{"line":255,"column":null}}]},"28":{"loc":{"start":{"line":237,"column":2},"end":{"line":240,"column":null}},"type":"if","locations":[{"start":{"line":237,"column":2},"end":{"line":240,"column":null}}]},"29":{"loc":{"start":{"line":237,"column":6},"end":{"line":237,"column":43}},"type":"binary-expr","locations":[{"start":{"line":237,"column":6},"end":{"line":237,"column":17}},{"start":{"line":237,"column":21},"end":{"line":237,"column":43}}]},"30":{"loc":{"start":{"line":242,"column":3},"end":{"line":251,"column":null}},"type":"if","locations":[{"start":{"line":242,"column":3},"end":{"line":251,"column":null}},{"start":{"line":245,"column":10},"end":{"line":251,"column":null}}]},"31":{"loc":{"start":{"line":247,"column":4},"end":{"line":250,"column":null}},"type":"if","locations":[{"start":{"line":247,"column":4},"end":{"line":250,"column":null}}]},"32":{"loc":{"start":{"line":252,"column":3},"end":{"line":252,"column":23}},"type":"if","locations":[{"start":{"line":252,"column":3},"end":{"line":252,"column":23}}]},"33":{"loc":{"start":{"line":253,"column":3},"end":{"line":253,"column":27}},"type":"if","locations":[{"start":{"line":253,"column":3},"end":{"line":253,"column":27}}]},"34":{"loc":{"start":{"line":256,"column":8},"end":{"line":256,"column":19}},"type":"cond-expr","locations":[{"start":{"line":256,"column":12},"end":{"line":256,"column":13}},{"start":{"line":256,"column":16},"end":{"line":256,"column":19}}]},"35":{"loc":{"start":{"line":270,"column":8},"end":{"line":270,"column":41}},"type":"cond-expr","locations":[{"start":{"line":270,"column":21},"end":{"line":270,"column":34}},{"start":{"line":270,"column":37},"end":{"line":270,"column":41}}]},"36":{"loc":{"start":{"line":276,"column":1},"end":{"line":276,"column":22}},"type":"if","locations":[{"start":{"line":276,"column":1},"end":{"line":276,"column":22}}]},"37":{"loc":{"start":{"line":279,"column":1},"end":{"line":279,"column":40}},"type":"if","locations":[{"start":{"line":279,"column":1},"end":{"line":279,"column":40}}]},"38":{"loc":{"start":{"line":279,"column":20},"end":{"line":279,"column":39}},"type":"cond-expr","locations":[{"start":{"line":279,"column":33},"end":{"line":279,"column":35}},{"start":{"line":279,"column":38},"end":{"line":279,"column":39}}]},"39":{"loc":{"start":{"line":280,"column":18},"end":{"line":280,"column":58}},"type":"if","locations":[{"start":{"line":280,"column":18},"end":{"line":280,"column":58}}]},"40":{"loc":{"start":{"line":288,"column":1},"end":{"line":291,"column":null}},"type":"if","locations":[{"start":{"line":288,"column":1},"end":{"line":291,"column":null}}]},"41":{"loc":{"start":{"line":292,"column":1},"end":{"line":295,"column":null}},"type":"if","locations":[{"start":{"line":292,"column":1},"end":{"line":295,"column":null}}]},"42":{"loc":{"start":{"line":296,"column":1},"end":{"line":299,"column":null}},"type":"if","locations":[{"start":{"line":296,"column":1},"end":{"line":299,"column":null}}]},"43":{"loc":{"start":{"line":300,"column":1},"end":{"line":303,"column":null}},"type":"if","locations":[{"start":{"line":300,"column":1},"end":{"line":303,"column":null}}]},"44":{"loc":{"start":{"line":304,"column":1},"end":{"line":307,"column":null}},"type":"if","locations":[{"start":{"line":304,"column":1},"end":{"line":307,"column":null}}]},"45":{"loc":{"start":{"line":313,"column":1},"end":{"line":313,"column":27}},"type":"if","locations":[{"start":{"line":313,"column":1},"end":{"line":313,"column":27}}]},"46":{"loc":{"start":{"line":356,"column":1},"end":{"line":359,"column":null}},"type":"if","locations":[{"start":{"line":356,"column":1},"end":{"line":359,"column":null}}]},"47":{"loc":{"start":{"line":368,"column":1},"end":{"line":368,"column":56}},"type":"if","locations":[{"start":{"line":368,"column":1},"end":{"line":368,"column":56}}]},"48":{"loc":{"start":{"line":383,"column":1},"end":{"line":399,"column":null}},"type":"if","locations":[{"start":{"line":383,"column":1},"end":{"line":399,"column":null}},{"start":{"line":391,"column":8},"end":{"line":399,"column":null}}]},"49":{"loc":{"start":{"line":400,"column":7},"end":{"line":400,"column":21}},"type":"cond-expr","locations":[{"start":{"line":400,"column":15},"end":{"line":400,"column":17}},{"start":{"line":400,"column":20},"end":{"line":400,"column":21}}]},"50":{"loc":{"start":{"line":401,"column":1},"end":{"line":402,"column":28}},"type":"if","locations":[{"start":{"line":401,"column":1},"end":{"line":402,"column":28}},{"start":{"line":402,"column":6},"end":{"line":402,"column":28}}]},"51":{"loc":{"start":{"line":402,"column":6},"end":{"line":402,"column":28}},"type":"if","locations":[{"start":{"line":402,"column":6},"end":{"line":402,"column":28}}]},"52":{"loc":{"start":{"line":418,"column":1},"end":{"line":418,"column":48}},"type":"if","locations":[{"start":{"line":418,"column":1},"end":{"line":418,"column":48}}]},"53":{"loc":{"start":{"line":428,"column":2},"end":{"line":434,"column":null}},"type":"if","locations":[{"start":{"line":428,"column":2},"end":{"line":434,"column":null}}]},"54":{"loc":{"start":{"line":436,"column":1},"end":{"line":436,"column":58}},"type":"if","locations":[{"start":{"line":436,"column":1},"end":{"line":436,"column":58}}]},"55":{"loc":{"start":{"line":445,"column":1},"end":{"line":445,"column":23}},"type":"if","locations":[{"start":{"line":445,"column":1},"end":{"line":445,"column":23}}]},"56":{"loc":{"start":{"line":447,"column":1},"end":{"line":451,"column":null}},"type":"if","locations":[{"start":{"line":447,"column":1},"end":{"line":451,"column":null}}]},"57":{"loc":{"start":{"line":448,"column":2},"end":{"line":448,"column":30}},"type":"if","locations":[{"start":{"line":448,"column":2},"end":{"line":448,"column":30}}]},"58":{"loc":{"start":{"line":449,"column":2},"end":{"line":449,"column":32}},"type":"if","locations":[{"start":{"line":449,"column":2},"end":{"line":449,"column":32}}]},"59":{"loc":{"start":{"line":452,"column":1},"end":{"line":452,"column":26}},"type":"if","locations":[{"start":{"line":452,"column":1},"end":{"line":452,"column":26}}]},"60":{"loc":{"start":{"line":458,"column":1},"end":{"line":464,"column":null}},"type":"if","locations":[{"start":{"line":458,"column":1},"end":{"line":464,"column":null}},{"start":{"line":461,"column":8},"end":{"line":464,"column":null}}]},"61":{"loc":{"start":{"line":467,"column":1},"end":{"line":467,"column":21}},"type":"if","locations":[{"start":{"line":467,"column":1},"end":{"line":467,"column":21}}]},"62":{"loc":{"start":{"line":468,"column":33},"end":{"line":468,"column":66}},"type":"cond-expr","locations":[{"start":{"line":468,"column":42},"end":{"line":468,"column":62}},{"start":{"line":468,"column":65},"end":{"line":468,"column":66}}]},"63":{"loc":{"start":{"line":474,"column":6},"end":{"line":474,"column":27}},"type":"cond-expr","locations":[{"start":{"line":474,"column":18},"end":{"line":474,"column":23}},{"start":{"line":474,"column":26},"end":{"line":474,"column":27}}]},"64":{"loc":{"start":{"line":476,"column":1},"end":{"line":479,"column":null}},"type":"if","locations":[{"start":{"line":476,"column":1},"end":{"line":479,"column":null}}]},"65":{"loc":{"start":{"line":487,"column":3},"end":{"line":487,"column":71}},"type":"cond-expr","locations":[{"start":{"line":487,"column":18},"end":{"line":487,"column":25}},{"start":{"line":487,"column":28},"end":{"line":487,"column":71}}]},"66":{"loc":{"start":{"line":488,"column":2},"end":{"line":493,"column":null}},"type":"if","locations":[{"start":{"line":488,"column":2},"end":{"line":493,"column":null}}]},"67":{"loc":{"start":{"line":495,"column":1},"end":{"line":498,"column":null}},"type":"if","locations":[{"start":{"line":495,"column":1},"end":{"line":498,"column":null}}]},"68":{"loc":{"start":{"line":497,"column":2},"end":{"line":497,"column":44}},"type":"if","locations":[{"start":{"line":497,"column":2},"end":{"line":497,"column":44}}]},"69":{"loc":{"start":{"line":501,"column":1},"end":{"line":501,"column":33}},"type":"if","locations":[{"start":{"line":501,"column":1},"end":{"line":501,"column":33}}]},"70":{"loc":{"start":{"line":503,"column":1},"end":{"line":503,"column":41}},"type":"if","locations":[{"start":{"line":503,"column":1},"end":{"line":503,"column":41}}]},"71":{"loc":{"start":{"line":510,"column":1},"end":{"line":510,"column":67}},"type":"if","locations":[{"start":{"line":510,"column":1},"end":{"line":510,"column":67}}]},"72":{"loc":{"start":{"line":510,"column":5},"end":{"line":510,"column":51}},"type":"binary-expr","locations":[{"start":{"line":510,"column":5},"end":{"line":510,"column":15}},{"start":{"line":510,"column":19},"end":{"line":510,"column":51}}]},"73":{"loc":{"start":{"line":525,"column":1},"end":{"line":525,"column":26}},"type":"if","locations":[{"start":{"line":525,"column":1},"end":{"line":525,"column":26}}]},"74":{"loc":{"start":{"line":527,"column":1},"end":{"line":527,"column":28}},"type":"if","locations":[{"start":{"line":527,"column":1},"end":{"line":527,"column":28}}]},"75":{"loc":{"start":{"line":541,"column":8},"end":{"
[...]
ine":50,"column":2}}},"1":{"name":"(anonymous_7)","decl":{"start":{"line":58,"column":1},"end":{"line":58,"column":8}},"loc":{"start":{"line":58,"column":19},"end":{"line":72,"column":2}}},"2":{"name":"(anonymous_8)","decl":{"start":{"line":80,"column":1},"end":{"line":80,"column":8}},"loc":{"start":{"line":80,"column":12},"end":{"line":82,"column":2}}},"3":{"name":"(anonymous_9)","decl":{"start":{"line":89,"column":1},"end":{"line":89,"column":11}},"loc":{"start":{"line":89,"column":15},"end":{"line":102,"column":2}}},"4":{"name":"(anonymous_10)","decl":{"start":{"line":109,"column":1},"end":{"line":109,"column":6}},"loc":{"start":{"line":109,"column":6},"end":{"line":116,"column":2}}}},"branchMap":{"0":{"loc":{"start":{"line":15,"column":2},"end":{"line":19,"column":null}},"type":"if","locations":[{"start":{"line":15,"column":2},"end":{"line":19,"column":null}},{"start":{"line":17,"column":9},"end":{"line":19,"column":null}}]},"1":{"loc":{"start":{"line":20,"column":2},"end":{"line":24,"column":null}},"type":"if","locations":[{"start":{"line":20,"column":2},"end":{"line":24,"column":null}},{"start":{"line":22,"column":9},"end":{"line":24,"column":null}}]},"2":{"loc":{"start":{"line":25,"column":2},"end":{"line":29,"column":null}},"type":"if","locations":[{"start":{"line":25,"column":2},"end":{"line":29,"column":null}},{"start":{"line":27,"column":9},"end":{"line":29,"column":null}}]},"3":{"loc":{"start":{"line":30,"column":2},"end":{"line":34,"column":null}},"type":"if","locations":[{"start":{"line":30,"column":2},"end":{"line":34,"column":null}},{"start":{"line":32,"column":9},"end":{"line":34,"column":null}}]},"4":{"loc":{"start":{"line":35,"column":2},"end":{"line":49,"column":null}},"type":"if","locations":[{"start":{"line":35,"column":2},"end":{"line":49,"column":null}},{"start":{"line":47,"column":9},"end":{"line":49,"column":null}}]},"5":{"loc":{"start":{"line":36,"column":3},"end":{"line":40,"column":null}},"type":"if","locations":[{"start":{"line":36,"column":3},"end":{"line":40,"column":null}}]},"6":{"loc":{"start":{"line":41,"column":3},"end":{"line":45,"column":null}},"type":"if","locations":[{"start":{"line":41,"column":3},"end":{"line":45,"column":null}}]},"7":{"loc":{"start":{"line":41,"column":7},"end":{"line":41,"column":47}},"type":"binary-expr","locations":[{"start":{"line":41,"column":7},"end":{"line":41,"column":31}},{"start":{"line":41,"column":35},"end":{"line":41,"column":47}}]},"8":{"loc":{"start":{"line":66,"column":2},"end":{"line":68,"column":null}},"type":"if","locations":[{"start":{"line":66,"column":2},"end":{"line":68,"column":null}}]},"9":{"loc":{"start":{"line":97,"column":2},"end":{"line":99,"column":null}},"type":"if","locations":[{"start":{"line":97,"column":2},"end":{"line":99,"column":null}}]}},"s":{"0":12,"1":6,"2":5,"3":1,"4":5,"5":2,"6":3,"7":5,"8":1,"9":4,"10":5,"11":2,"12":3,"13":5,"14":2,"15":1,"16":1,"17":1,"18":0,"19":3,"20":3,"21":3,"22":0,"23":3,"24":3,"25":3,"26":5,"27":5,"28":0,"29":5,"30":1,"31":1,"32":1,"33":1,"34":5,"35":1,"36":12},"f":{"0":6,"1":3,"2":3,"3":5,"4":1},"b":{"0":[5,1],"1":[2,3],"2":[1,4],"3":[2,3],"4":[2,3],"5":[1],"6":[1],"7":[1,1],"8":[0],"9":[0]}}
,"/Users/work/Code/heat-js/amazon-cognito-identity-js/src/DateHelper.js": {"path":"/Users/work/Code/heat-js/amazon-cognito-identity-js/src/DateHelper.js","statementMap":{"0":{"start":{"line":18,"column":19},"end":{"line":31,"column":2}},"1":{"start":{"line":32,"column":18},"end":{"line":32,"column":67}},"2":{"start":{"line":40,"column":14},"end":{"line":40,"column":24}},"3":{"start":{"line":42,"column":18},"end":{"line":42,"column":44}},"4":{"start":{"line":43,"column":16},"end":{"line":43,"column":45}},"5":{"start":{"line":44,"column":14},"end":{"line":44,"column":30}},"6":{"start":{"line":46,"column":14},"end":{"line":46,"column":31}},"7":{"start":{"line":47,"column":2},"end":{"line":49,"column":null}},"8":{"start":{"line":48,"column":3},"end":{"line":48,"column":23}},"9":{"start":{"line":51,"column":16},"end":{"line":51,"column":35}},"10":{"start":{"line":52,"column":2},"end":{"line":54,"column":null}},"11":{"start":{"line":53,"column":3},"end":{"line":53,"column":27}},"12":{"start":{"line":56,"column":16},"end":{"line":56,"column":35}},"13":{"start":{"line":57,"column":2},"end":{"line":59,"column":null}},"14":{"start":{"line":58,"column":3},"end":{"line":58,"column":27}},"15":{"start":{"line":61,"column":15},"end":{"line":61,"column":35}},"16":{"start":{"line":64,"column":18},"end":{"line":64,"column":89}},"17":{"start":{"line":66,"column":2},"end":{"line":66,"column":17}},"18":{"start":{"line":35,"column":0},"end":{"line":35,"column":21}}},"fnMap":{"0":{"name":"(anonymous_0)","decl":{"start":{"line":39,"column":1},"end":{"line":39,"column":13}},"loc":{"start":{"line":39,"column":13},"end":{"line":67,"column":2}}}},"branchMap":{"0":{"loc":{"start":{"line":47,"column":2},"end":{"line":49,"column":null}},"type":"if","locations":[{"start":{"line":47,"column":2},"end":{"line":49,"column":null}}]},"1":{"loc":{"start":{"line":52,"column":2},"end":{"line":54,"column":null}},"type":"if","locations":[{"start":{"line":52,"column":2},"end":{"line":54,"column":null}}]},"2":{"loc":{"start":{"line":57,"column":2},"end":{"line":59,"column":null}},"type":"if","locations":[{"start":{"line":57,"column":2},"end":{"line":59,"column":null}}]}},"s":{"0":13,"1":13,"2":3,"3":3,"4":3,"5":3,"6":3,"7":3,"8":1,"9":3,"10":3,"11":1,"12":3,"13":3,"14":3,"15":3,"16":3,"17":3,"18":13},"f":{"0":3},"b":{"0":[1],"1":[1],"2":[3]}}
,"/Users/work/Code/heat-js/amazon-cognito-identity-js/src/StorageHelper-rn.js": {"path":"/Users/work/Code/heat-js/amazon-cognito-identity-js/src/StorageHelper-rn.js","statementMap":{"0":{"start":{"line":18,"column":0},"end":{"line":18,"column":69}},"1":{"start":{"line":20,"column":26},"end":{"line":20,"column":43}},"2":{"start":{"line":21,"column":17},"end":{"line":21,"column":19}},"3":{"start":{"line":32,"column":2},"end":{"line":32,"column":55}},"4":{"start":{"line":33,"column":2},"end":{"line":33,"column":26}},"5":{"start":{"line":34,"column":2},"end":{"line":34,"column":25}},"6":{"start":{"line":44,"column":2},"end":{"line":46,"column":15}},"7":{"start":{"line":55,"column":2},"end":{"line":55,"column":51}},"8":{"start":{"line":56,"column":2},"end":{"line":56,"column":32}},"9":{"start":{"line":64,"column":2},"end":{"line":64,"column":18}},"10":{"start":{"line":65,"column":2},"end":{"line":65,"column":20}},"11":{"start":{"line":74,"column":2},"end":{"line":90,"column":5}},"12":{"start":{"line":75,"column":3},"end":{"line":75,"column":47}},"13":{"start":{"line":75,"column":16},"end":{"line":75,"column":47}},"14":{"start":{"line":76,"column":22},"end":{"line":76,"column":75}},"15":{"start":{"line":76,"column":41},"end":{"line":76,"column":74}},"16":{"start":{"line":77,"column":3},"end":{"line":88,"column":6}},"17":{"start":{"line":78,"column":4},"end":{"line":78,"column":40}},"18":{"start":{"line":78,"column":13},"end":{"line":78,"column":40}},"19":{"start":{"line":79,"column":4},"end":{"line":85,"column":7}},"20":{"start":{"line":80,"column":17},"end":{"line":80,"column":32}},"21":{"start":{"line":81,"column":19},"end":{"line":81,"column":34}},"22":{"start":{"line":82,"column":23},"end":{"line":82,"column":57}},"23":{"start":{"line":83,"column":5},"end":{"line":83,"column":35}},"24":{"start":{"line":84,"column":5},"end":{"line":84,"column":22}},"25":{"start":{"line":86,"column":4},"end":{"line":86,"column":30}},"26":{"start":{"line":87,"column":4},"end":{"line":87,"column":21}},"27":{"start":{"line":89,"column":3},"end":{"line":89,"column":20}},"28":{"start":{"line":101,"column":2},"end":{"line":101,"column":37}},"29":{"start":{"line":109,"column":2},"end":{"line":109,"column":28}},"30":{"start":{"line":95,"column":0},"end":{"line":95,"column":21}}},"fnMap":{"0":{"name":"(anonymous_1)","decl":{"start":{"line":31,"column":1},"end":{"line":31,"column":7}},"loc":{"start":{"line":31,"column":26},"end":{"line":35,"column":2}}},"1":{"name":"(anonymous_2)","decl":{"start":{"line":43,"column":1},"end":{"line":43,"column":7}},"loc":{"start":{"line":43,"column":19},"end":{"line":47,"column":2}}},"2":{"name":"(anonymous_3)","decl":{"start":{"line":54,"column":1},"end":{"line":54,"column":7}},"loc":{"start":{"line":54,"column":22},"end":{"line":57,"column":2}}},"3":{"name":"(anonymous_4)","decl":{"start":{"line":63,"column":1},"end":{"line":63,"column":7}},"loc":{"start":{"line":63,"column":13},"end":{"line":66,"column":2}}},"4":{"name":"(anonymous_5)","decl":{"start":{"line":73,"column":1},"end":{"line":73,"column":7}},"loc":{"start":{"line":73,"column":21},"end":{"line":91,"column":2}}},"5":{"name":"(anonymous_6)","decl":{"start":{"line":74,"column":26},"end":{"line":74,"column":27}},"loc":{"start":{"line":74,"column":44},"end":{"line":90,"column":3}}},"6":{"name":"(anonymous_7)","decl":{"start":{"line":76,"column":34},"end":{"line":76,"column":37}},"loc":{"start":{"line":76,"column":41},"end":{"line":76,"column":74}}},"7":{"name":"(anonymous_8)","decl":{"start":{"line":77,"column":37},"end":{"line":77,"column":38}},"loc":{"start":{"line":77,"column":53},"end":{"line":88,"column":4}}},"8":{"name":"(anonymous_9)","decl":{"start":{"line":79,"column":15},"end":{"line":79,"column":16}},"loc":{"start":{"line":79,"column":40},"end":{"line":85,"column":5}}},"9":{"name":"(anonymous_10)","decl":{"start":{"line":100,"column":1},"end":{"line":100,"column":null}},"loc":{"start":{"line":100,"column":1},"end":{"line":102,"column":2}}},"10":{"name":"(anonymous_11)","decl":{"start":{"line":108,"column":1},"end":{"line":108,"column":11}},"loc":{"start":{"line":108,"column":11},"end":{"line":110,"column":2}}}},"branchMap":{"0":{"loc":{"start":{"line":44,"column":9},"end":{"line":46,"column":14}},"type":"cond-expr","locations":[{"start":{"line":45,"column":5},"end":{"line":45,"column":20}},{"start":{"line":46,"column":5},"end":{"line":46,"column":14}}]},"1":{"loc":{"start":{"line":75,"column":3},"end":{"line":75,"column":47}},"type":"if","locations":[{"start":{"line":75,"column":3},"end":{"line":75,"column":47}}]},"2":{"loc":{"start":{"line":78,"column":4},"end":{"line":78,"column":40}},"type":"if","locations":[{"start":{"line":78,"column":4},"end":{"line":78,"column":40}}]}},"s":{"0":4,"1":4,"2":4,"3":2,"4":2,"5":2,"6":3,"7":1,"8":1,"9":1,"10":1,"11":3,"12":3,"13":1,"14":2,"15":1,"16":2,"17":2,"18":1,"19":1,"20":1,"21":1,"22":1,"23":1,"24":1,"25":1,"26":1,"27":2,"28":4,"29":10,"30":4},"f":{"0":2,"1":3,"2":1,"3":1,"4":3,"5":3,"6":1,"7":2,"8":1,"9":4,"10":10},"b":{"0":[2,1],"1":[1],"2":[1]}}
,"/Users/work/Code/heat-js/amazon-cognito-identity-js/src/StorageHelper.js": {"path":"/Users/work/Code/heat-js/amazon-cognito-identity-js/src/StorageHelper.js","statementMap":{"0":{"start":{"line":18,"column":17},"end":{"line":18,"column":19}},"1":{"start":{"line":29,"column":2},"end":{"line":29,"column":26}},"2":{"start":{"line":30,"column":2},"end":{"line":30,"column":25}},"3":{"start":{"line":40,"column":2},"end":{"line":42,"column":15}},"4":{"start":{"line":51,"column":2},"end":{"line":51,"column":32}},"5":{"start":{"line":59,"column":2},"end":{"line":59,"column":18}},"6":{"start":{"line":60,"column":2},"end":{"line":60,"column":20}},"7":{"start":{"line":21,"column":0},"end":{"line":21,"column":13}},"8":{"start":{"line":71,"column":2},"end":{"line":77,"column":null}},"9":{"start":{"line":72,"column":3},"end":{"line":72,"column":44}},"10":{"start":{"line":73,"column":3},"end":{"line":73,"column":56}},"11":{"start":{"line":74,"column":3},"end":{"line":74,"column":56}},"12":{"start":{"line":76,"column":3},"end":{"line":76,"column":38}},"13":{"start":{"line":85,"column":2},"end":{"line":85,"column":28}},"14":{"start":{"line":65,"column":0},"end":{"line":65,"column":21}}},"fnMap":{"0":{"name":"(anonymous_0)","decl":{"start":{"line":28,"column":1},"end":{"line":28,"column":7}},"loc":{"start":{"line":28,"column":26},"end":{"line":31,"column":2}}},"1":{"name":"(anonymous_1)","decl":{"start":{"line":39,"column":1},"end":{"line":39,"column":7}},"loc":{"start":{"line":39,"column":19},"end":{"line":43,"column":2}}},"2":{"name":"(anonymous_2)","decl":{"start":{"line":50,"column":1},"end":{"line":50,"column":7}},"loc":{"start":{"line":50,"column":22},"end":{"line":52,"column":2}}},"3":{"name":"(anonymous_3)","decl":{"start":{"line":58,"column":1},"end":{"line":58,"column":7}},"loc":{"start":{"line":58,"column":13},"end":{"line":61,"column":2}}},"4":{"name":"(anonymous_4)","decl":{"start":{"line":70,"column":1},"end":{"line":70,"column":null}},"loc":{"start":{"line":70,"column":1},"end":{"line":78,"column":2}}},"5":{"name":"(anonymous_5)","decl":{"start":{"line":84,"column":1},"end":{"line":84,"column":11}},"loc":{"start":{"line":84,"column":11},"end":{"line":86,"column":2}}}},"branchMap":{"0":{"loc":{"start":{"line":40,"column":9},"end":{"line":42,"column":14}},"type":"cond-expr","locations":[{"start":{"line":41,"column":5},"end":{"line":41,"column":20}},{"start":{"line":42,"column":5},"end":{"line":42,"column":14}}]}},"s":{"0":13,"1":1,"2":1,"3":2,"4":1,"5":1,"6":1,"7":13,"8":44,"9":44,"10":44,"11":38,"12":6,"13":44,"14":13},"f":{"0":1,"1":2,"2":1,"3":1,"4":44,"5":44},"b":{"0":[1,1]}}
,"/Users/work/Code/heat-js/amazon-cognito-identity-js/src/UserAgent.js": {"path":"/Users/work/Code/heat-js/amazon-cognito-identity-js/src/UserAgent.js","statementMap":{"0":{"start":{"line":1,"column":0},"end":{"line":1,"column":42}},"1":{"start":{"line":5,"column":0},"end":{"line":5,"column":47}},"2":{"start":{"line":7,"column":40},"end":{"line":23,"column":1}},"3":{"start":{"line":8,"column":1},"end":{"line":10,"column":null}},"4":{"start":{"line":9,"column":2},"end":{"line":9,"column":9}},"5":{"start":{"line":11,"column":1},"end":{"line":19,"column":null}},"6":{"start":{"line":15,"column":2},"end":{"line":18,"column":4}},"7":{"start":{"line":20,"column":1},"end":{"line":22,"column":null}},"8":{"start":{"line":21,"column":2},"end":{"line":21,"column":42}},"9":{"start":{"line":7,"column":13},"end":{"line":7,"column":40}},"10":{"start":{"line":26,"column":0},"end":{"line":26,"column":25}}},"fnMap":{"0":{"name":"UserAgent","decl":{"start":{"line":3,"column":9},"end":{"line":3,"column":18}},"loc":{"start":{"line":3,"column":18},"end":{"line":3,"column":24}}},"1":{"name":"(anonymous_1)","decl":{"start":{"line":7,"column":40},"end":{"line":7,"column":47}},"loc":{"start":{"line":7,"column":50},"end":{"line":23,"column":1}}}},"branchMap":{"0":{"loc":{"start":{"line":8,"column":1},"end":{"line":10,"column":null}},"type":"if","locations":[{"start":{"line":8,"column":1},"end":{"line":10,"column":null}}]},"1":{"loc":{"start":{"line":11,"column":1},"end":{"line":19,"column":null}},"type":"if","locations":[{"start":{"line":11,"column":1},"end":{"line":19,"column":null}}]},"2":{"loc":{"start":{"line":12,"column":2},"end":{"line":13,"column":50}},"type":"binary-expr","locations":[{"start":{"line":12,"column":2},"end":{"line":12,"column":31}},{"start":{"line":13,"column":2},"end":{"line":13,"column":50}}]},"3":{"loc":{"start":{"line":20,"column":1},"end":{"line":22,"column":null}},"type":"if","locations":[{"start":{"line":20,"column":1},"end":{"line":22,"column":null}}]},"4":{"loc":{"start":{"line":20,"column":5},"end":{"line":20,"column":75}},"type":"binary-expr","locations":[{"start":{"line":20,"column":5},"end":{"line":20,"column":35}},{"start":{"line":20,"column":39},"end":{"line":20,"column":75}}]}},"s":{"0":14,"1":14,"2":14,"3":6,"4":1,"5":5,"6":2,"7":5,"8":2,"9":14,"10":14},"f":{"0":1,"1":6},"b":{"0":[1],"1":[2],"2":[5,3],"3":[2],"4":[5,3]}}
,"/Users/work/Code/heat-js/amazon-cognito-identity-js/src/index.js": {"path":"/Users/work/Code/heat-js/amazon-cognito-identity-js/src/index.js","statementMap":{"0":{"start":{"line":18,"column":0},"end":{"line":18,"column":9}},"1":{"start":{"line":18,"column":9},"end":{"line":18,"column":41}},"2":{"start":{"line":19,"column":0},"end":{"line":19,"column":9}},"3":{"start":{"line":19,"column":9},"end":{"line":19,"column":40}},"4":{"start":{"line":20,"column":0},"end":{"line":20,"column":9}},"5":{"start":{"line":20,"column":9},"end":{"line":20,"column":38}},"6":{"start":{"line":21,"column":0},"end":{"line":21,"column":9}},"7":{"start":{"line":21,"column":9},"end":{"line":21,"column":34}},"8":{"start":{"line":22,"column":0},"end":{"line":22,"column":9}},"9":{"start":{"line":22,"column":9},"end":{"line":22,"column":39}},"10":{"start":{"line":23,"column":0},"end":{"line":23,"column":9}},"11":{"start":{"line":23,"column":9},"end":{"line":23,"column":31}},"12":{"start":{"line":24,"column":0},"end":{"line":24,"column":9}},"13":{"start":{"line":24,"column":9},"end":{"line":24,"column":40}},"14":{"start":{"line":25,"column":0},"end":{"line":25,"column":9}},"15":{"start":{"line":25,"column":9},"end":{"line":25,"column":35}},"16":{"start":{"line":26,"column":0},"end":{"line":26,"column":9}},"17":{"start":{"line":26,"column":9},"end":{"line":26,"column":38}},"18":{"start":{"line":27,"column":0},"end":{"line":27,"column":9}},"19":{"start":{"line":27,"column":9},"end":{"line":27,"column":33}},"20":{"start":{"line":28,"column":0},"end":{"line":28,"column":9}},"21":{"start":{"line":28,"column":9},"end":{"line":28,"column":30}},"22":{"start":{"line":29,"column":0},"end":{"line":29,"column":9}},"23":{"start":{"line":29,"column":9},"end":{"line":29,"column":55}},"24":{"start":{"line":30,"column":0},"end":{"line":30,"column":9}},"25":{"start":{"line":30,"column":9},"end":{"line":30,"column":29}}},"fnMap":{"0":{"name":"(anonymous_1)","decl":{"start":{"line":18,"column":9},"end":{"line":18,"column":16}},"loc":{"start":{"line":18,"column":9},"end":{"line":18,"column":41}}},"1":{"name":"(anonymous_2)","decl":{"start":{"line":19,"column":9},"end":{"line":19,"column":16}},"loc":{"start":{"line":19,"column":9},"end":{"line":19,"column":40}}},"2":{"name":"(anonymous_3)","decl":{"start":{"line":20,"column":9},"end":{"line":20,"column":16}},"loc":{"start":{"line":20,"column":9},"end":{"line":20,"column":38}}},"3":{"name":"(anonymous_4)","decl":{"start":{"line":21,"column":9},"end":{"line":21,"column":16}},"loc":{"start":{"line":21,"column":9},"end":{"line":21,"column":34}}},"4":{"name":"(anonymous_5)","decl":{"start":{"line":22,"column":9},"end":{"line":22,"column":16}},"loc":{"start":{"line":22,"column":9},"end":{"line":22,"column":39}}},"5":{"name":"(anonymous_6)","decl":{"start":{"line":23,"column":9},"end":{"line":23,"column":16}},"loc":{"start":{"line":23,"column":9},"end":{"line":23,"column":31}}},"6":{"name":"(anonymous_7)","decl":{"start":{"line":24,"column":9},"end":{"line":24,"column":16}},"loc":{"start":{"line":24,"column":9},"end":{"line":24,"column":40}}},"7":{"name":"(anonymous_8)","decl":{"start":{"line":25,"column":9},"end":{"line":25,"column":16}},"loc":{"start":{"line":25,"column":9},"end":{"line":25,"column":35}}},"8":{"name":"(anonymous_9)","decl":{"start":{"line":26,"column":9},"end":{"line":26,"column":16}},"loc":{"start":{"line":26,"column":9},"end":{"line":26,"column":38}}},"9":{"name":"(anonymous_10)","decl":{"start":{"line":27,"column":9},"end":{"line":27,"column":16}},"loc":{"start":{"line":27,"column":9},"end":{"line":27,"column":33}}},"10":{"name":"(anonymous_11)","decl":{"start":{"line":28,"column":9},"end":{"line":28,"column":16}},"loc":{"start":{"line":28,"column":9},"end":{"line":28,"column":30}}},"11":{"name":"(anonymous_12)","decl":{"start":{"line":29,"column":9},"end":{"line":29,"column":33}},"loc":{"start":{"line":29,"column":9},"end":{"line":29,"column":55}}},"12":{"name":"(anonymous_13)","decl":{"start":{"line":30,"column":9},"end":{"line":30,"column":16}},"loc":{"start":{"line":30,"column":9},"end":{"line":30,"column":29}}}},"branchMap":{},"s":{"0":12,"1":12,"2":12,"3":12,"4":12,"5":34,"6":12,"7":34,"8":12,"9":34,"10":12,"11":12,"12":12,"13":12,"14":12,"15":12,"16":12,"17":36,"18":12,"19":12,"20":12,"21":12,"22":12,"23":12,"24":12,"25":12},"f":{"0":0,"1":0,"2":22,"3":22,"4":22,"5":0,"6":0,"7":0,"8":24,"9":0,"10":0,"11":0,"12":0},"b":{}}
}
