TN:
SF:src/AuthenticationDetails.js
FN:28,(anonymous_0)
FN:49,(anonymous_1)
FN:56,(anonymous_2)
FN:63,(anonymous_3)
FN:70,(anonymous_4)
FN:77,(anonymous_5)
FN:84,(anonymous_6)
FNF:7
FNH:7
FNDA:9,(anonymous_0)
FNDA:1,(anonymous_1)
FNDA:5,(anonymous_2)
FNDA:12,(anonymous_3)
FNDA:4,(anonymous_4)
FNDA:12,(anonymous_5)
FNDA:3,(anonymous_6)
DA:19,12
DA:37,9
DA:38,9
DA:39,9
DA:40,9
DA:41,9
DA:42,9
DA:43,9
DA:50,1
DA:57,5
DA:64,12
DA:71,4
DA:78,12
DA:85,3
LF:14
LH:14
BRDA:37,0,0,9
BRDA:37,0,1,0
BRDA:38,1,0,9
BRDA:38,1,1,1
BRDA:39,2,0,9
BRDA:39,2,1,1
BRDA:40,3,0,9
BRDA:40,3,1,1
BRDA:41,4,0,9
BRDA:41,4,1,9
BRF:10
BRH:9
end_of_record
TN:
SF:src/AuthenticationHelper.js
FN:32,randomBytes
FN:69,(anonymous_2)
FN:78,(anonymous_3)
FN:88,(anonymous_4)
FN:96,(anonymous_5)
FN:100,(anonymous_6)
FN:116,(anonymous_7)
FN:132,(anonymous_8)
FN:139,(anonymous_9)
FN:146,(anonymous_10)
FN:153,(anonymous_11)
FN:164,(anonymous_12)
FN:177,(anonymous_13)
FN:196,(anonymous_14)
FN:197,(anonymous_15)
FN:217,(anonymous_16)
FN:230,(anonymous_17)
FN:244,(anonymous_18)
FN:255,(anonymous_19)
FN:281,(anonymous_20)
FN:305,(anonymous_21)
FN:326,(anonymous_22)
FN:327,(anonymous_23)
FN:336,(anonymous_24)
FN:350,(anonymous_25)
FN:380,(anonymous_26)
FN:400,(anonymous_27)
FNF:27
FNH:27
FNDA:55,randomBytes
FNDA:27,(anonymous_2)
FNDA:27,(anonymous_3)
FNDA:1,(anonymous_4)
FNDA:28,(anonymous_5)
FNDA:22,(anonymous_6)
FNDA:30,(anonymous_7)
FNDA:16,(anonymous_8)
FNDA:11,(anonymous_9)
FNDA:8,(anonymous_10)
FNDA:10,(anonymous_11)
FNDA:9,(anonymous_12)
FNDA:9,(anonymous_13)
FNDA:24,(anonymous_14)
FNDA:24,(anonymous_15)
FNDA:4,(anonymous_16)
FNDA:56,(anonymous_17)
FNDA:44,(anonymous_18)
FNDA:2,(anonymous_19)
FNDA:4,(anonymous_20)
FNDA:2,(anonymous_21)
FNDA:4,(anonymous_22)
FNDA:4,(anonymous_23)
FNDA:3,(anonymous_24)
FNDA:5,(anonymous_25)
FNDA:600,(anonymous_26)
FNDA:770,(anonymous_27)
DA:18,12
DA:19,12
DA:20,12
DA:21,12
DA:22,12
DA:23,12
DA:33,55
DA:36,12
DA:41,12
DA:44,12
DA:61,12
DA:64,12
DA:70,27
DA:71,27
DA:72,27
DA:77,27
DA:78,27
DA:80,27
DA:82,27
DA:89,1
DA:97,28
DA:98,6
DA:100,22
DA:101,22
DA:102,1
DA:105,22
DA:106,22
DA:118,30
DA:120,30
DA:124,30
DA:133,16
DA:140,11
DA:147,8
DA:154,10
DA:165,9
DA:166,9
DA:167,9
DA:169,9
DA:172,9
DA:174,9
DA:178,9
DA:179,1
DA:182,9
DA:183,8
DA:197,24
DA:198,24
DA:199,1
DA:202,24
DA:203,1
DA:206,23
DA:218,4
DA:219,4
DA:221,4
DA:232,56
DA:233,56
DA:235,56
DA:245,44
DA:256,2
DA:263,2
DA:265,2
DA:267,2
DA:268,2
DA:269,2
DA:288,4
DA:289,1
DA:292,3
DA:294,3
DA:295,1
DA:298,2
DA:299,2
DA:301,2
DA:305,2
DA:306,2
DA:307,1
DA:310,2
DA:315,1
DA:327,4
DA:328,4
DA:329,1
DA:332,4
DA:333,3
DA:337,3
DA:338,1
DA:340,3
DA:351,5
DA:381,600
DA:382,2
DA:385,598
DA:388,598
DA:391,598
DA:394,598
DA:396,598
DA:398,256
DA:401,770
DA:402,770
DA:407,256
DA:411,256
DA:421,256
DA:422,1
DA:426,598
LF:100
LH:100
BRDA:97,0,0,6
BRDA:97,0,1,22
BRDA:101,1,0,1
BRDA:178,2,0,1
BRDA:198,3,0,1
BRDA:202,4,0,1
BRDA:232,5,0,45
BRDA:232,5,1,11
BRDA:263,6,0,2
BRDA:263,6,1,0
BRDA:265,7,0,2
BRDA:265,7,1,0
BRDA:288,8,0,1
BRDA:294,9,0,1
BRDA:306,10,0,1
BRDA:328,11,0,1
BRDA:337,12,0,1
BRDA:381,13,0,2
BRDA:391,14,0,62
BRDA:391,14,1,536
BRDA:394,15,0,300
BRDA:394,15,1,298
BRDA:396,16,0,256
BRDA:421,17,0,1
BRF:24
BRH:22
end_of_record
TN:
SF:src/BigInteger.js
FN:52,BigInteger
FN:57,nbi
FN:76,am1
FN:87,am2
FN:102,am3
FN:148,int2char
FN:151,intAt
FN:157,bnpCopyTo
FN:164,bnpFromInt
FN:173,nbv
FN:182,bnpFromString
FN:215,bnpClamp
FN:221,bnToString
FN:260,bnNegate
FN:269,bnAbs
FN:274,bnCompareTo
FN:285,nbits
FN:312,bnBitLength
FN:318,bnpDLShiftTo
FN:327,bnpDRShiftTo
FN:334,bnpLShiftTo
FN:353,bnpRShiftTo
FN:374,bnpSubTo
FN:409,bnpMultiplyTo
FN:422,bnpSquareTo
FN:443,bnpDivRemTo
FN:507,bnMod
FN:524,bnpInvDigit
FN:544,bnEquals
FN:549,bnpAddTo
FN:583,bnAdd
FN:592,bnSubtract
FN:601,bnMultiply
FN:610,bnDivide
FN:619,Montgomery
FN:629,montConvert
FN:638,montRevert
FN:646,montReduce
FN:672,montSqrTo
FN:679,montMulTo
FN:692,bnModPow
FNF:41
FNH:38
FNDA:2673,BigInteger
FNDA:1751,nbi
FNDA:0,am1
FNDA:0,am2
FNDA:9853451,am3
FNDA:36038,int2char
FNDA:32378,intAt
FNDA:73,bnpCopyTo
FNDA:573,bnpFromInt
FNDA:60,nbv
FNDA:409,bnpFromString
FNDA:64353,bnpClamp
FNDA:862,bnToString
FNDA:259,bnNegate
FNDA:37107,bnAbs
FNDA:32253,bnCompareTo
FNDA:126,nbits
FNDA:34,bnBitLength
FNDA:150,bnpDLShiftTo
FNDA:31565,bnpDRShiftTo
FNDA:116,bnpLShiftTo
FNDA:58,bnpRShiftTo
FNDA:351,bnpSubTo
FNDA:4783,bnpMultiplyTo
FNDA:26755,bnpSquareTo
FNDA:63,bnpDivRemTo
FNDA:29,bnMod
FNDA:34,bnpInvDigit
FNDA:30,bnEquals
FNDA:259,bnpAddTo
FNDA:259,bnAdd
FNDA:3,bnSubtract
FNDA:7,bnMultiply
FNDA:0,bnDivide
FNDA:34,Montgomery
FNDA:34,montConvert
FNDA:34,montRevert
FNDA:31565,montReduce
FNDA:26755,montSqrTo
FNDA:4776,montMulTo
FNDA:34,bnModPow
DA:18,13
DA:53,2673
DA:58,1751
DA:65,13
DA:66,13
DA:77,0
DA:78,0
DA:79,0
DA:80,0
DA:82,0
DA:88,0
DA:89,0
DA:90,0
DA:91,0
DA:92,0
DA:93,0
DA:94,0
DA:95,0
DA:96,0
DA:98,0
DA:103,9853451
DA:104,9853451
DA:105,9853451
DA:106,602501037
DA:107,602501037
DA:108,602501037
DA:109,602501037
DA:110,602501037
DA:111,602501037
DA:113,9853451
DA:115,13
DA:116,13
DA:117,0
DA:118,0
DA:119,13
DA:120,0
DA:121,0
DA:124,13
DA:125,13
DA:128,13
DA:129,13
DA:130,13
DA:132,13
DA:133,13
DA:134,13
DA:135,13
DA:138,13
DA:139,13
DA:141,13
DA:142,130
DA:143,13
DA:144,338
DA:145,13
DA:146,338
DA:149,36038
DA:152,32378
DA:153,32378
DA:158,7451
DA:159,73
DA:160,73
DA:165,573
DA:166,573
DA:167,573
DA:168,270
DA:169,15
DA:174,60
DA:176,60
DA:178,60
DA:184,409
DA:185,0
DA:186,0
DA:187,0
DA:188,0
DA:189,0
DA:190,409
DA:191,409
DA:192,409
DA:193,409
DA:194,409
DA:195,409
DA:196,32378
DA:197,32378
DA:198,1
DA:199,1
DA:201,32377
DA:202,32377
DA:203,27511
DA:204,0
DA:205,0
DA:206,27511
DA:207,32377
DA:208,32377
DA:210,409
DA:211,409
DA:216,64353
DA:217,64353
DA:222,862
DA:224,861
DA:225,2
DA:226,2
DA:227,2
DA:228,2
DA:229,0
DA:230,861
DA:232,861
DA:233,861
DA:234,861
DA:235,861
DA:236,861
DA:237,860
DA:238,0
DA:239,0
DA:241,860
DA:242,40012
DA:243,0
DA:244,0
DA:246,40012
DA:247,40012
DA:248,5712
DA:249,5712
DA:252,40012
DA:253,40012
DA:256,861
DA:261,259
DA:263,259
DA:265,259
DA:270,37107
DA:275,32253
DA:276,32253
DA:277,31997
DA:278,31997
DA:279,31997
DA:280,31038
DA:281,4
DA:286,126
DA:288,126
DA:289,58
DA:290,58
DA:292,126
DA:293,48
DA:294,48
DA:296,126
DA:297,46
DA:298,46
DA:300,126
DA:301,108
DA:302,108
DA:304,126
DA:305,96
DA:306,96
DA:308,126
DA:313,34
DA:314,34
DA:320,6700
DA:321,10384
DA:322,150
DA:323,150
DA:328,3471401
DA:329,31565
DA:330,31565
DA:335,116
DA:336,116
DA:337,116
DA:338,116
DA:339,116
DA:341,116
DA:342,13022
DA:343,13022
DA:345,116
DA:346,116
DA:347,116
DA:348,116
DA:349,116
DA:354,58
DA:355,58
DA:356,58
DA:357,0
DA:358,0
DA:360,58
DA:361,58
DA:362,58
DA:363,58
DA:364,58
DA:365,6258
DA:366,6258
DA:368,58
DA:369,58
DA:370,58
DA:375,351
DA:376,351
DA:377,351
DA:378,351
DA:379,9686
DA:380,9686
DA:381,9686
DA:383,351
DA:384,58
DA:385,58
DA:386,58
DA:387,58
DA:388,58
DA:390,58
DA:392,293
DA:393,293
DA:394,716
DA:395,716
DA:396,716
DA:398,293
DA:400,351
DA:401,351
DA:402,351
DA:403,351
DA:404,351
DA:410,4783
DA:411,4783
DA:412,4782
DA:413,4782
DA:414,523764
DA:415,521938
DA:416,4782
DA:417,4782
DA:418,4782
DA:423,26755
DA:424,26755
DA:425,5885854
DA:426,26755
DA:427,2916172
DA:428,2916172
DA:432,0
DA:433,0
DA:436,26755
DA:437,26755
DA:438,26755
DA:444,63
DA:445,63
DA:446,63
DA:447,63
DA:448,5
DA:449,5
DA:450,5
DA:452,58
DA:453,58
DA:454,58
DA:455,58
DA:456,58
DA:458,58
DA:459,58
DA:460,58
DA:462,0
DA:463,0
DA:465,58
DA:466,58
DA:467,58
DA:468,58
DA:469,58
DA:470,58
DA:471,58
DA:472,58
DA:473,58
DA:474,58
DA:475,58
DA:476,58
DA:477,0
DA:478,0
DA:480,58
DA:481,58
DA:483,116
DA:484,58
DA:487,264
DA:488,264
DA:490,0
DA:491,0
DA:492,0
DA:495,58
DA:496,0
DA:497,0
DA:499,58
DA:500,58
DA:501,58
DA:503,58
DA:508,29
DA:509,29
DA:510,29
DA:511,29
DA:525,34
DA:526,34
DA:527,34
DA:528,34
DA:530,34
DA:532,34
DA:534,34
DA:538,34
DA:541,34
DA:545,30
DA:550,259
DA:551,259
DA:552,259
DA:553,259
DA:554,297
DA:555,297
DA:556,297
DA:558,259
DA:559,3
DA:560,3
DA:561,70
DA:562,70
DA:563,70
DA:565,3
DA:567,256
DA:568,256
DA:569,0
DA:570,0
DA:571,0
DA:573,256
DA:575,259
DA:576,259
DA:577,259
DA:578,259
DA:579,259
DA:584,259
DA:586,259
DA:588,259
DA:593,3
DA:595,3
DA:597,3
DA:602,7
DA:604,7
DA:606,6
DA:611,0
DA:613,0
DA:615,0
DA:620,34
DA:621,34
DA:622,34
DA:623,34
DA:624,34
DA:625,34
DA:630,34
DA:631,34
DA:632,34
DA:633,34
DA:634,34
DA:639,34
DA:640,34
DA:641,34
DA:642,34
DA:647,31565
DA:649,42586
DA:650,31565
DA:652,3472150
DA:654,3472150
DA:658,3472150
DA:659,3472150
DA:661,3472150
DA:662,6413
DA:663,6413
DA:666,31565
DA:667,31565
DA:668,31565
DA:673,26755
DA:675,26755
DA:680,4776
DA:682,4776
DA:685,13
DA:686,13
DA:687,13
DA:688,13
DA:689,13
DA:693,34
DA:695,34
DA:696,34
DA:697,34
DA:698,34
DA:699,34
DA:700,33
DA:701,33
DA:702,24
DA:705,34
DA:706,34
DA:707,34
DA:708,34
DA:709,34
DA:710,34
DA:711,34
DA:712,34
DA:713,34
DA:714,882
DA:715,882
DA:716,882
DA:720,34
DA:722,34
DA:723,34
DA:725,34
DA:726,34
DA:727,3928
DA:729,676
DA:730,676
DA:733,3928
DA:734,3928
DA:735,3851
DA:736,3851
DA:738,3928
DA:739,671
DA:740,671
DA:742,3928
DA:744,34
DA:745,34
DA:747,3894
DA:748,8844
DA:749,8844
DA:750,8844
DA:752,3894
DA:754,2439
DA:755,2439
DA:756,2439
DA:758,3894
DA:761,3928
DA:762,7578
DA:763,7578
DA:764,7578
DA:765,7578
DA:766,7578
DA:767,309
DA:768,309
DA:772,34
DA:773,34
DA:774,34
DA:778,13
DA:779,13
DA:780,13
DA:781,13
DA:782,13
DA:783,13
DA:784,13
DA:785,13
DA:786,13
DA:787,13
DA:788,13
DA:789,13
DA:790,13
DA:791,13
DA:794,13
DA:795,13
DA:796,13
DA:797,13
DA:798,13
DA:799,13
DA:800,13
DA:801,13
DA:802,13
DA:803,13
DA:804,13
DA:805,13
DA:808,13
DA:809,13
LF:455
LH:405
BRDA:53,0,0,409
BRDA:116,1,0,0
BRDA:116,1,1,13
BRDA:116,2,0,13
BRDA:116,2,1,13
BRDA:116,2,2,13
BRDA:119,3,0,0
BRDA:119,3,1,13
BRDA:119,4,0,13
BRDA:119,4,1,13
BRDA:119,4,2,13
BRDA:153,5,0,1
BRDA:153,5,1,32377
BRDA:166,6,0,256
BRDA:166,6,1,317
BRDA:167,7,0,303
BRDA:167,7,1,270
BRDA:168,8,0,255
BRDA:168,8,1,15
BRDA:184,9,0,409
BRDA:184,9,1,0
BRDA:185,10,0,0
BRDA:185,10,1,0
BRDA:186,11,0,0
BRDA:186,11,1,0
BRDA:187,12,0,0
BRDA:187,12,1,0
BRDA:188,13,0,0
BRDA:188,13,1,0
BRDA:197,14,0,1
BRDA:198,15,0,1
BRDA:202,16,0,4866
BRDA:202,16,1,27511
BRDA:203,17,0,0
BRDA:203,17,1,27511
BRDA:208,18,0,4457
BRDA:211,19,0,1
BRDA:217,20,0,98762
BRDA:217,20,1,98762
BRDA:222,21,0,1
BRDA:224,22,0,859
BRDA:224,22,1,2
BRDA:225,23,0,0
BRDA:225,23,1,2
BRDA:226,24,0,0
BRDA:226,24,1,2
BRDA:227,25,0,0
BRDA:227,25,1,2
BRDA:228,26,0,2
BRDA:228,26,1,0
BRDA:236,27,0,860
BRDA:237,28,0,0
BRDA:237,29,0,860
BRDA:237,29,1,0
BRDA:242,30,0,0
BRDA:242,30,1,40012
BRDA:247,31,0,5712
BRDA:252,32,0,33761
BRDA:253,33,0,36038
BRDA:256,34,0,860
BRDA:256,34,1,1
BRDA:270,35,0,258
BRDA:270,35,1,36849
BRDA:276,36,0,256
BRDA:279,37,0,959
BRDA:279,38,0,0
BRDA:279,38,1,959
BRDA:280,39,0,31034
BRDA:288,40,0,58
BRDA:292,41,0,48
BRDA:296,42,0,46
BRDA:300,43,0,108
BRDA:304,44,0,96
BRDA:313,45,0,0
BRDA:356,46,0,0
BRDA:368,47,0,58
BRDA:383,48,0,58
BRDA:383,48,1,293
BRDA:400,49,0,4
BRDA:400,49,1,347
BRDA:401,50,0,0
BRDA:401,50,1,351
BRDA:402,51,0,1
BRDA:418,52,0,0
BRDA:428,53,0,0
BRDA:436,54,0,26755
BRDA:445,55,0,0
BRDA:447,56,0,5
BRDA:448,57,0,0
BRDA:449,58,0,5
BRDA:452,59,0,0
BRDA:458,60,0,58
BRDA:458,60,1,0
BRDA:467,61,0,0
BRDA:468,62,0,58
BRDA:468,62,1,0
BRDA:474,63,0,58
BRDA:474,63,1,0
BRDA:476,64,0,0
BRDA:487,65,0,0
BRDA:487,65,1,264
BRDA:488,66,0,0
BRDA:495,67,0,0
BRDA:497,68,0,0
BRDA:501,69,0,58
BRDA:503,70,0,0
BRDA:510,71,0,0
BRDA:510,72,0,29
BRDA:510,72,1,0
BRDA:525,73,0,0
BRDA:527,74,0,0
BRDA:541,75,0,0
BRDA:541,75,1,34
BRDA:558,76,0,3
BRDA:558,76,1,256
BRDA:575,77,0,0
BRDA:575,77,1,259
BRDA:576,78,0,0
BRDA:576,78,1,259
BRDA:577,79,0,0
BRDA:633,80,0,2
BRDA:633,81,0,34
BRDA:633,81,1,2
BRDA:668,82,0,28
BRDA:697,83,0,0
BRDA:697,83,1,34
BRDA:698,84,0,0
BRDA:698,84,1,34
BRDA:699,85,0,1
BRDA:699,85,1,33
BRDA:700,86,0,0
BRDA:700,86,1,33
BRDA:701,87,0,9
BRDA:701,87,1,24
BRDA:710,88,0,34
BRDA:727,89,0,3252
BRDA:727,89,1,676
BRDA:730,90,0,654
BRDA:738,91,0,671
BRDA:742,92,0,34
BRDA:742,92,1,3894
BRDA:752,93,0,1455
BRDA:752,93,1,2439
BRDA:761,94,0,11506
BRDA:761,94,1,11472
BRDA:766,95,0,309
BRF:146
BRH:97
end_of_record
TN:
SF:src/Client.js
FN:6,(anonymous_1)
FN:22,(anonymous_2)
FN:35,(anonymous_3)
FN:36,(anonymous_4)
FN:37,(anonymous_5)
FN:49,(anonymous_6)
FN:52,(anonymous_7)
FN:52,(anonymous_8)
FN:53,(anonymous_9)
FN:61,(anonymous_10)
FN:62,(anonymous_11)
FN:73,(anonymous_12)
FN:93,(anonymous_13)
FN:97,(anonymous_14)
FN:106,(anonymous_15)
FN:106,(anonymous_16)
FN:107,(anonymous_17)
FN:120,(anonymous_18)
FN:147,(anonymous_19)
FN:156,(anonymous_20)
FN:162,(anonymous_21)
FN:167,retry
FN:174,(anonymous_23)
FN:187,(anonymous_24)
FN:188,(anonymous_25)
FN:195,jitteredBackoff
FN:199,(anonymous_27)
FN:206,jitteredExponentialRetry
FNF:28
FNH:11
FNDA:1,(anonymous_1)
FNDA:8,(anonymous_2)
FNDA:4,(anonymous_3)
FNDA:4,(anonymous_4)
FNDA:4,(anonymous_5)
FNDA:0,(anonymous_6)
FNDA:0,(anonymous_7)
FNDA:0,(anonymous_8)
FNDA:0,(anonymous_9)
FNDA:0,(anonymous_10)
FNDA:0,(anonymous_11)
FNDA:24,(anonymous_12)
FNDA:4,(anonymous_13)
FNDA:1,(anonymous_14)
FNDA:4,(anonymous_15)
FNDA:0,(anonymous_16)
FNDA:4,(anonymous_17)
FNDA:1,(anonymous_18)
FNDA:0,(anonymous_19)
FNDA:0,(anonymous_20)
FNDA:0,(anonymous_21)
FNDA:0,retry
FNDA:0,(anonymous_23)
FNDA:0,(anonymous_24)
FNDA:0,(anonymous_25)
FNDA:0,jitteredBackoff
FNDA:0,(anonymous_27)
FNDA:0,jitteredExponentialRetry
DA:1,12
DA:3,12
DA:7,1
DA:8,1
DA:9,1
DA:10,1
DA:15,12
DA:23,8
DA:24,8
DA:25,8
DA:36,4
DA:37,4
DA:38,4
DA:39,1
DA:43,3
DA:50,0
DA:52,0
DA:53,0
DA:54,0
DA:55,0
DA:57,0
DA:61,0
DA:62,0
DA:74,24
DA:80,24
DA:91,24
DA:94,4
DA:95,4
DA:100,1
DA:101,1
DA:103,0
DA:106,4
DA:109,4
DA:110,1
DA:114,1
DA:115,1
DA:116,1
DA:117,1
DA:118,1
DA:122,1
DA:127,0
DA:128,0
DA:129,0
DA:130,0
DA:131,0
DA:132,0
DA:133,0
DA:135,0
DA:138,1
DA:139,1
DA:141,1
DA:146,12
DA:157,0
DA:158,0
DA:162,12
DA:163,0
DA:164,0
DA:168,0
DA:169,0
DA:172,0
DA:174,0
DA:175,0
DA:177,0
DA:178,0
DA:179,0
DA:182,0
DA:184,0
DA:186,0
DA:187,0
DA:188,0
DA:190,0
DA:196,0
DA:197,0
DA:199,0
DA:200,0
DA:201,0
DA:205,12
DA:207,0
LF:78
LH:37
BRDA:23,0,0,8
BRDA:23,0,1,5
BRDA:24,1,0,8
BRDA:24,1,1,4
BRDA:25,2,0,0
BRDA:25,2,1,8
BRDA:38,3,0,1
BRDA:38,3,1,3
BRDA:54,4,0,0
BRDA:54,4,1,0
BRDA:100,5,0,1
BRDA:109,6,0,3
BRDA:114,7,0,1
BRDA:114,7,1,0
BRDA:115,8,0,1
BRDA:115,8,1,1
BRDA:115,8,2,1
BRDA:122,9,0,0
BRDA:122,9,1,1
BRDA:123,10,0,1
BRDA:123,10,1,0
BRDA:123,10,2,0
BRDA:129,11,0,0
BRDA:129,11,1,0
BRDA:138,12,0,1
BRDA:138,13,0,1
BRDA:138,13,1,1
BRDA:164,14,0,0
BRDA:164,14,1,0
BRDA:167,15,0,0
BRDA:168,16,0,0
BRDA:177,17,0,0
BRDA:186,18,0,0
BRDA:186,18,1,0
BRDA:201,19,0,0
BRDA:201,19,1,0
BRDA:206,20,0,0
BRF:37
BRH:18
end_of_record
TN:
SF:src/CognitoAccessToken.js
FN:26,(anonymous_1)
FNF:1
FNH:1
FNDA:47,(anonymous_1)
DA:18,12
DA:21,12
DA:27,47
LF:3
LH:3
BRDA:26,0,0,6
BRDA:27,1,0,47
BRDA:27,1,1,23
BRF:3
BRH:3
end_of_record
TN:
SF:src/CognitoIdToken.js
FN:26,(anonymous_1)
FNF:1
FNH:1
FNDA:46,(anonymous_1)
DA:18,13
DA:21,13
DA:27,46
LF:3
LH:3
BRDA:26,0,0,5
BRDA:27,1,0,46
BRDA:27,1,1,23
BRF:3
BRH:3
end_of_record
TN:
SF:src/CognitoJwtToken.js
FN:26,(anonymous_0)
FN:35,(anonymous_1)
FN:42,(anonymous_2)
FN:49,(anonymous_3)
FN:56,(anonymous_4)
FNF:5
FNH:5
FNDA:96,(anonymous_0)
FNDA:164,(anonymous_1)
FNDA:112,(anonymous_2)
FNDA:93,(anonymous_3)
FNDA:100,(anonymous_4)
DA:18,13
DA:21,13
DA:28,96
DA:29,96
DA:36,164
DA:43,112
DA:50,93
DA:57,100
DA:58,100
DA:59,100
DA:61,50
LF:11
LH:11
BRDA:28,0,0,96
BRDA:28,0,1,47
BRF:2
BRH:2
end_of_record
TN:
SF:src/CognitoRefreshToken.js
FN:24,(anonymous_0)
FN:32,(anonymous_1)
FNF:2
FNH:2
FNDA:48,(anonymous_0)
FNDA:58,(anonymous_1)
DA:19,12
DA:26,48
DA:33,58
LF:3
LH:3
BRDA:24,0,0,7
BRDA:26,1,0,48
BRDA:26,1,1,25
BRF:3
BRH:3
end_of_record
TN:
SF:src/CognitoUser.js
FN:85,(anonymous_1)
FN:111,(anonymous_2)
FN:120,(anonymous_3)
FN:127,(anonymous_4)
FN:134,(anonymous_5)
FN:143,(anonymous_6)
FN:157,(anonymous_7)
FN:179,(anonymous_8)
FN:213,(anonymous_9)
FN:244,(anonymous_10)
FN:259,(anonymous_11)
FN:286,(anonymous_12)
FN:304,(anonymous_13)
FN:335,(anonymous_14)
FN:339,(anonymous_15)
FN:368,(anonymous_16)
FN:401,(anonymous_17)
FN:433,(anonymous_18)
FN:453,(anonymous_19)
FN:530,(anonymous_20)
FN:558,(anonymous_21)
FN:596,(anonymous_22)
FN:612,(anonymous_23)
FN:634,(anonymous_24)
FN:659,(anonymous_25)
FN:667,(anonymous_26)
FN:685,(anonymous_27)
FN:700,(anonymous_28)
FN:741,(anonymous_29)
FN:773,(anonymous_30)
FN:791,(anonymous_31)
FN:810,(anonymous_32)
FN:833,(anonymous_33)
FN:856,(anonymous_34)
FN:883,(anonymous_35)
FN:911,(anonymous_36)
FN:944,(anonymous_37)
FN:977,(anonymous_38)
FN:990,(anonymous_39)
FN:1006,(anonymous_40)
FN:1024,(anonymous_41)
FN:1041,(anonymous_42)
FN:1053,(anonymous_43)
FN:1069,(anonymous_44)
FN:1082,(anonymous_45)
FN:1098,(anonymous_46)
FN:1109,(anonymous_47)
FN:1130,(anonymous_48)
FN:1142,(anonymous_49)
FN:1148,(anonymous_50)
FN:1161,(anonymous_51)
FN:1171,(anonymous_52)
FN:1201,(anonymous_53)
FN:1211,(anonymous_54)
FN:1226,(anonymous_55)
FN:1236,(anonymous_56)
FN:1238,(anonymous_57)
FN:1260,(anonymous_58)
FN:1270,(anonymous_59)
FN:1279,(anonymous_60)
FN:1280,(anonymous_61)
FN:1282,(anonymous_62)
FN:1302,(anonymous_63)
FN:1313,(anonymous_64)
FN:1323,(anonymous_65)
FN:1324,(anonymous_66)
FN:1336,(anonymous_67)
FN:1347,(anonymous_68)
FN:1353,(anonymous_69)
FN:1368,(anonymous_70)
FN:1376,(anonymous_71)
FN:1397,(anonymous_72)
FN:1467,(anonymous_73)
FN:1492,(anonymous_74)
FN:1523,(anonymous_75)
FN:1553,(anonymous_76)
FN:1560,(anonymous_77)
FN:1565,(anonymous_78)
FN:1574,(anonymous_79)
FN:1591,(anonymous_80)
FN:1610,(anonymous_81)
FN:1627,(anonymous_82)
FN:1648,(anonymous_83)
FN:1673,(anonymous_84)
FN:1683,(anonymous_85)
FN:1705,(anonymous_86)
FN:1717,(anonymous_87)
FN:1734,(anonymous_88)
FN:1746,(anonymous_89)
FN:1768,(anonymous_90)
FN:1780,(anonymous_91)
FN:1797,(anonymous_92)
FN:1808,(anonymous_93)
FN:1826,(anonymous_94)
FN:1837,(anonymous_95)
FN:1854,(anonymous_96)
FN:1857,(anonymous_97)
FN:1874,(anonymous_98)
FN:1886,(anonymous_99)
FN:1903,(anonymous_100)
FN:1915,(anonymous_101)
FN:1935,(anonymous_102)
FN:1948,(anonymous_103)
FN:1964,(anonymous_104)
FN:1974,(anonymous_105)
FN:1989,(anonymous_106)
FN:1997,(anonymous_107)
FN:2002,(anonymous_108)
FN:2010,(anonymous_109)
FN:2010,(anonymous_110)
FN:2043,(anonymous_111)
FN:2056,(anonymous_112)
FN:2061,(anonymous_113)
FN:2068,(anonymous_114)
FN:2084,(anonymous_115)
FN:2098,(anonymous_116)
FN:2123,(anonymous_117)
FN:2133,(anonymous_118)
FN:2140,(anonymous_119)
FN:2154,(anonymous_120)
FN:2171,(anonymous_121)
FN:2180,(anonymous_122)
FN:2199,(anonymous_123)
FN:2221,(anonymous_124)
FNF:124
FNH:93
FNDA:39,(anonymous_1)
FNDA:35,(anonymous_2)
FNDA:4,(anonymous_3)
FNDA:1,(anonymous_4)
FNDA:2,(anonymous_5)
FNDA:5,(anonymous_6)
FNDA:3,(anonymous_7)
FNDA:3,(anonymous_8)
FNDA:4,(anonymous_9)
FNDA:5,(anonymous_10)
FNDA:5,(anonymous_11)
FNDA:1,(anonymous_12)
FNDA:0,(anonymous_13)
FNDA:0,(anonymous_14)
FNDA:0,(anonymous_15)
FNDA:0,(anonymous_16)
FNDA:4,(anonymous_17)
FNDA:2,(anonymous_18)
FNDA:15,(anonymous_19)
FNDA:7,(anonymous_20)
FNDA:5,(anonymous_21)
FNDA:4,(anonymous_22)
FNDA:9,(anonymous_23)
FNDA:2,(anonymous_24)
FNDA:8,(anonymous_25)
FNDA:8,(anonymous_26)
FNDA:5,(anonymous_27)
FNDA:3,(anonymous_28)
FNDA:2,(anonymous_29)
FNDA:2,(anonymous_30)
FNDA:2,(anonymous_31)
FNDA:2,(anonymous_32)
FNDA:2,(anonymous_33)
FNDA:7,(anonymous_34)
FNDA:6,(anonymous_35)
FNDA:4,(anonymous_36)
FNDA:3,(anonymous_37)
FNDA:0,(anonymous_38)
FNDA:0,(anonymous_39)
FNDA:4,(anonymous_40)
FNDA:2,(anonymous_41)
FNDA:4,(anonymous_42)
FNDA:2,(anonymous_43)
FNDA:4,(anonymous_44)
FNDA:2,(anonymous_45)
FNDA:3,(anonymous_46)
FNDA:2,(anonymous_47)
FNDA:0,(anonymous_48)
FNDA:0,(anonymous_49)
FNDA:0,(anonymous_50)
FNDA:3,(anonymous_51)
FNDA:2,(anonymous_52)
FNDA:3,(anonymous_53)
FNDA:2,(anonymous_54)
FNDA:0,(anonymous_55)
FNDA:0,(anonymous_56)
FNDA:0,(anonymous_57)
FNDA:0,(anonymous_58)
FNDA:0,(anonymous_59)
FNDA:0,(anonymous_60)
FNDA:0,(anonymous_61)
FNDA:0,(anonymous_62)
FNDA:0,(anonymous_63)
FNDA:0,(anonymous_64)
FNDA:0,(anonymous_65)
FNDA:0,(anonymous_66)
FNDA:3,(anonymous_67)
FNDA:2,(anonymous_68)
FNDA:1,(anonymous_69)
FNDA:0,(anonymous_70)
FNDA:0,(anonymous_71)
FNDA:3,(anonymous_72)
FNDA:2,(anonymous_73)
FNDA:2,(anonymous_74)
FNDA:53,(anonymous_75)
FNDA:0,(anonymous_76)
FNDA:39,(anonymous_77)
FNDA:4,(anonymous_78)
FNDA:5,(anonymous_79)
FNDA:5,(anonymous_80)
FNDA:1,(anonymous_81)
FNDA:4,(anonymous_82)
FNDA:20,(anonymous_83)
FNDA:3,(anonymous_84)
FNDA:3,(anonymous_85)
FNDA:2,(anonymous_86)
FNDA:2,(anonymous_87)
FNDA:4,(anonymous_88)
FNDA:3,(anonymous_89)
FNDA:4,(anonymous_90)
FNDA:2,(anonymous_91)
FNDA:4,(anonymous_92)
FNDA:2,(anonymous_93)
FNDA:5,(anonymous_94)
FNDA:3,(anonymous_95)
FNDA:1,(anonymous_96)
FNDA:1,(anonymous_97)
FNDA:4,(anonymous_98)
FNDA:2,(anonymous_99)
FNDA:4,(anonymous_100)
FNDA:2,(anonymous_101)
FNDA:3,(anonymous_102)
FNDA:2,(anonymous_103)
FNDA:3,(anonymous_104)
FNDA:2,(anonymous_105)
FNDA:2,(anonymous_106)
FNDA:0,(anonymous_107)
FNDA:0,(anonymous_108)
FNDA:0,(anonymous_109)
FNDA:0,(anonymous_110)
FNDA:0,(anonymous_111)
FNDA:2,(anonymous_112)
FNDA:0,(anonymous_113)
FNDA:0,(anonymous_114)
FNDA:4,(anonymous_115)
FNDA:4,(anonymous_116)
FNDA:47,(anonymous_117)
FNDA:4,(anonymous_118)
FNDA:2,(anonymous_119)
FNDA:2,(anonymous_120)
FNDA:5,(anonymous_121)
FNDA:3,(anonymous_122)
FNDA:2,(anonymous_123)
FNDA:2,(anonymous_124)
DA:18,12
DA:19,12
DA:21,12
DA:22,12
DA:24,12
DA:25,12
DA:26,12
DA:27,12
DA:28,12
DA:29,12
DA:30,12
DA:31,12
DA:32,12
DA:73,12
DA:74,12
DA:77,12
DA:86,39
DA:87,3
DA:90,36
DA:91,36
DA:92,36
DA:94,36
DA:96,36
DA:97,36
DA:99,36
DA:101,36
DA:102,36
DA:103,36
DA:112,35
DA:113,35
DA:114,35
DA:121,4
DA:128,1
DA:135,2
DA:144,5
DA:158,3
DA:159,3
DA:162,3
DA:166,3
DA:168,3
DA:175,3
DA:176,0
DA:179,3
DA:180,3
DA:181,1
DA:183,2
DA:184,2
DA:186,2
DA:187,1
DA:188,1
DA:190,1
DA:193,1
DA:194,1
DA:214,4
DA:215,1
DA:216,3
DA:220,2
DA:222,1
DA:245,5
DA:248,5
DA:252,5
DA:254,5
DA:255,0
DA:258,5
DA:259,5
DA:261,5
DA:262,1
DA:265,5
DA:267,5
DA:268,1
DA:272,5
DA:276,5
DA:282,5
DA:283,0
DA:286,5
DA:287,1
DA:288,1
DA:291,0
DA:293,0
DA:294,0
DA:295,0
DA:296,0
DA:297,0
DA:299,0
DA:306,0
DA:307,0
DA:310,0
DA:312,0
DA:320,0
DA:321,0
DA:323,0
DA:325,0
DA:326,0
DA:328,0
DA:329,0
DA:331,0
DA:332,0
DA:335,0
DA:336,0
DA:340,0
DA:345,0
DA:346,0
DA:347,0
DA:348,0
DA:349,0
DA:350,0
DA:352,0
DA:356,0
DA:363,0
DA:364,0
DA:366,0
DA:369,0
DA:370,0
DA:373,0
DA:380,0
DA:384,0
DA:402,4
DA:403,4
DA:404,4
DA:405,4
DA:406,1
DA:407,1
DA:409,3
DA:412,3
DA:413,3
DA:414,0
DA:418,3
DA:422,3
DA:428,3
DA:429,1
DA:433,3
DA:434,2
DA:435,1
DA:437,1
DA:454,15
DA:455,15
DA:457,15
DA:458,1
DA:459,1
DA:462,14
DA:463,1
DA:464,1
DA:467,13
DA:468,1
DA:469,1
DA:472,12
DA:473,1
DA:474,1
DA:477,11
DA:478,1
DA:479,1
DA:482,10
DA:483,1
DA:485,1
DA:486,1
DA:487,1
DA:488,1
DA:490,1
DA:491,1
DA:494,1
DA:499,1
DA:500,1
DA:501,0
DA:506,1
DA:509,9
DA:510,1
DA:511,1
DA:512,1
DA:515,8
DA:518,8
DA:519,8
DA:522,8
DA:523,8
DA:524,1
DA:527,7
DA:531,7
DA:532,0
DA:535,7
DA:546,7
DA:547,7
DA:548,7
DA:550,7
DA:559,5
DA:560,2
DA:563,3
DA:565,3
DA:566,3
DA:567,2
DA:572,1
DA:575,7
DA:578,7
DA:602,4
DA:603,1
DA:605,3
DA:608,3
DA:610,3
DA:611,3
DA:612,3
DA:613,9
DA:618,3
DA:619,3
DA:620,3
DA:627,3
DA:628,0
DA:631,3
DA:635,2
DA:636,1
DA:638,1
DA:645,3
DA:660,8
DA:661,8
DA:663,8
DA:665,8
DA:666,8
DA:667,8
DA:669,8
DA:670,1
DA:673,8
DA:675,8
DA:682,8
DA:683,0
DA:685,8
DA:686,5
DA:687,2
DA:690,3
DA:692,3
DA:693,3
DA:695,3
DA:702,3
DA:703,1
DA:706,2
DA:708,2
DA:716,2
DA:717,2
DA:719,2
DA:721,2
DA:722,2
DA:724,2
DA:725,2
DA:726,2
DA:728,2
DA:734,2
DA:735,0
DA:738,2
DA:742,2
DA:743,0
DA:746,2
DA:749,2
DA:751,2
DA:754,2
DA:758,3
DA:780,2
DA:788,2
DA:789,0
DA:791,2
DA:792,2
DA:793,1
DA:795,1
DA:811,2
DA:812,2
DA:813,2
DA:815,2
DA:818,2
DA:819,2
DA:820,2
DA:823,2
DA:830,2
DA:831,0
DA:833,2
DA:834,2
DA:835,1
DA:838,1
DA:857,7
DA:858,7
DA:859,7
DA:860,7
DA:861,7
DA:862,0
DA:865,7
DA:866,0
DA:869,7
DA:876,7
DA:877,0
DA:880,7
DA:884,6
DA:885,1
DA:888,5
DA:890,5
DA:891,0
DA:892,0
DA:895,5
DA:898,5
DA:900,5
DA:901,1
DA:904,4
DA:907,4
DA:912,4
DA:913,1
DA:916,3
DA:927,3
DA:928,3
DA:930,3
DA:932,3
DA:945,3
DA:946,1
DA:949,2
DA:951,2
DA:952,2
DA:953,1
DA:958,1
DA:961,3
DA:964,4
DA:978,0
DA:979,0
DA:982,0
DA:991,0
DA:992,0
DA:994,0
DA:997,0
DA:1007,4
DA:1008,1
DA:1011,3
DA:1012,3
DA:1016,3
DA:1018,3
DA:1025,2
DA:1026,1
DA:1028,1
DA:1031,3
DA:1042,4
DA:1043,1
DA:1046,3
DA:1054,2
DA:1055,1
DA:1057,1
DA:1060,3
DA:1070,4
DA:1071,1
DA:1074,3
DA:1076,3
DA:1083,2
DA:1084,1
DA:1086,1
DA:1089,3
DA:1099,3
DA:1100,1
DA:1103,2
DA:1110,2
DA:1111,1
DA:1113,1
DA:1114,1
DA:1117,2
DA:1131,0
DA:1132,0
DA:1135,0
DA:1143,0
DA:1144,0
DA:1148,0
DA:1153,0
DA:1162,3
DA:1163,1
DA:1166,2
DA:1172,2
DA:1173,1
DA:1176,1
DA:1178,1
DA:1179,1
DA:1183,1
DA:1184,1
DA:1187,1
DA:1190,2
DA:1202,3
DA:1203,1
DA:1206,2
DA:1212,2
DA:1213,1
DA:1216,1
DA:1219,2
DA:1227,0
DA:1238,0
DA:1239,0
DA:1240,0
DA:1241,0
DA:1243,0
DA:1261,0
DA:1262,0
DA:1263,0
DA:1266,0
DA:1268,0
DA:1269,0
DA:1271,0
DA:1274,0
DA:1277,0
DA:1278,0
DA:1280,0
DA:1282,0
DA:1284,0
DA:1287,0
DA:1288,0
DA:1289,0
DA:1291,0
DA:1292,0
DA:1293,0
DA:1303,0
DA:1305,0
DA:1314,0
DA:1316,0
DA:1324,0
DA:1325,0
DA:1326,0
DA:1337,3
DA:1338,1
DA:1341,2
DA:1348,2
DA:1349,1
DA:1353,1
DA:1358,2
DA:1369,0
DA:1376,0
DA:1377,0
DA:1378,0
DA:1380,0
DA:1398,3
DA:1399,1
DA:1405,2
DA:1406,1
DA:1409,1
DA:1412,1
DA:1413,1
DA:1414,1
DA:1415,1
DA:1417,1
DA:1418,1
DA:1421,1
DA:1424,1
DA:1427,1
DA:1429,1
DA:1435,1
DA:1437,1
DA:1438,1
DA:1439,1
DA:1442,0
DA:1443,0
DA:1449,0
DA:1451,0
DA:1457,0
DA:1468,2
DA:1471,2
DA:1472,2
DA:1473,2
DA:1474,2
DA:1476,2
DA:1477,2
DA:1478,2
DA:1479,2
DA:1480,2
DA:1483,2
DA:1489,2
DA:1490,0
DA:1492,2
DA:1493,2
DA:1494,1
DA:1495,0
DA:1497,1
DA:1499,1
DA:1500,1
DA:1501,1
DA:1507,0
DA:1509,1
DA:1512,1
DA:1513,1
DA:1515,0
DA:1524,53
DA:1525,53
DA:1526,53
DA:1527,53
DA:1528,53
DA:1529,53
DA:1531,53
DA:1535,53
DA:1539,53
DA:1543,53
DA:1547,53
DA:1554,0
DA:1561,39
DA:1562,39
DA:1566,4
DA:1567,4
DA:1575,5
DA:1578,5
DA:1579,5
DA:1580,5
DA:1582,5
DA:1583,5
DA:1584,5
DA:1592,5
DA:1595,5
DA:1596,5
DA:1597,5
DA:1599,5
DA:1600,2
DA:1601,2
DA:1602,2
DA:1611,1
DA:1614,1
DA:1615,1
DA:1616,1
DA:1618,1
DA:1619,1
DA:1620,1
DA:1628,4
DA:1629,4
DA:1630,4
DA:1631,4
DA:1632,4
DA:1633,4
DA:1635,4
DA:1636,4
DA:1637,4
DA:1638,4
DA:1639,4
DA:1649,20
DA:1650,20
DA:1651,20
DA:1653,20
DA:1659,20
DA:1674,3
DA:1680,3
DA:1681,0
DA:1683,3
DA:1684,3
DA:1685,1
DA:1687,2
DA:1688,1
DA:1690,1
DA:1706,2
DA:1714,2
DA:1715,0
DA:1717,2
DA:1718,2
DA:1719,1
DA:1721,1
DA:1735,4
DA:1736,1
DA:1739,3
DA:1747,3
DA:1748,1
DA:1750,2
DA:1751,1
DA:1753,1
DA:1756,3
DA:1769,4
DA:1770,1
DA:1773,3
DA:1781,2
DA:1782,1
DA:1784,1
DA:1787,3
DA:1798,4
DA:1799,1
DA:1802,3
DA:1809,2
DA:1810,1
DA:1812,1
DA:1815,3
DA:1827,5
DA:1828,1
DA:1831,4
DA:1838,3
DA:1839,1
DA:1841,2
DA:1844,4
DA:1855,1
DA:1858,1
DA:1859,1
DA:1860,1
DA:1861,1
DA:1862,1
DA:1875,4
DA:1876,1
DA:1879,3
DA:1887,2
DA:1888,1
DA:1890,1
DA:1893,3
DA:1904,4
DA:1905,1
DA:1908,3
DA:1916,2
DA:1917,1
DA:1919,1
DA:1922,3
DA:1936,3
DA:1937,1
DA:1939,2
DA:1944,2
DA:1945,1
DA:1948,2
DA:1949,2
DA:1950,1
DA:1952,1
DA:1954,2
DA:1965,3
DA:1966,1
DA:1969,2
DA:1975,2
DA:1976,1
DA:1978,1
DA:1979,1
DA:1982,2
DA:1991,2
DA:1992,2
DA:1994,2
DA:1997,0
DA:1998,0
DA:1999,0
DA:2002,0
DA:2003,0
DA:2005,0
DA:2011,0
DA:2012,0
DA:2015,0
DA:2017,0
DA:2018,0
DA:2020,0
DA:2023,0
DA:2024,0
DA:2026,0
DA:2029,0
DA:2030,0
DA:2032,0
DA:2033,0
DA:2034,0
DA:2040,0
DA:2044,0
DA:2045,0
DA:2046,0
DA:2047,0
DA:2053,0
DA:2057,2
DA:2058,2
DA:2062,0
DA:2069,0
DA:2070,0
DA:2073,0
DA:2085,4
DA:2086,4
DA:2087,4
DA:2089,4
DA:2095,4
DA:2096,0
DA:2098,4
DA:2099,4
DA:2100,1
DA:2102,3
DA:2103,3
DA:2104,1
DA:2109,2
DA:2110,1
DA:2115,1
DA:2124,47
DA:2125,47
DA:2134,4
DA:2135,2
DA:2141,2
DA:2142,1
DA:2144,1
DA:2145,1
DA:2149,2
DA:2155,2
DA:2156,1
DA:2158,1
DA:2172,5
DA:2173,3
DA:2181,3
DA:2182,1
DA:2184,2
DA:2185,2
DA:2186,2
DA:2187,2
DA:2193,2
DA:2194,0
DA:2196,2
DA:2200,2
DA:2201,1
DA:2203,1
DA:2206,1
DA:2207,1
DA:2210,2
DA:2214,2
DA:2222,2
DA:2223,1
DA:2225,1
LF:693
LH:542
BRDA:74,0,0,12
BRDA:74,0,1,0
BRDA:86,1,0,3
BRDA:86,2,0,39
BRDA:86,2,1,39
BRDA:86,2,2,37
BRDA:90,3,0,36
BRDA:90,3,1,0
BRDA:99,4,0,36
BRDA:99,4,1,33
BRDA:162,5,0,0
BRDA:162,5,1,3
BRDA:175,6,0,0
BRDA:180,7,0,1
BRDA:186,8,0,1
BRDA:214,9,0,1
BRDA:214,9,1,3
BRDA:216,10,0,2
BRDA:217,11,0,3
BRDA:217,11,1,2
BRDA:254,12,0,0
BRDA:261,13,0,1
BRDA:267,14,0,1
BRDA:272,15,0,0
BRDA:272,15,1,5
BRDA:282,16,0,0
BRDA:287,17,0,1
BRDA:306,18,0,0
BRDA:331,19,0,0
BRDA:340,20,0,0
BRDA:341,21,0,0
BRDA:341,21,1,0
BRDA:341,21,2,0
BRDA:363,22,0,0
BRDA:369,23,0,0
BRDA:405,24,0,1
BRDA:413,25,0,0
BRDA:418,26,0,0
BRDA:418,26,1,3
BRDA:428,27,0,1
BRDA:434,28,0,1
BRDA:457,29,0,1
BRDA:462,30,0,1
BRDA:467,31,0,1
BRDA:472,32,0,1
BRDA:477,33,0,1
BRDA:482,34,0,1
BRDA:490,35,0,1
BRDA:499,36,0,1
BRDA:509,37,0,1
BRDA:523,38,0,1
BRDA:531,39,0,0
BRDA:559,40,0,2
BRDA:566,41,0,2
BRDA:602,42,0,1
BRDA:611,43,0,3
BRDA:627,44,0,0
BRDA:635,45,0,1
BRDA:669,46,0,1
BRDA:682,47,0,0
BRDA:686,48,0,2
BRDA:702,49,0,1
BRDA:734,50,0,0
BRDA:742,51,0,0
BRDA:788,52,0,0
BRDA:792,53,0,1
BRDA:819,54,0,2
BRDA:830,55,0,0
BRDA:834,56,0,1
BRDA:860,57,0,7
BRDA:860,57,1,0
BRDA:861,58,0,0
BRDA:865,59,0,0
BRDA:876,60,0,0
BRDA:884,61,0,1
BRDA:890,62,0,0
BRDA:900,63,0,1
BRDA:912,64,0,1
BRDA:945,65,0,1
BRDA:952,66,0,1
BRDA:978,67,0,0
BRDA:978,68,0,0
BRDA:978,68,1,0
BRDA:991,69,0,0
BRDA:1007,70,0,1
BRDA:1007,71,0,4
BRDA:1007,71,1,4
BRDA:1025,72,0,1
BRDA:1042,73,0,1
BRDA:1042,74,0,4
BRDA:1042,74,1,4
BRDA:1054,75,0,1
BRDA:1070,76,0,1
BRDA:1070,77,0,4
BRDA:1070,77,1,4
BRDA:1083,78,0,1
BRDA:1099,79,0,1
BRDA:1099,80,0,3
BRDA:1099,80,1,3
BRDA:1110,81,0,1
BRDA:1131,82,0,0
BRDA:1131,83,0,0
BRDA:1131,83,1,0
BRDA:1143,84,0,0
BRDA:1162,85,0,1
BRDA:1162,86,0,3
BRDA:1162,86,1,3
BRDA:1172,87,0,1
BRDA:1202,88,0,1
BRDA:1202,89,0,3
BRDA:1202,89,1,3
BRDA:1212,90,0,1
BRDA:1236,91,0,0
BRDA:1240,92,0,0
BRDA:1240,92,1,0
BRDA:1240,93,0,0
BRDA:1240,93,1,0
BRDA:1261,94,0,0
BRDA:1261,95,0,0
BRDA:1261,95,1,0
BRDA:1268,96,0,0
BRDA:1277,97,0,0
BRDA:1314,98,0,0
BRDA:1314,99,0,0
BRDA:1314,99,1,0
BRDA:1337,100,0,1
BRDA:1337,101,0,3
BRDA:1337,101,1,3
BRDA:1348,102,0,1
BRDA:1377,103,0,0
BRDA:1397,104,0,3
BRDA:1398,105,0,1
BRDA:1405,106,0,1
BRDA:1405,107,0,2
BRDA:1405,107,1,2
BRDA:1417,108,0,1
BRDA:1417,108,1,0
BRDA:1427,109,0,1
BRDA:1427,109,1,0
BRDA:1437,110,0,1
BRDA:1442,111,0,0
BRDA:1468,112,0,0
BRDA:1468,112,1,2
BRDA:1476,113,0,2
BRDA:1489,114,0,0
BRDA:1493,115,0,1
BRDA:1494,116,0,0
BRDA:1499,117,0,1
BRDA:1501,118,0,0
BRDA:1599,119,0,2
BRDA:1680,120,0,0
BRDA:1684,121,0,1
BRDA:1687,122,0,1
BRDA:1714,123,0,0
BRDA:1718,124,0,1
BRDA:1735,125,0,1
BRDA:1735,126,0,4
BRDA:1735,126,1,4
BRDA:1747,127,0,1
BRDA:1750,128,0,1
BRDA:1769,129,0,1
BRDA:1769,130,0,4
BRDA:1769,130,1,4
BRDA:1781,131,0,1
BRDA:1798,132,0,1
BRDA:1798,133,0,4
BRDA:1798,133,1,4
BRDA:1809,134,0,1
BRDA:1827,135,0,1
BRDA:1827,136,0,5
BRDA:1827,136,1,5
BRDA:1838,137,0,1
BRDA:1875,138,0,1
BRDA:1875,139,0,4
BRDA:1875,139,1,4
BRDA:1887,140,0,1
BRDA:1904,141,0,1
BRDA:1904,142,0,4
BRDA:1904,142,1,4
BRDA:1916,143,0,1
BRDA:1936,144,0,1
BRDA:1936,145,0,3
BRDA:1936,145,1,3
BRDA:1944,146,0,1
BRDA:1949,147,0,1
BRDA:1965,148,0,1
BRDA:1965,149,0,3
BRDA:1965,149,1,3
BRDA:1975,150,0,1
BRDA:1991,151,0,2
BRDA:1991,152,0,2
BRDA:1991,152,1,0
BRDA:1998,153,0,0
BRDA:2010,154,0,0
BRDA:2011,155,0,0
BRDA:2017,156,0,0
BRDA:2023,157,0,0
BRDA:2032,158,0,0
BRDA:2033,159,0,0
BRDA:2044,160,0,0
BRDA:2044,161,0,0
BRDA:2044,161,1,0
BRDA:2069,162,0,0
BRDA:2095,163,0,0
BRDA:2099,164,0,1
BRDA:2103,165,0,1
BRDA:2109,166,0,1
BRDA:2134,167,0,2
BRDA:2134,167,1,2
BRDA:2134,168,0,4
BRDA:2134,168,1,2
BRDA:2141,169,0,1
BRDA:2155,170,0,1
BRDA:2172,171,0,3
BRDA:2172,171,1,2
BRDA:2172,172,0,5
BRDA:2172,172,1,4
BRDA:2181,173,0,1
BRDA:2193,174,0,0
BRDA:2200,175,0,1
BRDA:2222,176,0,1
BRF:221
BRH:147
end_of_record
TN:
SF:src/CognitoUserAttribute.js
FN:25,(anonymous_0)
FN:33,(anonymous_1)
FN:42,(anonymous_2)
FN:50,(anonymous_3)
FN:59,(anonymous_4)
FN:67,(anonymous_5)
FN:74,(anonymous_6)
FNF:7
FNH:7
FNDA:5,(anonymous_0)
FNDA:3,(anonymous_1)
FNDA:2,(anonymous_2)
FNDA:3,(anonymous_3)
FNDA:2,(anonymous_4)
FNDA:1,(anonymous_5)
FNDA:2,(anonymous_6)
DA:19,12
DA:26,5
DA:27,5
DA:34,3
DA:43,2
DA:44,2
DA:51,3
DA:60,2
DA:61,2
DA:68,1
DA:75,2
LF:11
LH:11
BRDA:25,0,0,1
BRDA:26,1,0,5
BRDA:26,1,1,2
BRDA:27,2,0,5
BRDA:27,2,1,2
BRF:5
BRH:5
end_of_record
TN:
SF:src/CognitoUserPool.js
FN:40,(anonymous_1)
FN:78,(anonymous_2)
FN:85,(anonymous_3)
FN:105,(anonymous_4)
FN:129,(anonymous_5)
FN:156,(anonymous_6)
FN:181,(anonymous_7)
FNF:7
FNH:7
FNDA:5,(anonymous_1)
FNDA:19,(anonymous_2)
FNDA:157,(anonymous_3)
FNDA:2,(anonymous_4)
FNDA:2,(anonymous_5)
FNDA:2,(anonymous_6)
FNDA:50,(anonymous_7)
DA:18,12
DA:19,12
DA:20,12
DA:22,12
DA:25,12
DA:47,5
DA:48,5
DA:49,1
DA:51,4
DA:52,0
DA:54,4
DA:56,4
DA:57,4
DA:59,4
DA:65,4
DA:68,4
DA:70,4
DA:71,0
DA:79,19
DA:86,157
DA:114,2
DA:123,2
DA:124,0
DA:129,2
DA:130,2
DA:131,0
DA:134,2
DA:140,2
DA:147,2
DA:157,2
DA:159,2
DA:160,2
DA:161,1
DA:167,1
DA:170,1
DA:182,50
DA:183,50
DA:186,0
DA:189,0
DA:190,0
DA:195,0
DA:196,0
DA:199,0
DA:202,0
LF:44
LH:33
BRDA:47,0,0,5
BRDA:47,0,1,0
BRDA:48,1,0,1
BRDA:48,2,0,5
BRDA:48,2,1,4
BRDA:51,3,0,0
BRDA:51,4,0,4
BRDA:51,4,1,4
BRDA:68,5,0,4
BRDA:68,5,1,4
BRDA:70,6,0,0
BRDA:123,7,0,0
BRDA:130,8,0,0
BRDA:160,9,0,1
BRDA:182,10,0,50
BRDA:189,11,0,0
BRDA:195,12,0,0
BRF:17
BRH:10
end_of_record
TN:
SF:src/CognitoUserSession.js
FN:27,(anonymous_0)
FN:42,(anonymous_1)
FN:49,(anonymous_2)
FN:56,(anonymous_3)
FN:63,(anonymous_4)
FN:70,(anonymous_5)
FN:85,(anonymous_6)
FNF:7
FNH:7
FNDA:47,(anonymous_0)
FNDA:57,(anonymous_1)
FNDA:56,(anonymous_2)
FNDA:111,(anonymous_3)
FNDA:54,(anonymous_4)
FNDA:45,(anonymous_5)
FNDA:65,(anonymous_6)
DA:19,12
DA:28,47
DA:29,2
DA:32,45
DA:33,45
DA:34,45
DA:35,45
DA:43,57
DA:50,56
DA:57,111
DA:64,54
DA:71,45
DA:72,45
DA:77,45
DA:86,65
DA:87,65
DA:89,65
LF:17
LH:17
BRDA:27,0,0,0
BRDA:28,1,0,2
BRDA:28,2,0,47
BRDA:28,2,1,45
BRDA:36,3,0,44
BRDA:36,3,1,1
BRDA:90,4,0,65
BRDA:90,4,1,46
BRF:8
BRH:7
end_of_record
TN:
SF:src/CookieStorage.js
FN:14,(anonymous_6)
FN:58,(anonymous_7)
FN:80,(anonymous_8)
FN:89,(anonymous_9)
FN:109,(anonymous_10)
FNF:5
FNH:5
FNDA:6,(anonymous_6)
FNDA:3,(anonymous_7)
FNDA:3,(anonymous_8)
FNDA:5,(anonymous_9)
FNDA:1,(anonymous_10)
DA:1,12
DA:4,12
DA:15,6
DA:16,5
DA:18,1
DA:20,5
DA:21,2
DA:23,3
DA:25,5
DA:26,1
DA:28,4
DA:30,5
DA:31,2
DA:33,3
DA:35,5
DA:36,2
DA:37,1
DA:41,1
DA:42,1
DA:46,0
DA:48,3
DA:59,3
DA:66,3
DA:67,0
DA:70,3
DA:71,3
DA:81,3
DA:90,5
DA:97,5
DA:98,0
DA:101,5
DA:110,1
DA:111,1
DA:112,1
DA:113,5
DA:115,1
LF:36
LH:33
BRDA:15,0,0,5
BRDA:15,0,1,1
BRDA:20,1,0,2
BRDA:20,1,1,3
BRDA:25,2,0,1
BRDA:25,2,1,4
BRDA:30,3,0,2
BRDA:30,3,1,3
BRDA:35,4,0,2
BRDA:35,4,1,3
BRDA:36,5,0,1
BRDA:41,6,0,1
BRDA:41,7,0,1
BRDA:41,7,1,1
BRDA:66,8,0,0
BRDA:97,9,0,0
BRF:16
BRH:14
end_of_record
TN:
SF:src/DateHelper.js
FN:39,(anonymous_0)
FNF:1
FNH:1
FNDA:3,(anonymous_0)
DA:18,13
DA:32,13
DA:35,13
DA:40,3
DA:42,3
DA:43,3
DA:44,3
DA:46,3
DA:47,3
DA:48,1
DA:51,3
DA:52,3
DA:53,1
DA:56,3
DA:57,3
DA:58,3
DA:61,3
DA:64,3
DA:66,3
LF:19
LH:19
BRDA:47,0,0,1
BRDA:52,1,0,1
BRDA:57,2,0,3
BRF:3
BRH:3
end_of_record
TN:
SF:src/StorageHelper-rn.js
FN:31,(anonymous_1)
FN:43,(anonymous_2)
FN:54,(anonymous_3)
FN:63,(anonymous_4)
FN:73,(anonymous_5)
FN:74,(anonymous_6)
FN:76,(anonymous_7)
FN:77,(anonymous_8)
FN:79,(anonymous_9)
FN:100,(anonymous_10)
FN:108,(anonymous_11)
FNF:11
FNH:11
FNDA:2,(anonymous_1)
FNDA:3,(anonymous_2)
FNDA:1,(anonymous_3)
FNDA:1,(anonymous_4)
FNDA:3,(anonymous_5)
FNDA:3,(anonymous_6)
FNDA:1,(anonymous_7)
FNDA:2,(anonymous_8)
FNDA:1,(anonymous_9)
FNDA:4,(anonymous_10)
FNDA:10,(anonymous_11)
DA:18,4
DA:20,4
DA:21,4
DA:32,2
DA:33,2
DA:34,2
DA:44,3
DA:55,1
DA:56,1
DA:64,1
DA:65,1
DA:74,3
DA:75,3
DA:76,2
DA:77,2
DA:78,2
DA:79,1
DA:80,1
DA:81,1
DA:82,1
DA:83,1
DA:84,1
DA:86,1
DA:87,1
DA:89,2
DA:95,4
DA:101,4
DA:109,10
LF:28
LH:28
BRDA:44,0,0,2
BRDA:44,0,1,1
BRDA:75,1,0,1
BRDA:78,2,0,1
BRF:4
BRH:4
end_of_record
TN:
SF:src/StorageHelper.js
FN:28,(anonymous_0)
FN:39,(anonymous_1)
FN:50,(anonymous_2)
FN:58,(anonymous_3)
FN:70,(anonymous_4)
FN:84,(anonymous_5)
FNF:6
FNH:6
FNDA:1,(anonymous_0)
FNDA:2,(anonymous_1)
FNDA:1,(anonymous_2)
FNDA:1,(anonymous_3)
FNDA:44,(anonymous_4)
FNDA:44,(anonymous_5)
DA:18,13
DA:21,13
DA:29,1
DA:30,1
DA:40,2
DA:51,1
DA:59,1
DA:60,1
DA:65,13
DA:71,44
DA:72,44
DA:73,44
DA:74,38
DA:76,6
DA:85,44
LF:15
LH:15
BRDA:40,0,0,1
BRDA:40,0,1,1
BRF:2
BRH:2
end_of_record
TN:
SF:src/UserAgent.js
FN:3,UserAgent
FN:7,(anonymous_1)
FNF:2
FNH:2
FNDA:1,UserAgent
FNDA:6,(anonymous_1)
DA:1,14
DA:5,14
DA:7,14
DA:8,6
DA:9,1
DA:11,5
DA:15,2
DA:20,5
DA:21,2
DA:26,14
LF:10
LH:10
BRDA:8,0,0,1
BRDA:11,1,0,2
BRDA:12,2,0,5
BRDA:12,2,1,3
BRDA:20,3,0,2
BRDA:20,4,0,5
BRDA:20,4,1,3
BRF:7
BRH:7
end_of_record
TN:
SF:src/index.js
FN:18,(anonymous_1)
FN:19,(anonymous_2)
FN:20,(anonymous_3)
FN:21,(anonymous_4)
FN:22,(anonymous_5)
FN:23,(anonymous_6)
FN:24,(anonymous_7)
FN:25,(anonymous_8)
FN:26,(anonymous_9)
FN:27,(anonymous_10)
FN:28,(anonymous_11)
FN:29,(anonymous_12)
FN:30,(anonymous_13)
FNF:13
FNH:4
FNDA:0,(anonymous_1)
FNDA:0,(anonymous_2)
FNDA:22,(anonymous_3)
FNDA:22,(anonymous_4)
FNDA:22,(anonymous_5)
FNDA:0,(anonymous_6)
FNDA:0,(anonymous_7)
FNDA:0,(anonymous_8)
FNDA:24,(anonymous_9)
FNDA:0,(anonymous_10)
FNDA:0,(anonymous_11)
FNDA:0,(anonymous_12)
FNDA:0,(anonymous_13)
DA:18,12
DA:19,12
DA:20,34
DA:21,34
DA:22,34
DA:23,12
DA:24,12
DA:25,12
DA:26,36
DA:27,12
DA:28,12
DA:29,12
DA:30,12
LF:13
LH:13
BRF:0
BRH:0
end_of_record
